<?xml version="1.0" encoding="UTF-8"?>
<!-- Generated by org.testng.reporters.JUnitXMLReporter -->
<testsuite hostname="vprybeha-w10" ignored="0" name="Registration" tests="5" failures="2" timestamp="12 Feb 2019 17:25:23 GMT" time="1214.129" errors="0">
  <testcase name="Register_EntityUS" time="267.333" classname="UnitClassSet.Registration.test_RegistrationAllTypes">
    <failure type="SupportClasses.Exceptions.NewAssertError" message="Values don&amp;apos;t 2345678901 match with 1234567890 for positive test">
      <![CDATA[SupportClasses.Exceptions.NewAssertError: Values don't 2345678901 match with 1234567890 for positive test
at UnitClassSet.CheckAppearingError.AppearingError.EnterAndCheckValuePhone(AppearingError.java:133)
at UnitClassSet.Registration.Registration.Third_Step_For_Entity(Registration.java:378)
at UnitClassSet.Registration.Registration.ThirdStep(Registration.java:256)
at UnitClassSet.Registration.Registration.Register(Registration.java:69)
at UnitClassSet.Registration.test_RegistrationAllTypes.Register_EntityUS(test_RegistrationAllTypes.java:34)
at java.util.concurrent.ThreadPoolExecutor.runWorker(ThreadPoolExecutor.java:1149)
at java.util.concurrent.ThreadPoolExecutor$Worker.run(ThreadPoolExecutor.java:624)
at java.lang.Thread.run(Thread.java:748)
... Removed 10 stack frames]]>
    </failure>
  </testcase> <!-- Register_EntityUS -->
  <testcase name="Register_EntitynoUS" time="50.145" classname="UnitClassSet.Registration.test_RegistrationAllTypes">
    <failure type="org.openqa.selenium.WebDriverException" message="unknown error: Element &amp;lt;input type=&amp;quot;email&amp;quot; id=&amp;quot;registration_investor_email&amp;quot; name=&amp;quot;registration_investor[email]&amp;quot; required=&amp;quot;required&amp;quot; autocomplete=&amp;quot;off&amp;quot; class=&amp;quot;form-control&amp;quot; value=&amp;quot;prybeha&amp;quot;&amp;gt; is not clickable at point (756, 449). Other element would receive the click: &amp;lt;div class=&amp;quot;flex-center&amp;quot;&amp;gt;...&amp;lt;/div&amp;gt;
  (Session info: chrome=72.0.3626.96)
  (Driver info: chromedriver=2.46.628402 (536cd7adbad73a3783fdc2cab92ab2ba7ec361e1),platform=Windows NT 10.0.17763 x86_64) (WARNING: The server did not provide any stacktrace information)
Command duration or timeout: 0 milliseconds
Build info: version: &amp;apos;3.14.0&amp;apos;, revision: &amp;apos;aacccce0&amp;apos;, time: &amp;apos;2018-08-02T20:19:58.91Z&amp;apos;
System info: host: &amp;apos;VPRYBEHA-W10&amp;apos;, ip: &amp;apos;10.91.130.226&amp;apos;, os.name: &amp;apos;Windows 10&amp;apos;, os.arch: &amp;apos;amd64&amp;apos;, os.version: &amp;apos;10.0&amp;apos;, java.version: &amp;apos;1.8.0_191&amp;apos;
Driver info: org.openqa.selenium.chrome.ChromeDriver
Capabilities {acceptInsecureCerts: false, acceptSslCerts: false, applicationCacheEnabled: false, browserConnectionEnabled: false, browserName: chrome, chrome: {chromedriverVersion: 2.46.628402 (536cd7adbad73a..., userDataDir: C:\Users\vprybeha\AppData\L...}, cssSelectorsEnabled: true, databaseEnabled: false, goog:chromeOptions: {debuggerAddress: localhost:53319}, handlesAlerts: true, hasTouchScreen: false, javascriptEnabled: true, locationContextEnabled: true, mobileEmulationEnabled: false, nativeEvents: true, networkConnectionEnabled: false, pageLoadStrategy: normal, platform: XP, platformName: XP, proxy: Proxy(), rotatable: false, setWindowRect: true, strictFileInteractability: false, takesHeapSnapshot: true, takesScreenshot: true, timeouts: {implicit: 0, pageLoad: 300000, script: 30000}, unexpectedAlertBehaviour: ignore, unhandledPromptBehavior: ignore, version: 72.0.3626.96, webStorageEnabled: true}
Session ID: b97b50526090477c7025913da96fcdb7">
      <![CDATA[org.openqa.selenium.WebDriverException: unknown error: Element <input type="email" id="registration_investor_email" name="registration_investor[email]" required="required" autocomplete="off" class="form-control" value="prybeha"> is not clickable at point (756, 449). Other element would receive the click: <div class="flex-center">...</div>
  (Session info: chrome=72.0.3626.96)
  (Driver info: chromedriver=2.46.628402 (536cd7adbad73a3783fdc2cab92ab2ba7ec361e1),platform=Windows NT 10.0.17763 x86_64) (WARNING: The server did not provide any stacktrace information)
Command duration or timeout: 0 milliseconds
Build info: version: '3.14.0', revision: 'aacccce0', time: '2018-08-02T20:19:58.91Z'
System info: host: 'VPRYBEHA-W10', ip: '10.91.130.226', os.name: 'Windows 10', os.arch: 'amd64', os.version: '10.0', java.version: '1.8.0_191'
Driver info: org.openqa.selenium.chrome.ChromeDriver
Capabilities {acceptInsecureCerts: false, acceptSslCerts: false, applicationCacheEnabled: false, browserConnectionEnabled: false, browserName: chrome, chrome: {chromedriverVersion: 2.46.628402 (536cd7adbad73a..., userDataDir: C:\Users\vprybeha\AppData\L...}, cssSelectorsEnabled: true, databaseEnabled: false, goog:chromeOptions: {debuggerAddress: localhost:53319}, handlesAlerts: true, hasTouchScreen: false, javascriptEnabled: true, locationContextEnabled: true, mobileEmulationEnabled: false, nativeEvents: true, networkConnectionEnabled: false, pageLoadStrategy: normal, platform: XP, platformName: XP, proxy: Proxy(), rotatable: false, setWindowRect: true, strictFileInteractability: false, takesHeapSnapshot: true, takesScreenshot: true, timeouts: {implicit: 0, pageLoad: 300000, script: 30000}, unexpectedAlertBehaviour: ignore, unhandledPromptBehavior: ignore, version: 72.0.3626.96, webStorageEnabled: true}
Session ID: b97b50526090477c7025913da96fcdb7
at org.openqa.selenium.remote.ErrorHandler.createThrowable(ErrorHandler.java:214)
at org.openqa.selenium.remote.ErrorHandler.throwIfResponseFailed(ErrorHandler.java:166)
at org.openqa.selenium.remote.http.JsonHttpResponseCodec.reconstructValue(JsonHttpResponseCodec.java:40)
at org.openqa.selenium.remote.http.AbstractHttpResponseCodec.decode(AbstractHttpResponseCodec.java:80)
at org.openqa.selenium.remote.http.AbstractHttpResponseCodec.decode(AbstractHttpResponseCodec.java:44)
at org.openqa.selenium.remote.HttpCommandExecutor.execute(HttpCommandExecutor.java:158)
at org.openqa.selenium.remote.service.DriverCommandExecutor.execute(DriverCommandExecutor.java:83)
at org.openqa.selenium.remote.RemoteWebDriver.execute(RemoteWebDriver.java:548)
at org.openqa.selenium.remote.RemoteWebElement.execute(RemoteWebElement.java:276)
at org.openqa.selenium.remote.RemoteWebElement.click(RemoteWebElement.java:83)
at UnitClassSet.Field.EnterValue(Field.java:19)
at UnitClassSet.CheckAppearingError.AppearingError.EmailErrorCheck(AppearingError.java:51)
at UnitClassSet.Registration.Registration.FirstStep(Registration.java:137)
at UnitClassSet.Registration.Registration.Register(Registration.java:54)
at UnitClassSet.Registration.test_RegistrationAllTypes.Register_EntitynoUS(test_RegistrationAllTypes.java:39)
at java.util.concurrent.ThreadPoolExecutor.runWorker(ThreadPoolExecutor.java:1149)
at java.util.concurrent.ThreadPoolExecutor$Worker.run(ThreadPoolExecutor.java:624)
at java.lang.Thread.run(Thread.java:748)
... Removed 14 stack frames]]>
    </failure>
  </testcase> <!-- Register_EntitynoUS -->
  <testcase name="Register_IndividualUS" time="287.591" classname="UnitClassSet.Registration.test_RegistrationAllTypes"/>
  <testcase name="Register_IndividualUSnoAccredited" time="315.352" classname="UnitClassSet.Registration.test_RegistrationAllTypes"/>
  <testcase name="Register_IndividualnoUS" time="273.045" classname="UnitClassSet.Registration.test_RegistrationAllTypes"/>
</testsuite> <!-- Registration -->
