<?xml version="1.0" encoding="UTF-8"?>
<!-- Generated by org.testng.reporters.JUnitXMLReporter -->
<testsuite hostname="vprybeha-w10" ignored="14" name="Static Pages Tests" tests="86" failures="1" timestamp="07 Mar 2019 16:45:40 GMT" time="2228.607" errors="0">
  <testcase name="MainPage_BodyButtons" time="23.16" classname="UnitClassSet.StaticPages.test_MainPage"/>
  <testcase name="MainPage_FooterLinks" time="35.174" classname="UnitClassSet.StaticPages.test_MainPage"/>
  <testcase name="MainPage_HeaderAndFooterSeriesOneLogoButton" time="6.047" classname="UnitClassSet.StaticPages.test_MainPage"/>
  <testcase name="MainPage_HeaderButtons" time="28.009" classname="UnitClassSet.StaticPages.test_MainPage"/>
  <testcase name="MainPage_SignUpAndLogin" time="6.971" classname="UnitClassSet.StaticPages.test_MainPage"/>
  <testcase name="MainPage_SocialMediaIcons" time="23.353" classname="UnitClassSet.StaticPages.test_MainPage"/>
  <testcase name="MainPage_Title" time="3.81" classname="UnitClassSet.StaticPages.test_MainPage"/>
  <testcase name="BrowseDealsPage_Body" time="17.944" classname="UnitClassSet.StaticPages.test_BrowseDealsPage"/>
  <testcase name="BrowseDealsPage_CheckDealsPage" time="26.113" classname="UnitClassSet.StaticPages.test_BrowseDealsPage"/>
  <testcase name="BrowseDealsPage_FooterLinks" time="37.795" classname="UnitClassSet.StaticPages.test_BrowseDealsPage"/>
  <testcase name="BrowseDealsPage_HeaderButtons" time="23.631" classname="UnitClassSet.StaticPages.test_BrowseDealsPage"/>
  <testcase name="BrowseDealsPage_SignUpAndLogin" time="12.561" classname="UnitClassSet.StaticPages.test_BrowseDealsPage"/>
  <testcase name="BrowseDealsPage_SocialMediaIcons" time="29.753" classname="UnitClassSet.StaticPages.test_BrowseDealsPage"/>
  <testcase name="BrowseDealsPage_Title" time="8.711" classname="UnitClassSet.StaticPages.test_BrowseDealsPage"/>
  <testcase name="RaiseFundsPage_Body" time="17.256" classname="UnitClassSet.StaticPages.test_RaiseFundsPage"/>
  <testcase name="RaiseFundsPage_FooterLinks" time="32.724" classname="UnitClassSet.StaticPages.test_RaiseFundsPage"/>
  <testcase name="RaiseFundsPage_HeaderButtons" time="22.172" classname="UnitClassSet.StaticPages.test_RaiseFundsPage"/>
  <testcase name="RaiseFundsPage_SignUpAndLogin" time="6.468" classname="UnitClassSet.StaticPages.test_RaiseFundsPage"/>
  <testcase name="RaiseFundsPage_SocialMediaIcons" time="22.056" classname="UnitClassSet.StaticPages.test_RaiseFundsPage"/>
  <testcase name="RaiseFundsPage_Title" time="1.601" classname="UnitClassSet.StaticPages.test_RaiseFundsPage"/>
  <testcase name="LicensePlatformPage_Body" time="18.353" classname="UnitClassSet.StaticPages.test_LicensePlatformPage"/>
  <testcase name="LicensePlatformPage_FooterLinks" time="42.995" classname="UnitClassSet.StaticPages.test_LicensePlatformPage"/>
  <testcase name="LicensePlatformPage_HeaderButtons" time="20.169" classname="UnitClassSet.StaticPages.test_LicensePlatformPage"/>
  <testcase name="LicensePlatformPage_SignUpAndLogin" time="5.824" classname="UnitClassSet.StaticPages.test_LicensePlatformPage"/>
  <testcase name="LicensePlatformPage_SocialMediaIcons" time="22.537" classname="UnitClassSet.StaticPages.test_LicensePlatformPage"/>
  <testcase name="LicensePlatformPage_Title" time="1.628" classname="UnitClassSet.StaticPages.test_LicensePlatformPage"/>
  <testcase name="AboutInvestingPage_Body" time="17.733" classname="UnitClassSet.StaticPages.test_AboutInvestingPage"/>
  <testcase name="AboutInvestingPage_FooterLinks" time="32.02" classname="UnitClassSet.StaticPages.test_AboutInvestingPage"/>
  <testcase name="AboutInvestingPage_HeaderButtons" time="20.47" classname="UnitClassSet.StaticPages.test_AboutInvestingPage"/>
  <testcase name="AboutInvestingPage_SignUpAndLogin" time="5.762" classname="UnitClassSet.StaticPages.test_AboutInvestingPage"/>
  <testcase name="DigitalSecurityOfferingsPage_Body" time="21.931" classname="UnitClassSet.StaticPages.test_DigitalSecurityOfferingsPage"/>
  <testcase name="DigitalSecurityOfferingsPage_FooterLinks" time="31.65" classname="UnitClassSet.StaticPages.test_DigitalSecurityOfferingsPage"/>
  <testcase name="DigitalSecurityOfferingsPage_HeaderButtons" time="25.355" classname="UnitClassSet.StaticPages.test_DigitalSecurityOfferingsPage"/>
  <testcase name="DigitalSecurityOfferingsPage_SignUpAndLogin" time="5.995" classname="UnitClassSet.StaticPages.test_DigitalSecurityOfferingsPage"/>
  <testcase name="DigitalSecurityOfferingsPage_SocialMediaIcons" time="38.194" classname="UnitClassSet.StaticPages.test_DigitalSecurityOfferingsPage"/>
  <testcase name="DigitalSecurityOfferingsPage_Title" time="1.615" classname="UnitClassSet.StaticPages.test_DigitalSecurityOfferingsPage"/>
  <testcase name="ContactUsPage_Body" time="3.01" classname="UnitClassSet.StaticPages.test_ContactUsPage"/>
  <testcase name="ContactUsPage_FooterLinks" time="31.39" classname="UnitClassSet.StaticPages.test_ContactUsPage"/>
  <testcase name="ContactUsPage_HeaderButtons" time="23.2" classname="UnitClassSet.StaticPages.test_ContactUsPage"/>
  <testcase name="ContactUsPage_SignUpAndLogin" time="4.636" classname="UnitClassSet.StaticPages.test_ContactUsPage"/>
  <testcase name="ContactUsPage_SocialMediaIcons" time="23.221" classname="UnitClassSet.StaticPages.test_ContactUsPage"/>
  <testcase name="ContactUsPage_Title" time="2.411" classname="UnitClassSet.StaticPages.test_ContactUsPage"/>
  <testcase name="AboutUsPage_FooterLinks" time="31.128" classname="UnitClassSet.StaticPages.test_AboutUsPage"/>
  <testcase name="AboutUsPage_HeaderButtons" time="21.648" classname="UnitClassSet.StaticPages.test_AboutUsPage"/>
  <testcase name="AboutUsPage_SignUpAndLogin" time="10.979" classname="UnitClassSet.StaticPages.test_AboutUsPage"/>
  <testcase name="AboutUsPage_SocialMediaIcons" time="23.587" classname="UnitClassSet.StaticPages.test_AboutUsPage"/>
  <testcase name="AboutUsPage_Title" time="2.757" classname="UnitClassSet.StaticPages.test_AboutUsPage"/>
  <testcase name="BlogPage_Body" time="10.284" classname="UnitClassSet.StaticPages.test_BlogPage"/>
  <testcase name="BlogPage_FooterLinks" time="43.018" classname="UnitClassSet.StaticPages.test_BlogPage"/>
  <testcase name="BlogPage_HeaderButtons" time="30.673" classname="UnitClassSet.StaticPages.test_BlogPage"/>
  <testcase name="BlogPage_SignUpAndLogin" time="5.618" classname="UnitClassSet.StaticPages.test_BlogPage"/>
  <testcase name="BlogPage_SocialMediaIcons" time="30.595" classname="UnitClassSet.StaticPages.test_BlogPage"/>
  <testcase name="BlogPage_Title" time="1.832" classname="UnitClassSet.StaticPages.test_BlogPage"/>
  <testcase name="InvestorsQuestionsPage_Body" time="6.482" classname="UnitClassSet.StaticPages.test_InvestorsQuestionsPage"/>
  <testcase name="InvestorsQuestionsPage_FooterLinks" time="36.289" classname="UnitClassSet.StaticPages.test_InvestorsQuestionsPage"/>
  <testcase name="InvestorsQuestionsPage_HeaderButtons" time="26.426" classname="UnitClassSet.StaticPages.test_InvestorsQuestionsPage"/>
  <testcase name="InvestorsQuestionsPage_SignUpAndLogin" time="5.949" classname="UnitClassSet.StaticPages.test_InvestorsQuestionsPage"/>
  <testcase name="InvestorsQuestionsPage_SocialMediaIcons" time="22.708" classname="UnitClassSet.StaticPages.test_InvestorsQuestionsPage"/>
  <testcase name="InvestorsQuestionsPage_Title" time="1.742" classname="UnitClassSet.StaticPages.test_InvestorsQuestionsPage"/>
  <testcase name="BusinessQuestionsPage_Body" time="7.1" classname="UnitClassSet.StaticPages.test_BusinessQuestionsPage"/>
  <testcase name="BusinessQuestionsPage_FooterLinks" time="35.162" classname="UnitClassSet.StaticPages.test_BusinessQuestionsPage"/>
  <testcase name="BusinessQuestionsPage_HeaderButtons" time="21.565" classname="UnitClassSet.StaticPages.test_BusinessQuestionsPage"/>
  <testcase name="BusinessQuestionsPage_SignUpAndLogin" time="5.497" classname="UnitClassSet.StaticPages.test_BusinessQuestionsPage"/>
  <testcase name="BusinessQuestionsPage_SocialMediaIcons" time="44.189" classname="UnitClassSet.StaticPages.test_BusinessQuestionsPage"/>
  <testcase name="BusinessQuestionsPage_Title" time="2.029" classname="UnitClassSet.StaticPages.test_BusinessQuestionsPage"/>
  <testcase name="EducationResourcesPage_Body" time="4.885" classname="UnitClassSet.StaticPages.test_EducationResourcesPage"/>
  <testcase name="EducationResourcesPage_FooterLinks" time="32.074" classname="UnitClassSet.StaticPages.test_EducationResourcesPage">
    <failure type="org.openqa.selenium.InvalidSelectorException" message="invalid selector: Unable to locate an element with the xpath expression /html/body/div[2]/div[3]/footer/div[2]/div/div/a[1]1] because of the following error:
SyntaxError: Failed to execute &amp;apos;evaluate&amp;apos; on &amp;apos;Document&amp;apos;: The string &amp;apos;/html/body/div[2]/div[3]/footer/div[2]/div/div/a[1]1]&amp;apos; is not a valid XPath expression.
  (Session info: chrome=72.0.3626.121)
  (Driver info: chromedriver=2.46.628402 (536cd7adbad73a3783fdc2cab92ab2ba7ec361e1),platform=Windows NT 10.0.17763 x86_64) (WARNING: The server did not provide any stacktrace information)
Command duration or timeout: 0 milliseconds
For documentation on this error, please visit: http://seleniumhq.org/exceptions/invalid_selector_exception.html
Build info: version: &amp;apos;3.14.0&amp;apos;, revision: &amp;apos;aacccce0&amp;apos;, time: &amp;apos;2018-08-02T20:19:58.91Z&amp;apos;
System info: host: &amp;apos;VPRYBEHA-W10&amp;apos;, ip: &amp;apos;10.91.130.113&amp;apos;, os.name: &amp;apos;Windows 10&amp;apos;, os.arch: &amp;apos;amd64&amp;apos;, os.version: &amp;apos;10.0&amp;apos;, java.version: &amp;apos;1.8.0_191&amp;apos;
Driver info: org.openqa.selenium.chrome.ChromeDriver
Capabilities {acceptInsecureCerts: false, acceptSslCerts: false, applicationCacheEnabled: false, browserConnectionEnabled: false, browserName: chrome, chrome: {chromedriverVersion: 2.46.628402 (536cd7adbad73a..., userDataDir: D:\Share\vprybeha\Trash\sco...}, cssSelectorsEnabled: true, databaseEnabled: false, goog:chromeOptions: {debuggerAddress: localhost:60862}, handlesAlerts: true, hasTouchScreen: false, javascriptEnabled: true, locationContextEnabled: true, mobileEmulationEnabled: false, nativeEvents: true, networkConnectionEnabled: false, pageLoadStrategy: normal, platform: XP, platformName: XP, proxy: Proxy(), rotatable: false, setWindowRect: true, strictFileInteractability: false, takesHeapSnapshot: true, takesScreenshot: true, timeouts: {implicit: 0, pageLoad: 300000, script: 30000}, unexpectedAlertBehaviour: ignore, unhandledPromptBehavior: ignore, version: 72.0.3626.121, webStorageEnabled: true}
Session ID: b7c018d5af3869e9a4537f1f3c0062c2
*** Element info: {Using=xpath, value=/html/body/div[2]/div[3]/footer/div[2]/div/div/a[1]1]}">
      <![CDATA[org.openqa.selenium.InvalidSelectorException: invalid selector: Unable to locate an element with the xpath expression /html/body/div[2]/div[3]/footer/div[2]/div/div/a[1]1] because of the following error:
SyntaxError: Failed to execute 'evaluate' on 'Document': The string '/html/body/div[2]/div[3]/footer/div[2]/div/div/a[1]1]' is not a valid XPath expression.
  (Session info: chrome=72.0.3626.121)
  (Driver info: chromedriver=2.46.628402 (536cd7adbad73a3783fdc2cab92ab2ba7ec361e1),platform=Windows NT 10.0.17763 x86_64) (WARNING: The server did not provide any stacktrace information)
Command duration or timeout: 0 milliseconds
For documentation on this error, please visit: http://seleniumhq.org/exceptions/invalid_selector_exception.html
Build info: version: '3.14.0', revision: 'aacccce0', time: '2018-08-02T20:19:58.91Z'
System info: host: 'VPRYBEHA-W10', ip: '10.91.130.113', os.name: 'Windows 10', os.arch: 'amd64', os.version: '10.0', java.version: '1.8.0_191'
Driver info: org.openqa.selenium.chrome.ChromeDriver
Capabilities {acceptInsecureCerts: false, acceptSslCerts: false, applicationCacheEnabled: false, browserConnectionEnabled: false, browserName: chrome, chrome: {chromedriverVersion: 2.46.628402 (536cd7adbad73a..., userDataDir: D:\Share\vprybeha\Trash\sco...}, cssSelectorsEnabled: true, databaseEnabled: false, goog:chromeOptions: {debuggerAddress: localhost:60862}, handlesAlerts: true, hasTouchScreen: false, javascriptEnabled: true, locationContextEnabled: true, mobileEmulationEnabled: false, nativeEvents: true, networkConnectionEnabled: false, pageLoadStrategy: normal, platform: XP, platformName: XP, proxy: Proxy(), rotatable: false, setWindowRect: true, strictFileInteractability: false, takesHeapSnapshot: true, takesScreenshot: true, timeouts: {implicit: 0, pageLoad: 300000, script: 30000}, unexpectedAlertBehaviour: ignore, unhandledPromptBehavior: ignore, version: 72.0.3626.121, webStorageEnabled: true}
Session ID: b7c018d5af3869e9a4537f1f3c0062c2
*** Element info: {Using=xpath, value=/html/body/div[2]/div[3]/footer/div[2]/div/div/a[1]1]}
at org.openqa.selenium.remote.ErrorHandler.createThrowable(ErrorHandler.java:214)
at org.openqa.selenium.remote.ErrorHandler.throwIfResponseFailed(ErrorHandler.java:166)
at org.openqa.selenium.remote.http.JsonHttpResponseCodec.reconstructValue(JsonHttpResponseCodec.java:40)
at org.openqa.selenium.remote.http.AbstractHttpResponseCodec.decode(AbstractHttpResponseCodec.java:80)
at org.openqa.selenium.remote.http.AbstractHttpResponseCodec.decode(AbstractHttpResponseCodec.java:44)
at org.openqa.selenium.remote.HttpCommandExecutor.execute(HttpCommandExecutor.java:158)
at org.openqa.selenium.remote.service.DriverCommandExecutor.execute(DriverCommandExecutor.java:83)
at org.openqa.selenium.remote.RemoteWebDriver.execute(RemoteWebDriver.java:548)
at org.openqa.selenium.remote.RemoteWebDriver.findElement(RemoteWebDriver.java:322)
at org.openqa.selenium.remote.RemoteWebDriver.findElementByXPath(RemoteWebDriver.java:424)
at org.openqa.selenium.By$ByXPath.findElement(By.java:353)
at org.openqa.selenium.remote.RemoteWebDriver.findElement(RemoteWebDriver.java:314)
at UnitClassSet.StaticPages.CheckLink.CheckLinkURL(CheckLink.java:11)
at UnitClassSet.StaticPages.FooterLinks.LinksCheck(FooterLinks.java:88)
at UnitClassSet.StaticPages.test_EducationResourcesPage.EducationResourcesPage_FooterLinks(test_EducationResourcesPage.java:89)
at java.util.concurrent.ThreadPoolExecutor.runWorker(ThreadPoolExecutor.java:1149)
at java.util.concurrent.ThreadPoolExecutor$Worker.run(ThreadPoolExecutor.java:624)
at java.lang.Thread.run(Thread.java:748)
... Removed 14 stack frames]]>
    </failure>
  </testcase> <!-- EducationResourcesPage_FooterLinks -->
  <testcase name="EducationResourcesPage_HeaderButtons" time="25.361" classname="UnitClassSet.StaticPages.test_EducationResourcesPage"/>
  <testcase name="EducationResourcesPage_SignUpAndLogin" time="5.943" classname="UnitClassSet.StaticPages.test_EducationResourcesPage"/>
  <testcase name="EducationResourcesPage_SocialMediaIcons" time="23.487" classname="UnitClassSet.StaticPages.test_EducationResourcesPage"/>
  <testcase name="EducationResourcesPage_Title" time="1.561" classname="UnitClassSet.StaticPages.test_EducationResourcesPage"/>
  <testcase name="ImportantDisclaimerPage_FooterLinks" time="30.869" classname="UnitClassSet.StaticPages.test_ImportantDisclaimerPage"/>
  <testcase name="ImportantDisclaimerPage_HeaderButtons" time="22.097" classname="UnitClassSet.StaticPages.test_ImportantDisclaimerPage"/>
  <testcase name="ImportantDisclaimerPage_SignUpAndLogin" time="5.116" classname="UnitClassSet.StaticPages.test_ImportantDisclaimerPage"/>
  <testcase name="ImportantDisclaimerPage_SocialMediaIcons" time="23.729" classname="UnitClassSet.StaticPages.test_ImportantDisclaimerPage"/>
  <testcase name="ImportantDisclaimerPage_Title" time="2.827" classname="UnitClassSet.StaticPages.test_ImportantDisclaimerPage"/>
  <testcase name="TermsOfUsePage_FooterLinks" time="39.496" classname="UnitClassSet.StaticPages.test_TermsOfUsePage"/>
  <testcase name="TermsOfUsePage_HeaderButtons" time="23.869" classname="UnitClassSet.StaticPages.test_TermsOfUsePage"/>
  <testcase name="TermsOfUsePage_SignUpAndLogin" time="12.606" classname="UnitClassSet.StaticPages.test_TermsOfUsePage"/>
  <testcase name="TermsOfUsePage_SocialMediaIcons" time="23.594" classname="UnitClassSet.StaticPages.test_TermsOfUsePage"/>
  <testcase name="TermsOfUsePage_Title" time="4.124" classname="UnitClassSet.StaticPages.test_TermsOfUsePage"/>
  <testcase name="PrivacyPolicyPage_FooterLinks" time="41.796" classname="UnitClassSet.StaticPages.test_PrivacyPolicyPage"/>
  <testcase name="PrivacyPolicyPage_HeaderButtons" time="28.096" classname="UnitClassSet.StaticPages.test_PrivacyPolicyPage"/>
  <testcase name="PrivacyPolicyPage_SignUpAndLogin" time="21.021" classname="UnitClassSet.StaticPages.test_PrivacyPolicyPage"/>
  <testcase name="PrivacyPolicyPage_SocialMediaIcons" time="24.441" classname="UnitClassSet.StaticPages.test_PrivacyPolicyPage"/>
  <testcase name="PrivacyPolicyPage_Title" time="2.889" classname="UnitClassSet.StaticPages.test_PrivacyPolicyPage"/>
  <testcase name="@BeforeSuite test" time="0.0" classname="SupportClasses.SetupClass.SetupClass">
    <ignored/>
  </testcase> <!-- @BeforeSuite test -->
  <testcase name="@BeforeSuite test" time="0.0" classname="SupportClasses.SetupClass.SetupClass">
    <ignored/>
  </testcase> <!-- @BeforeSuite test -->
  <testcase name="@BeforeSuite test" time="0.0" classname="SupportClasses.SetupClass.SetupClass">
    <ignored/>
  </testcase> <!-- @BeforeSuite test -->
  <testcase name="@BeforeSuite test" time="0.0" classname="SupportClasses.SetupClass.SetupClass">
    <ignored/>
  </testcase> <!-- @BeforeSuite test -->
  <testcase name="@BeforeSuite test" time="0.0" classname="SupportClasses.SetupClass.SetupClass">
    <ignored/>
  </testcase> <!-- @BeforeSuite test -->
  <testcase name="@BeforeSuite test" time="0.0" classname="SupportClasses.SetupClass.SetupClass">
    <ignored/>
  </testcase> <!-- @BeforeSuite test -->
  <testcase name="@BeforeSuite test" time="0.0" classname="SupportClasses.SetupClass.SetupClass">
    <ignored/>
  </testcase> <!-- @BeforeSuite test -->
  <testcase name="@BeforeSuite test" time="0.0" classname="SupportClasses.SetupClass.SetupClass">
    <ignored/>
  </testcase> <!-- @BeforeSuite test -->
  <testcase name="@BeforeSuite test" time="0.0" classname="SupportClasses.SetupClass.SetupClass">
    <ignored/>
  </testcase> <!-- @BeforeSuite test -->
  <testcase name="@BeforeSuite test" time="0.0" classname="SupportClasses.SetupClass.SetupClass">
    <ignored/>
  </testcase> <!-- @BeforeSuite test -->
  <testcase name="@BeforeSuite test" time="0.0" classname="SupportClasses.SetupClass.SetupClass">
    <ignored/>
  </testcase> <!-- @BeforeSuite test -->
  <testcase name="@BeforeSuite test" time="0.0" classname="SupportClasses.SetupClass.SetupClass">
    <ignored/>
  </testcase> <!-- @BeforeSuite test -->
  <testcase name="@BeforeSuite test" time="0.0" classname="SupportClasses.SetupClass.SetupClass">
    <ignored/>
  </testcase> <!-- @BeforeSuite test -->
  <testcase name="@BeforeSuite test" time="0.0" classname="SupportClasses.SetupClass.SetupClass">
    <ignored/>
  </testcase> <!-- @BeforeSuite test -->
</testsuite> <!-- Static Pages Tests -->
