<?xml version="1.0" encoding="UTF-8" standalone="yes"?>
<ns2:test-suite start="1551974911965" stop="1551977140660" version="1.5.4" xmlns:ns2="urn:model.allure.qatools.yandex.ru">
    <name>Sone tests : Static Pages Tests</name>
    <title>Sone tests : Static Pages Tests</title>
    <test-cases>
        <test-case start="1551974917590" stop="1551974940684" status="passed">
            <name>MainPage_BodyButtons</name>
            <steps>
                <step start="1551974932986" stop="1551974932987" status="passed">
                    <name>log[Button Browse deals works correctly]</name>
                    <title>Button Browse deals works correctly</title>
                    <attachments/>
                    <steps/>
                </step>
                <step start="1551974936013" stop="1551974936013" status="passed">
                    <name>log[Button Browse deals works correctly]</name>
                    <title>Button Browse deals works correctly</title>
                    <attachments/>
                    <steps/>
                </step>
                <step start="1551974937606" stop="1551974937606" status="passed">
                    <name>log[Button Sign Up works correctly]</name>
                    <title>Button Sign Up works correctly</title>
                    <attachments/>
                    <steps/>
                </step>
                <step start="1551974938957" stop="1551974938958" status="passed">
                    <name>log[Button Start Raising Funds works correctly]</name>
                    <title>Button Start Raising Funds works correctly</title>
                    <attachments/>
                    <steps/>
                </step>
                <step start="1551974940677" stop="1551974940677" status="passed">
                    <name>log[Button Start Investing works correctly]</name>
                    <title>Button Start Investing works correctly</title>
                    <attachments/>
                    <steps/>
                </step>
            </steps>
            <attachments/>
            <labels>
                <label name="testSuite" value="Sone tests"/>
                <label name="testGroup" value="Static Pages Tests"/>
                <label name="testClass" value="UnitClassSet.StaticPages.test_MainPage"/>
                <label name="testMethod" value="MainPage_BodyButtons"/>
                <label name="host" value="vprybeha-w10"/>
                <label name="thread" value="1420@vprybeha-w10.TestNG-test=Static Pages Tests-1(14)"/>
            </labels>
        </test-case>
        <test-case start="1551974944693" stop="1551974979866" status="passed">
            <name>MainPage_FooterLinks</name>
            <steps>
                <step start="1551974949578" stop="1551974949578" status="passed">
                    <name>log[Button About Us works correctly]</name>
                    <title>Button About Us works correctly</title>
                    <attachments/>
                    <steps/>
                </step>
                <step start="1551974951658" stop="1551974951658" status="passed">
                    <name>log[Button Blog works correctly]</name>
                    <title>Button Blog works correctly</title>
                    <attachments/>
                    <steps/>
                </step>
                <step start="1551974953672" stop="1551974953672" status="passed">
                    <name>log[Button Contact Us works correctly]</name>
                    <title>Button Contact Us works correctly</title>
                    <attachments/>
                    <steps/>
                </step>
                <step start="1551974961287" stop="1551974961287" status="passed">
                    <name>log[Button Browse deals works correctly]</name>
                    <title>Button Browse deals works correctly</title>
                    <attachments/>
                    <steps/>
                </step>
                <step start="1551974963250" stop="1551974963250" status="passed">
                    <name>log[Button About Investing works correctly]</name>
                    <title>Button About Investing works correctly</title>
                    <attachments/>
                    <steps/>
                </step>
                <step start="1551974965134" stop="1551974965134" status="passed">
                    <name>log[Button Investor Questions works correctly]</name>
                    <title>Button Investor Questions works correctly</title>
                    <attachments/>
                    <steps/>
                </step>
                <step start="1551974967223" stop="1551974967223" status="passed">
                    <name>log[Button Raise Funds works correctly]</name>
                    <title>Button Raise Funds works correctly</title>
                    <attachments/>
                    <steps/>
                </step>
                <step start="1551974968806" stop="1551974968806" status="passed">
                    <name>log[Button Business Questions works correctly]</name>
                    <title>Button Business Questions works correctly</title>
                    <attachments/>
                    <steps/>
                </step>
                <step start="1551974970621" stop="1551974970621" status="passed">
                    <name>log[Button License Platform works correctly]</name>
                    <title>Button License Platform works correctly</title>
                    <attachments/>
                    <steps/>
                </step>
                <step start="1551974972362" stop="1551974972362" status="passed">
                    <name>log[Button FAQs &amp; Educations works correctly]</name>
                    <title>Button FAQs &amp; Educations works correctly</title>
                    <attachments/>
                    <steps/>
                </step>
                <step start="1551974974375" stop="1551974974375" status="passed">
                    <name>log[Button Important Disclaimer works correctly]</name>
                    <title>Button Important Disclaimer works correctly</title>
                    <attachments/>
                    <steps/>
                </step>
                <step start="1551974976100" stop="1551974976100" status="passed">
                    <name>log[Button Digital Security Offerings works correctly]</name>
                    <title>Button Digital Security Offerings works correctly</title>
                    <attachments/>
                    <steps/>
                </step>
                <step start="1551974978123" stop="1551974978124" status="passed">
                    <name>log[Button Terms of Use works correctly]</name>
                    <title>Button Terms of Use works correctly</title>
                    <attachments/>
                    <steps/>
                </step>
                <step start="1551974979866" stop="1551974979866" status="passed">
                    <name>log[Button Privacy Policy works correctly]</name>
                    <title>Button Privacy Policy works correctly</title>
                    <attachments/>
                    <steps/>
                </step>
            </steps>
            <attachments/>
            <labels>
                <label name="testSuite" value="Sone tests"/>
                <label name="testGroup" value="Static Pages Tests"/>
                <label name="testClass" value="UnitClassSet.StaticPages.test_MainPage"/>
                <label name="testMethod" value="MainPage_FooterLinks"/>
                <label name="host" value="vprybeha-w10"/>
                <label name="thread" value="1420@vprybeha-w10.TestNG-test=Static Pages Tests-1(14)"/>
            </labels>
        </test-case>
        <test-case start="1551974983871" stop="1551974989917" status="passed">
            <name>MainPage_HeaderAndFooterSeriesOneLogoButton</name>
            <steps>
                <step start="1551974988408" stop="1551974988408" status="passed">
                    <name>log[Button navbar SeriesOne Logo works correctly]</name>
                    <title>Button navbar SeriesOne Logo works correctly</title>
                    <attachments/>
                    <steps/>
                </step>
                <step start="1551974989917" stop="1551974989917" status="passed">
                    <name>log[Button footer SeriesOne Logo works correctly]</name>
                    <title>Button footer SeriesOne Logo works correctly</title>
                    <attachments/>
                    <steps/>
                </step>
            </steps>
            <attachments/>
            <labels>
                <label name="testSuite" value="Sone tests"/>
                <label name="testGroup" value="Static Pages Tests"/>
                <label name="testClass" value="UnitClassSet.StaticPages.test_MainPage"/>
                <label name="testMethod" value="MainPage_HeaderAndFooterSeriesOneLogoButton"/>
                <label name="host" value="vprybeha-w10"/>
                <label name="thread" value="1420@vprybeha-w10.TestNG-test=Static Pages Tests-1(14)"/>
            </labels>
        </test-case>
        <test-case start="1551974994046" stop="1551975022052" status="passed">
            <name>MainPage_HeaderButtons</name>
            <steps>
                <step start="1551975009973" stop="1551975009973" status="passed">
                    <name>log[Button with expected url (https://secure-seriesone.dynamo-ny.com/deals) works correctly]</name>
                    <title>Button with expected url (https://secure-seriesone.dynamo-ny.com/deals) works correctly</title>
                    <attachments/>
                    <steps/>
                </step>
                <step start="1551975013164" stop="1551975013164" status="passed">
                    <name>log[Button with expected url (https://seriesone.dynamo-ny.com/start-raising-funds/) works correctly]</name>
                    <title>Button with expected url (https://seriesone.dynamo-ny.com/start-raising-funds/) works correctly</title>
                    <attachments/>
                    <steps/>
                </step>
                <step start="1551975016332" stop="1551975016332" status="passed">
                    <name>log[Button with expected url (https://seriesone.dynamo-ny.com/brokerone/) works correctly]</name>
                    <title>Button with expected url (https://seriesone.dynamo-ny.com/brokerone/) works correctly</title>
                    <attachments/>
                    <steps/>
                </step>
                <step start="1551975019032" stop="1551975019032" status="passed">
                    <name>log[Button with expected url (https://seriesone.dynamo-ny.com/learn/) works correctly]</name>
                    <title>Button with expected url (https://seriesone.dynamo-ny.com/learn/) works correctly</title>
                    <attachments/>
                    <steps/>
                </step>
                <step start="1551975021634" stop="1551975021634" status="passed">
                    <name>log[Button with expected url (https://seriesone.dynamo-ny.com/digital-security-offerings/) works correctly]</name>
                    <title>Button with expected url (https://seriesone.dynamo-ny.com/digital-security-offerings/) works correctly</title>
                    <attachments/>
                    <steps/>
                </step>
            </steps>
            <attachments/>
            <labels>
                <label name="testSuite" value="Sone tests"/>
                <label name="testGroup" value="Static Pages Tests"/>
                <label name="testClass" value="UnitClassSet.StaticPages.test_MainPage"/>
                <label name="testMethod" value="MainPage_HeaderButtons"/>
                <label name="host" value="vprybeha-w10"/>
                <label name="thread" value="1420@vprybeha-w10.TestNG-test=Static Pages Tests-1(14)"/>
            </labels>
        </test-case>
        <test-case start="1551975026166" stop="1551975033136" status="passed">
            <name>MainPage_SignUpAndLogin</name>
            <steps>
                <step start="1551975031333" stop="1551975031333" status="passed">
                    <name>log[Button SignUp works correctly]</name>
                    <title>Button SignUp works correctly</title>
                    <attachments/>
                    <steps/>
                </step>
                <step start="1551975033136" stop="1551975033136" status="passed">
                    <name>log[Button Login works correctly]</name>
                    <title>Button Login works correctly</title>
                    <attachments/>
                    <steps/>
                </step>
            </steps>
            <attachments/>
            <labels>
                <label name="testSuite" value="Sone tests"/>
                <label name="testGroup" value="Static Pages Tests"/>
                <label name="testClass" value="UnitClassSet.StaticPages.test_MainPage"/>
                <label name="testMethod" value="MainPage_SignUpAndLogin"/>
                <label name="host" value="vprybeha-w10"/>
                <label name="thread" value="1420@vprybeha-w10.TestNG-test=Static Pages Tests-1(14)"/>
            </labels>
        </test-case>
        <test-case start="1551975037232" stop="1551975060583" status="passed">
            <name>MainPage_SocialMediaIcons</name>
            <steps>
                <step start="1551975046509" stop="1551975046509" status="passed">
                    <name>log['LinkedIn Logo' button works fine]</name>
                    <title>'LinkedIn Logo' button works fine</title>
                    <attachments/>
                    <steps/>
                </step>
                <step start="1551975053597" stop="1551975053597" status="passed">
                    <name>log['Facebook Logo' button works fine]</name>
                    <title>'Facebook Logo' button works fine</title>
                    <attachments/>
                    <steps/>
                </step>
                <step start="1551975060583" stop="1551975060583" status="passed">
                    <name>log['Twitter Logo' button works fine]</name>
                    <title>'Twitter Logo' button works fine</title>
                    <attachments/>
                    <steps/>
                </step>
            </steps>
            <attachments/>
            <labels>
                <label name="testSuite" value="Sone tests"/>
                <label name="testGroup" value="Static Pages Tests"/>
                <label name="testClass" value="UnitClassSet.StaticPages.test_MainPage"/>
                <label name="testMethod" value="MainPage_SocialMediaIcons"/>
                <label name="host" value="vprybeha-w10"/>
                <label name="thread" value="1420@vprybeha-w10.TestNG-test=Static Pages Tests-1(14)"/>
            </labels>
        </test-case>
        <test-case start="1551975064746" stop="1551975068552" status="passed">
            <name>MainPage_Title</name>
            <steps/>
            <attachments/>
            <labels>
                <label name="testSuite" value="Sone tests"/>
                <label name="testGroup" value="Static Pages Tests"/>
                <label name="testClass" value="UnitClassSet.StaticPages.test_MainPage"/>
                <label name="testMethod" value="MainPage_Title"/>
                <label name="host" value="vprybeha-w10"/>
                <label name="thread" value="1420@vprybeha-w10.TestNG-test=Static Pages Tests-1(14)"/>
            </labels>
        </test-case>
        <test-case start="1551975072622" stop="1551975090566" status="passed">
            <name>BrowseDealsPage_Body</name>
            <steps>
                <step start="1551975081861" stop="1551975081861" status="passed">
                    <name>log['Regulation D' link works good]</name>
                    <title>'Regulation D' link works good</title>
                    <attachments/>
                    <steps/>
                </step>
                <step start="1551975086262" stop="1551975086262" status="passed">
                    <name>log['Regulation CF' link works good]</name>
                    <title>'Regulation CF' link works good</title>
                    <attachments/>
                    <steps/>
                </step>
                <step start="1551975090565" stop="1551975090565" status="passed">
                    <name>log['Learn more about investing' link works good]</name>
                    <title>'Learn more about investing' link works good</title>
                    <attachments/>
                    <steps/>
                </step>
            </steps>
            <attachments/>
            <labels>
                <label name="testSuite" value="Sone tests"/>
                <label name="testGroup" value="Static Pages Tests"/>
                <label name="testClass" value="UnitClassSet.StaticPages.test_BrowseDealsPage"/>
                <label name="testMethod" value="BrowseDealsPage_Body"/>
                <label name="host" value="vprybeha-w10"/>
                <label name="thread" value="1420@vprybeha-w10.TestNG-test=Static Pages Tests-1(14)"/>
            </labels>
        </test-case>
        <test-case start="1551975094737" stop="1551975120848" status="passed">
            <name>BrowseDealsPage_CheckDealsPage</name>
            <steps>
                <step start="1551975106145" stop="1551975106145" status="passed">
                    <name>log[Button PLANET DIGITAL PARTNERS INC. works correctly]</name>
                    <title>Button PLANET DIGITAL PARTNERS INC. works correctly</title>
                    <attachments/>
                    <steps/>
                </step>
                <step start="1551975108859" stop="1551975108859" status="passed">
                    <name>log[Button KINESIS TEST works correctly]</name>
                    <title>Button KINESIS TEST works correctly</title>
                    <attachments/>
                    <steps/>
                </step>
                <step start="1551975114499" stop="1551975114499" status="passed">
                    <name>log[Button HELENA QA works correctly]</name>
                    <title>Button HELENA QA works correctly</title>
                    <attachments/>
                    <steps/>
                </step>
                <step start="1551975119602" stop="1551975119602" status="passed">
                    <name>log[Button IUNO TEST works correctly]</name>
                    <title>Button IUNO TEST works correctly</title>
                    <attachments/>
                    <steps/>
                </step>
            </steps>
            <attachments/>
            <labels>
                <label name="testSuite" value="Sone tests"/>
                <label name="testGroup" value="Static Pages Tests"/>
                <label name="testClass" value="UnitClassSet.StaticPages.test_BrowseDealsPage"/>
                <label name="testMethod" value="BrowseDealsPage_CheckDealsPage"/>
                <label name="host" value="vprybeha-w10"/>
                <label name="thread" value="1420@vprybeha-w10.TestNG-test=Static Pages Tests-1(14)"/>
            </labels>
        </test-case>
        <test-case start="1551975125005" stop="1551975162798" status="passed">
            <name>BrowseDealsPage_FooterLinks</name>
            <steps>
                <step start="1551975135159" stop="1551975135159" status="passed">
                    <name>log[Button About Us works correctly]</name>
                    <title>Button About Us works correctly</title>
                    <attachments/>
                    <steps/>
                </step>
                <step start="1551975137781" stop="1551975137781" status="passed">
                    <name>log[Button Blog works correctly]</name>
                    <title>Button Blog works correctly</title>
                    <attachments/>
                    <steps/>
                </step>
                <step start="1551975139255" stop="1551975139255" status="passed">
                    <name>log[Button Contact Us works correctly]</name>
                    <title>Button Contact Us works correctly</title>
                    <attachments/>
                    <steps/>
                </step>
                <step start="1551975141251" stop="1551975141251" status="passed">
                    <name>log[Button Browse deals works correctly]</name>
                    <title>Button Browse deals works correctly</title>
                    <attachments/>
                    <steps/>
                </step>
                <step start="1551975142905" stop="1551975142905" status="passed">
                    <name>log[Button About Investing works correctly]</name>
                    <title>Button About Investing works correctly</title>
                    <attachments/>
                    <steps/>
                </step>
                <step start="1551975145190" stop="1551975145190" status="passed">
                    <name>log[Button Investor Questions works correctly]</name>
                    <title>Button Investor Questions works correctly</title>
                    <attachments/>
                    <steps/>
                </step>
                <step start="1551975147531" stop="1551975147531" status="passed">
                    <name>log[Button Raise Funds works correctly]</name>
                    <title>Button Raise Funds works correctly</title>
                    <attachments/>
                    <steps/>
                </step>
                <step start="1551975149865" stop="1551975149865" status="passed">
                    <name>log[Button Business Questions works correctly]</name>
                    <title>Button Business Questions works correctly</title>
                    <attachments/>
                    <steps/>
                </step>
                <step start="1551975152980" stop="1551975152980" status="passed">
                    <name>log[Button License Platform works correctly]</name>
                    <title>Button License Platform works correctly</title>
                    <attachments/>
                    <steps/>
                </step>
                <step start="1551975155011" stop="1551975155011" status="passed">
                    <name>log[Button FAQs &amp; Educations works correctly]</name>
                    <title>Button FAQs &amp; Educations works correctly</title>
                    <attachments/>
                    <steps/>
                </step>
                <step start="1551975157665" stop="1551975157665" status="passed">
                    <name>log[Button Important Disclaimer works correctly]</name>
                    <title>Button Important Disclaimer works correctly</title>
                    <attachments/>
                    <steps/>
                </step>
                <step start="1551975159325" stop="1551975159325" status="passed">
                    <name>log[Button Digital Security Offerings works correctly]</name>
                    <title>Button Digital Security Offerings works correctly</title>
                    <attachments/>
                    <steps/>
                </step>
                <step start="1551975161115" stop="1551975161115" status="passed">
                    <name>log[Button Terms of Use works correctly]</name>
                    <title>Button Terms of Use works correctly</title>
                    <attachments/>
                    <steps/>
                </step>
                <step start="1551975162798" stop="1551975162798" status="passed">
                    <name>log[Button Privacy Policy works correctly]</name>
                    <title>Button Privacy Policy works correctly</title>
                    <attachments/>
                    <steps/>
                </step>
            </steps>
            <attachments/>
            <labels>
                <label name="testSuite" value="Sone tests"/>
                <label name="testGroup" value="Static Pages Tests"/>
                <label name="testClass" value="UnitClassSet.StaticPages.test_BrowseDealsPage"/>
                <label name="testMethod" value="BrowseDealsPage_FooterLinks"/>
                <label name="host" value="vprybeha-w10"/>
                <label name="thread" value="1420@vprybeha-w10.TestNG-test=Static Pages Tests-1(14)"/>
            </labels>
        </test-case>
        <test-case start="1551975166929" stop="1551975190559" status="passed">
            <name>BrowseDealsPage_HeaderButtons</name>
            <steps>
                <step start="1551975175741" stop="1551975175741" status="passed">
                    <name>log[Button with expected url (https://secure-seriesone.dynamo-ny.com/deals) works correctly]</name>
                    <title>Button with expected url (https://secure-seriesone.dynamo-ny.com/deals) works correctly</title>
                    <attachments/>
                    <steps/>
                </step>
                <step start="1551975179411" stop="1551975179411" status="passed">
                    <name>log[Button with expected url (https://seriesone.dynamo-ny.com/start-raising-funds/) works correctly]</name>
                    <title>Button with expected url (https://seriesone.dynamo-ny.com/start-raising-funds/) works correctly</title>
                    <attachments/>
                    <steps/>
                </step>
                <step start="1551975183191" stop="1551975183191" status="passed">
                    <name>log[Button with expected url (https://seriesone.dynamo-ny.com/brokerone/) works correctly]</name>
                    <title>Button with expected url (https://seriesone.dynamo-ny.com/brokerone/) works correctly</title>
                    <attachments/>
                    <steps/>
                </step>
                <step start="1551975186203" stop="1551975186203" status="passed">
                    <name>log[Button with expected url (https://seriesone.dynamo-ny.com/learn/) works correctly]</name>
                    <title>Button with expected url (https://seriesone.dynamo-ny.com/learn/) works correctly</title>
                    <attachments/>
                    <steps/>
                </step>
                <step start="1551975189316" stop="1551975189316" status="passed">
                    <name>log[Button with expected url (https://seriesone.dynamo-ny.com/digital-security-offerings/) works correctly]</name>
                    <title>Button with expected url (https://seriesone.dynamo-ny.com/digital-security-offerings/) works correctly</title>
                    <attachments/>
                    <steps/>
                </step>
            </steps>
            <attachments/>
            <labels>
                <label name="testSuite" value="Sone tests"/>
                <label name="testGroup" value="Static Pages Tests"/>
                <label name="testClass" value="UnitClassSet.StaticPages.test_BrowseDealsPage"/>
                <label name="testMethod" value="BrowseDealsPage_HeaderButtons"/>
                <label name="host" value="vprybeha-w10"/>
                <label name="thread" value="1420@vprybeha-w10.TestNG-test=Static Pages Tests-1(14)"/>
            </labels>
        </test-case>
        <test-case start="1551975194648" stop="1551975207208" status="passed">
            <name>BrowseDealsPage_SignUpAndLogin</name>
            <steps>
                <step start="1551975205608" stop="1551975205608" status="passed">
                    <name>log[Button SignUp works correctly]</name>
                    <title>Button SignUp works correctly</title>
                    <attachments/>
                    <steps/>
                </step>
                <step start="1551975207208" stop="1551975207208" status="passed">
                    <name>log[Button Login works correctly]</name>
                    <title>Button Login works correctly</title>
                    <attachments/>
                    <steps/>
                </step>
            </steps>
            <attachments/>
            <labels>
                <label name="testSuite" value="Sone tests"/>
                <label name="testGroup" value="Static Pages Tests"/>
                <label name="testClass" value="UnitClassSet.StaticPages.test_BrowseDealsPage"/>
                <label name="testMethod" value="BrowseDealsPage_SignUpAndLogin"/>
                <label name="host" value="vprybeha-w10"/>
                <label name="thread" value="1420@vprybeha-w10.TestNG-test=Static Pages Tests-1(14)"/>
            </labels>
        </test-case>
        <test-case start="1551975211278" stop="1551975241031" status="passed">
            <name>BrowseDealsPage_SocialMediaIcons</name>
            <steps>
                <step start="1551975226949" stop="1551975226949" status="passed">
                    <name>log['LinkedIn Logo' button works fine]</name>
                    <title>'LinkedIn Logo' button works fine</title>
                    <attachments/>
                    <steps/>
                </step>
                <step start="1551975234044" stop="1551975234044" status="passed">
                    <name>log['Facebook Logo' button works fine]</name>
                    <title>'Facebook Logo' button works fine</title>
                    <attachments/>
                    <steps/>
                </step>
                <step start="1551975241030" stop="1551975241030" status="passed">
                    <name>log['Twitter Logo' button works fine]</name>
                    <title>'Twitter Logo' button works fine</title>
                    <attachments/>
                    <steps/>
                </step>
            </steps>
            <attachments/>
            <labels>
                <label name="testSuite" value="Sone tests"/>
                <label name="testGroup" value="Static Pages Tests"/>
                <label name="testClass" value="UnitClassSet.StaticPages.test_BrowseDealsPage"/>
                <label name="testMethod" value="BrowseDealsPage_SocialMediaIcons"/>
                <label name="host" value="vprybeha-w10"/>
                <label name="thread" value="1420@vprybeha-w10.TestNG-test=Static Pages Tests-1(14)"/>
            </labels>
        </test-case>
        <test-case start="1551975245049" stop="1551975253760" status="passed">
            <name>BrowseDealsPage_Title</name>
            <steps/>
            <attachments/>
            <labels>
                <label name="testSuite" value="Sone tests"/>
                <label name="testGroup" value="Static Pages Tests"/>
                <label name="testClass" value="UnitClassSet.StaticPages.test_BrowseDealsPage"/>
                <label name="testMethod" value="BrowseDealsPage_Title"/>
                <label name="host" value="vprybeha-w10"/>
                <label name="thread" value="1420@vprybeha-w10.TestNG-test=Static Pages Tests-1(14)"/>
            </labels>
        </test-case>
        <test-case start="1551975257910" stop="1551975275165" status="passed">
            <name>RaiseFundsPage_Body</name>
            <steps>
                <step start="1551975265744" stop="1551975265744" status="passed">
                    <name>log[Button Learn more works correctly]</name>
                    <title>Button Learn more works correctly</title>
                    <attachments/>
                    <steps/>
                </step>
                <step start="1551975267855" stop="1551975267855" status="passed">
                    <name>log[Button Contact Us to Start works correctly]</name>
                    <title>Button Contact Us to Start works correctly</title>
                    <attachments/>
                    <steps/>
                </step>
                <step start="1551975269959" stop="1551975269959" status="passed">
                    <name>log[FAQ text works good]</name>
                    <title>FAQ text works good</title>
                    <attachments/>
                    <steps/>
                </step>
                <step start="1551975270599" stop="1551975270599" status="passed">
                    <name>log[FAQ text works good]</name>
                    <title>FAQ text works good</title>
                    <attachments/>
                    <steps/>
                </step>
                <step start="1551975271288" stop="1551975271288" status="passed">
                    <name>log[FAQ text works good]</name>
                    <title>FAQ text works good</title>
                    <attachments/>
                    <steps/>
                </step>
                <step start="1551975271920" stop="1551975271920" status="passed">
                    <name>log[FAQ text works good]</name>
                    <title>FAQ text works good</title>
                    <attachments/>
                    <steps/>
                </step>
                <step start="1551975272528" stop="1551975272528" status="passed">
                    <name>log[FAQ text works good]</name>
                    <title>FAQ text works good</title>
                    <attachments/>
                    <steps/>
                </step>
                <step start="1551975273155" stop="1551975273155" status="passed">
                    <name>log[FAQ text works good]</name>
                    <title>FAQ text works good</title>
                    <attachments/>
                    <steps/>
                </step>
                <step start="1551975274042" stop="1551975274042" status="passed">
                    <name>log[Button FAQs works correctly]</name>
                    <title>Button FAQs works correctly</title>
                    <attachments/>
                    <steps/>
                </step>
                <step start="1551975275165" stop="1551975275165" status="passed">
                    <name>log[All Contact Us fields displays]</name>
                    <title>All Contact Us fields displays</title>
                    <attachments/>
                    <steps/>
                </step>
            </steps>
            <attachments/>
            <labels>
                <label name="testSuite" value="Sone tests"/>
                <label name="testGroup" value="Static Pages Tests"/>
                <label name="testClass" value="UnitClassSet.StaticPages.test_RaiseFundsPage"/>
                <label name="testMethod" value="RaiseFundsPage_Body"/>
                <label name="host" value="vprybeha-w10"/>
                <label name="thread" value="1420@vprybeha-w10.TestNG-test=Static Pages Tests-1(14)"/>
            </labels>
        </test-case>
        <test-case start="1551975279307" stop="1551975312028" status="passed">
            <name>RaiseFundsPage_FooterLinks</name>
            <steps>
                <step start="1551975282639" stop="1551975282639" status="passed">
                    <name>log[Button About Us works correctly]</name>
                    <title>Button About Us works correctly</title>
                    <attachments/>
                    <steps/>
                </step>
                <step start="1551975284872" stop="1551975284872" status="passed">
                    <name>log[Button Blog works correctly]</name>
                    <title>Button Blog works correctly</title>
                    <attachments/>
                    <steps/>
                </step>
                <step start="1551975286795" stop="1551975286795" status="passed">
                    <name>log[Button Contact Us works correctly]</name>
                    <title>Button Contact Us works correctly</title>
                    <attachments/>
                    <steps/>
                </step>
                <step start="1551975291496" stop="1551975291496" status="passed">
                    <name>log[Button Browse deals works correctly]</name>
                    <title>Button Browse deals works correctly</title>
                    <attachments/>
                    <steps/>
                </step>
                <step start="1551975293375" stop="1551975293375" status="passed">
                    <name>log[Button About Investing works correctly]</name>
                    <title>Button About Investing works correctly</title>
                    <attachments/>
                    <steps/>
                </step>
                <step start="1551975295379" stop="1551975295379" status="passed">
                    <name>log[Button Investor Questions works correctly]</name>
                    <title>Button Investor Questions works correctly</title>
                    <attachments/>
                    <steps/>
                </step>
                <step start="1551975297473" stop="1551975297473" status="passed">
                    <name>log[Button Raise Funds works correctly]</name>
                    <title>Button Raise Funds works correctly</title>
                    <attachments/>
                    <steps/>
                </step>
                <step start="1551975299646" stop="1551975299646" status="passed">
                    <name>log[Button Business Questions works correctly]</name>
                    <title>Button Business Questions works correctly</title>
                    <attachments/>
                    <steps/>
                </step>
                <step start="1551975302356" stop="1551975302356" status="passed">
                    <name>log[Button License Platform works correctly]</name>
                    <title>Button License Platform works correctly</title>
                    <attachments/>
                    <steps/>
                </step>
                <step start="1551975303978" stop="1551975303978" status="passed">
                    <name>log[Button FAQs &amp; Educations works correctly]</name>
                    <title>Button FAQs &amp; Educations works correctly</title>
                    <attachments/>
                    <steps/>
                </step>
                <step start="1551975305979" stop="1551975305979" status="passed">
                    <name>log[Button Important Disclaimer works correctly]</name>
                    <title>Button Important Disclaimer works correctly</title>
                    <attachments/>
                    <steps/>
                </step>
                <step start="1551975307408" stop="1551975307408" status="passed">
                    <name>log[Button Digital Security Offerings works correctly]</name>
                    <title>Button Digital Security Offerings works correctly</title>
                    <attachments/>
                    <steps/>
                </step>
                <step start="1551975309610" stop="1551975309610" status="passed">
                    <name>log[Button Terms of Use works correctly]</name>
                    <title>Button Terms of Use works correctly</title>
                    <attachments/>
                    <steps/>
                </step>
                <step start="1551975312028" stop="1551975312028" status="passed">
                    <name>log[Button Privacy Policy works correctly]</name>
                    <title>Button Privacy Policy works correctly</title>
                    <attachments/>
                    <steps/>
                </step>
            </steps>
            <attachments/>
            <labels>
                <label name="testSuite" value="Sone tests"/>
                <label name="testGroup" value="Static Pages Tests"/>
                <label name="testClass" value="UnitClassSet.StaticPages.test_RaiseFundsPage"/>
                <label name="testMethod" value="RaiseFundsPage_FooterLinks"/>
                <label name="host" value="vprybeha-w10"/>
                <label name="thread" value="1420@vprybeha-w10.TestNG-test=Static Pages Tests-1(14)"/>
            </labels>
        </test-case>
        <test-case start="1551975316085" stop="1551975338256" status="passed">
            <name>RaiseFundsPage_HeaderButtons</name>
            <steps>
                <step start="1551975325033" stop="1551975325033" status="passed">
                    <name>log[Button with expected url (https://secure-seriesone.dynamo-ny.com/deals) works correctly]</name>
                    <title>Button with expected url (https://secure-seriesone.dynamo-ny.com/deals) works correctly</title>
                    <attachments/>
                    <steps/>
                </step>
                <step start="1551975328048" stop="1551975328048" status="passed">
                    <name>log[Button with expected url (https://seriesone.dynamo-ny.com/start-raising-funds/) works correctly]</name>
                    <title>Button with expected url (https://seriesone.dynamo-ny.com/start-raising-funds/) works correctly</title>
                    <attachments/>
                    <steps/>
                </step>
                <step start="1551975331743" stop="1551975331743" status="passed">
                    <name>log[Button with expected url (https://seriesone.dynamo-ny.com/brokerone/) works correctly]</name>
                    <title>Button with expected url (https://seriesone.dynamo-ny.com/brokerone/) works correctly</title>
                    <attachments/>
                    <steps/>
                </step>
                <step start="1551975334804" stop="1551975334804" status="passed">
                    <name>log[Button with expected url (https://seriesone.dynamo-ny.com/learn/) works correctly]</name>
                    <title>Button with expected url (https://seriesone.dynamo-ny.com/learn/) works correctly</title>
                    <attachments/>
                    <steps/>
                </step>
                <step start="1551975337876" stop="1551975337876" status="passed">
                    <name>log[Button with expected url (https://seriesone.dynamo-ny.com/digital-security-offerings/) works correctly]</name>
                    <title>Button with expected url (https://seriesone.dynamo-ny.com/digital-security-offerings/) works correctly</title>
                    <attachments/>
                    <steps/>
                </step>
            </steps>
            <attachments/>
            <labels>
                <label name="testSuite" value="Sone tests"/>
                <label name="testGroup" value="Static Pages Tests"/>
                <label name="testClass" value="UnitClassSet.StaticPages.test_RaiseFundsPage"/>
                <label name="testMethod" value="RaiseFundsPage_HeaderButtons"/>
                <label name="host" value="vprybeha-w10"/>
                <label name="thread" value="1420@vprybeha-w10.TestNG-test=Static Pages Tests-1(14)"/>
            </labels>
        </test-case>
        <test-case start="1551975342160" stop="1551975348627" status="passed">
            <name>RaiseFundsPage_SignUpAndLogin</name>
            <steps>
                <step start="1551975346277" stop="1551975346277" status="passed">
                    <name>log[Button SignUp works correctly]</name>
                    <title>Button SignUp works correctly</title>
                    <attachments/>
                    <steps/>
                </step>
                <step start="1551975348627" stop="1551975348627" status="passed">
                    <name>log[Button Login works correctly]</name>
                    <title>Button Login works correctly</title>
                    <attachments/>
                    <steps/>
                </step>
            </steps>
            <attachments/>
            <labels>
                <label name="testSuite" value="Sone tests"/>
                <label name="testGroup" value="Static Pages Tests"/>
                <label name="testClass" value="UnitClassSet.StaticPages.test_RaiseFundsPage"/>
                <label name="testMethod" value="RaiseFundsPage_SignUpAndLogin"/>
                <label name="host" value="vprybeha-w10"/>
                <label name="thread" value="1420@vprybeha-w10.TestNG-test=Static Pages Tests-1(14)"/>
            </labels>
        </test-case>
        <test-case start="1551975352607" stop="1551975374663" status="passed">
            <name>RaiseFundsPage_SocialMediaIcons</name>
            <steps>
                <step start="1551975360941" stop="1551975360941" status="passed">
                    <name>log['LinkedIn Logo' button works fine]</name>
                    <title>'LinkedIn Logo' button works fine</title>
                    <attachments/>
                    <steps/>
                </step>
                <step start="1551975367689" stop="1551975367689" status="passed">
                    <name>log['Facebook Logo' button works fine]</name>
                    <title>'Facebook Logo' button works fine</title>
                    <attachments/>
                    <steps/>
                </step>
                <step start="1551975374662" stop="1551975374662" status="passed">
                    <name>log['Twitter Logo' button works fine]</name>
                    <title>'Twitter Logo' button works fine</title>
                    <attachments/>
                    <steps/>
                </step>
            </steps>
            <attachments/>
            <labels>
                <label name="testSuite" value="Sone tests"/>
                <label name="testGroup" value="Static Pages Tests"/>
                <label name="testClass" value="UnitClassSet.StaticPages.test_RaiseFundsPage"/>
                <label name="testMethod" value="RaiseFundsPage_SocialMediaIcons"/>
                <label name="host" value="vprybeha-w10"/>
                <label name="thread" value="1420@vprybeha-w10.TestNG-test=Static Pages Tests-1(14)"/>
            </labels>
        </test-case>
        <test-case start="1551975378941" stop="1551975380541" status="passed">
            <name>RaiseFundsPage_Title</name>
            <steps/>
            <attachments/>
            <labels>
                <label name="testSuite" value="Sone tests"/>
                <label name="testGroup" value="Static Pages Tests"/>
                <label name="testClass" value="UnitClassSet.StaticPages.test_RaiseFundsPage"/>
                <label name="testMethod" value="RaiseFundsPage_Title"/>
                <label name="host" value="vprybeha-w10"/>
                <label name="thread" value="1420@vprybeha-w10.TestNG-test=Static Pages Tests-1(14)"/>
            </labels>
        </test-case>
        <test-case start="1551975384540" stop="1551975402893" status="passed">
            <name>LicensePlatformPage_Body</name>
            <steps>
                <step start="1551975401208" stop="1551975401208" status="passed">
                    <name>log[Button Learn more works correctly]</name>
                    <title>Button Learn more works correctly</title>
                    <attachments/>
                    <steps/>
                </step>
                <step start="1551975402892" stop="1551975402893" status="passed">
                    <name>log[All Contact Us fields displays]</name>
                    <title>All Contact Us fields displays</title>
                    <attachments/>
                    <steps/>
                </step>
            </steps>
            <attachments/>
            <labels>
                <label name="testSuite" value="Sone tests"/>
                <label name="testGroup" value="Static Pages Tests"/>
                <label name="testClass" value="UnitClassSet.StaticPages.test_LicensePlatformPage"/>
                <label name="testMethod" value="LicensePlatformPage_Body"/>
                <label name="host" value="vprybeha-w10"/>
                <label name="thread" value="1420@vprybeha-w10.TestNG-test=Static Pages Tests-1(14)"/>
            </labels>
        </test-case>
        <test-case start="1551975406936" stop="1551975449928" status="passed">
            <name>LicensePlatformPage_FooterLinks</name>
            <steps>
                <step start="1551975411041" stop="1551975411041" status="passed">
                    <name>log[Button About Us works correctly]</name>
                    <title>Button About Us works correctly</title>
                    <attachments/>
                    <steps/>
                </step>
                <step start="1551975414308" stop="1551975414308" status="passed">
                    <name>log[Button Blog works correctly]</name>
                    <title>Button Blog works correctly</title>
                    <attachments/>
                    <steps/>
                </step>
                <step start="1551975416237" stop="1551975416237" status="passed">
                    <name>log[Button Contact Us works correctly]</name>
                    <title>Button Contact Us works correctly</title>
                    <attachments/>
                    <steps/>
                </step>
                <step start="1551975431464" stop="1551975431464" status="passed">
                    <name>log[Button Browse deals works correctly]</name>
                    <title>Button Browse deals works correctly</title>
                    <attachments/>
                    <steps/>
                </step>
                <step start="1551975433476" stop="1551975433476" status="passed">
                    <name>log[Button About Investing works correctly]</name>
                    <title>Button About Investing works correctly</title>
                    <attachments/>
                    <steps/>
                </step>
                <step start="1551975435254" stop="1551975435254" status="passed">
                    <name>log[Button Investor Questions works correctly]</name>
                    <title>Button Investor Questions works correctly</title>
                    <attachments/>
                    <steps/>
                </step>
                <step start="1551975437227" stop="1551975437227" status="passed">
                    <name>log[Button Raise Funds works correctly]</name>
                    <title>Button Raise Funds works correctly</title>
                    <attachments/>
                    <steps/>
                </step>
                <step start="1551975439093" stop="1551975439093" status="passed">
                    <name>log[Button Business Questions works correctly]</name>
                    <title>Button Business Questions works correctly</title>
                    <attachments/>
                    <steps/>
                </step>
                <step start="1551975440892" stop="1551975440892" status="passed">
                    <name>log[Button License Platform works correctly]</name>
                    <title>Button License Platform works correctly</title>
                    <attachments/>
                    <steps/>
                </step>
                <step start="1551975442591" stop="1551975442591" status="passed">
                    <name>log[Button FAQs &amp; Educations works correctly]</name>
                    <title>Button FAQs &amp; Educations works correctly</title>
                    <attachments/>
                    <steps/>
                </step>
                <step start="1551975444641" stop="1551975444642" status="passed">
                    <name>log[Button Important Disclaimer works correctly]</name>
                    <title>Button Important Disclaimer works correctly</title>
                    <attachments/>
                    <steps/>
                </step>
                <step start="1551975446171" stop="1551975446171" status="passed">
                    <name>log[Button Digital Security Offerings works correctly]</name>
                    <title>Button Digital Security Offerings works correctly</title>
                    <attachments/>
                    <steps/>
                </step>
                <step start="1551975447989" stop="1551975447989" status="passed">
                    <name>log[Button Terms of Use works correctly]</name>
                    <title>Button Terms of Use works correctly</title>
                    <attachments/>
                    <steps/>
                </step>
                <step start="1551975449928" stop="1551975449928" status="passed">
                    <name>log[Button Privacy Policy works correctly]</name>
                    <title>Button Privacy Policy works correctly</title>
                    <attachments/>
                    <steps/>
                </step>
            </steps>
            <attachments/>
            <labels>
                <label name="testSuite" value="Sone tests"/>
                <label name="testGroup" value="Static Pages Tests"/>
                <label name="testClass" value="UnitClassSet.StaticPages.test_LicensePlatformPage"/>
                <label name="testMethod" value="LicensePlatformPage_FooterLinks"/>
                <label name="host" value="vprybeha-w10"/>
                <label name="thread" value="1420@vprybeha-w10.TestNG-test=Static Pages Tests-1(14)"/>
            </labels>
        </test-case>
        <test-case start="1551975454058" stop="1551975474226" status="passed">
            <name>LicensePlatformPage_HeaderButtons</name>
            <steps>
                <step start="1551975462823" stop="1551975462823" status="passed">
                    <name>log[Button with expected url (https://secure-seriesone.dynamo-ny.com/deals) works correctly]</name>
                    <title>Button with expected url (https://secure-seriesone.dynamo-ny.com/deals) works correctly</title>
                    <attachments/>
                    <steps/>
                </step>
                <step start="1551975465754" stop="1551975465754" status="passed">
                    <name>log[Button with expected url (https://seriesone.dynamo-ny.com/start-raising-funds/) works correctly]</name>
                    <title>Button with expected url (https://seriesone.dynamo-ny.com/start-raising-funds/) works correctly</title>
                    <attachments/>
                    <steps/>
                </step>
                <step start="1551975468664" stop="1551975468664" status="passed">
                    <name>log[Button with expected url (https://seriesone.dynamo-ny.com/brokerone/) works correctly]</name>
                    <title>Button with expected url (https://seriesone.dynamo-ny.com/brokerone/) works correctly</title>
                    <attachments/>
                    <steps/>
                </step>
                <step start="1551975471340" stop="1551975471340" status="passed">
                    <name>log[Button with expected url (https://seriesone.dynamo-ny.com/learn/) works correctly]</name>
                    <title>Button with expected url (https://seriesone.dynamo-ny.com/learn/) works correctly</title>
                    <attachments/>
                    <steps/>
                </step>
                <step start="1551975473791" stop="1551975473791" status="passed">
                    <name>log[Button with expected url (https://seriesone.dynamo-ny.com/digital-security-offerings/) works correctly]</name>
                    <title>Button with expected url (https://seriesone.dynamo-ny.com/digital-security-offerings/) works correctly</title>
                    <attachments/>
                    <steps/>
                </step>
            </steps>
            <attachments/>
            <labels>
                <label name="testSuite" value="Sone tests"/>
                <label name="testGroup" value="Static Pages Tests"/>
                <label name="testClass" value="UnitClassSet.StaticPages.test_LicensePlatformPage"/>
                <label name="testMethod" value="LicensePlatformPage_HeaderButtons"/>
                <label name="host" value="vprybeha-w10"/>
                <label name="thread" value="1420@vprybeha-w10.TestNG-test=Static Pages Tests-1(14)"/>
            </labels>
        </test-case>
        <test-case start="1551975478297" stop="1551975484120" status="passed">
            <name>LicensePlatformPage_SignUpAndLogin</name>
            <steps>
                <step start="1551975482406" stop="1551975482406" status="passed">
                    <name>log[Button SignUp works correctly]</name>
                    <title>Button SignUp works correctly</title>
                    <attachments/>
                    <steps/>
                </step>
                <step start="1551975484120" stop="1551975484120" status="passed">
                    <name>log[Button Login works correctly]</name>
                    <title>Button Login works correctly</title>
                    <attachments/>
                    <steps/>
                </step>
            </steps>
            <attachments/>
            <labels>
                <label name="testSuite" value="Sone tests"/>
                <label name="testGroup" value="Static Pages Tests"/>
                <label name="testClass" value="UnitClassSet.StaticPages.test_LicensePlatformPage"/>
                <label name="testMethod" value="LicensePlatformPage_SignUpAndLogin"/>
                <label name="host" value="vprybeha-w10"/>
                <label name="thread" value="1420@vprybeha-w10.TestNG-test=Static Pages Tests-1(14)"/>
            </labels>
        </test-case>
        <test-case start="1551975488458" stop="1551975510994" status="passed">
            <name>LicensePlatformPage_SocialMediaIcons</name>
            <steps>
                <step start="1551975496871" stop="1551975496871" status="passed">
                    <name>log['LinkedIn Logo' button works fine]</name>
                    <title>'LinkedIn Logo' button works fine</title>
                    <attachments/>
                    <steps/>
                </step>
                <step start="1551975504075" stop="1551975504075" status="passed">
                    <name>log['Facebook Logo' button works fine]</name>
                    <title>'Facebook Logo' button works fine</title>
                    <attachments/>
                    <steps/>
                </step>
                <step start="1551975510994" stop="1551975510994" status="passed">
                    <name>log['Twitter Logo' button works fine]</name>
                    <title>'Twitter Logo' button works fine</title>
                    <attachments/>
                    <steps/>
                </step>
            </steps>
            <attachments/>
            <labels>
                <label name="testSuite" value="Sone tests"/>
                <label name="testGroup" value="Static Pages Tests"/>
                <label name="testClass" value="UnitClassSet.StaticPages.test_LicensePlatformPage"/>
                <label name="testMethod" value="LicensePlatformPage_SocialMediaIcons"/>
                <label name="host" value="vprybeha-w10"/>
                <label name="thread" value="1420@vprybeha-w10.TestNG-test=Static Pages Tests-1(14)"/>
            </labels>
        </test-case>
        <test-case start="1551975515168" stop="1551975516792" status="passed">
            <name>LicensePlatformPage_Title</name>
            <steps/>
            <attachments/>
            <labels>
                <label name="testSuite" value="Sone tests"/>
                <label name="testGroup" value="Static Pages Tests"/>
                <label name="testClass" value="UnitClassSet.StaticPages.test_LicensePlatformPage"/>
                <label name="testMethod" value="LicensePlatformPage_Title"/>
                <label name="host" value="vprybeha-w10"/>
                <label name="thread" value="1420@vprybeha-w10.TestNG-test=Static Pages Tests-1(14)"/>
            </labels>
        </test-case>
        <test-case start="1551975520936" stop="1551975538668" status="passed">
            <name>AboutInvestingPage_Body</name>
            <steps>
                <step start="1551975529874" stop="1551975529874" status="passed">
                    <name>log[Button Learn more works correctly]</name>
                    <title>Button Learn more works correctly</title>
                    <attachments/>
                    <steps/>
                </step>
                <step start="1551975531905" stop="1551975531905" status="passed">
                    <name>log[Button Browse All Deals works correctly]</name>
                    <title>Button Browse All Deals works correctly</title>
                    <attachments/>
                    <steps/>
                </step>
                <step start="1551975534109" stop="1551975534109" status="passed">
                    <name>log[FAQ text works good]</name>
                    <title>FAQ text works good</title>
                    <attachments/>
                    <steps/>
                </step>
                <step start="1551975534778" stop="1551975534778" status="passed">
                    <name>log[FAQ text works good]</name>
                    <title>FAQ text works good</title>
                    <attachments/>
                    <steps/>
                </step>
                <step start="1551975535464" stop="1551975535464" status="passed">
                    <name>log[FAQ text works good]</name>
                    <title>FAQ text works good</title>
                    <attachments/>
                    <steps/>
                </step>
                <step start="1551975536108" stop="1551975536109" status="passed">
                    <name>log[FAQ text works good]</name>
                    <title>FAQ text works good</title>
                    <attachments/>
                    <steps/>
                </step>
                <step start="1551975536776" stop="1551975536776" status="passed">
                    <name>log[FAQ text works good]</name>
                    <title>FAQ text works good</title>
                    <attachments/>
                    <steps/>
                </step>
                <step start="1551975537392" stop="1551975537392" status="passed">
                    <name>log[FAQ text works good]</name>
                    <title>FAQ text works good</title>
                    <attachments/>
                    <steps/>
                </step>
                <step start="1551975538209" stop="1551975538209" status="passed">
                    <name>log[Button FAQs works correctly]</name>
                    <title>Button FAQs works correctly</title>
                    <attachments/>
                    <steps/>
                </step>
                <step start="1551975538668" stop="1551975538668" status="passed">
                    <name>log[Button Education Resources works correctly]</name>
                    <title>Button Education Resources works correctly</title>
                    <attachments/>
                    <steps/>
                </step>
            </steps>
            <attachments/>
            <labels>
                <label name="testSuite" value="Sone tests"/>
                <label name="testGroup" value="Static Pages Tests"/>
                <label name="testClass" value="UnitClassSet.StaticPages.test_AboutInvestingPage"/>
                <label name="testMethod" value="AboutInvestingPage_Body"/>
                <label name="host" value="vprybeha-w10"/>
                <label name="thread" value="1420@vprybeha-w10.TestNG-test=Static Pages Tests-1(14)"/>
            </labels>
        </test-case>
        <test-case start="1551975542809" stop="1551975574827" status="passed">
            <name>AboutInvestingPage_FooterLinks</name>
            <steps>
                <step start="1551975546588" stop="1551975546588" status="passed">
                    <name>log[Button About Us works correctly]</name>
                    <title>Button About Us works correctly</title>
                    <attachments/>
                    <steps/>
                </step>
                <step start="1551975548738" stop="1551975548738" status="passed">
                    <name>log[Button Blog works correctly]</name>
                    <title>Button Blog works correctly</title>
                    <attachments/>
                    <steps/>
                </step>
                <step start="1551975550475" stop="1551975550475" status="passed">
                    <name>log[Button Contact Us works correctly]</name>
                    <title>Button Contact Us works correctly</title>
                    <attachments/>
                    <steps/>
                </step>
                <step start="1551975555072" stop="1551975555072" status="passed">
                    <name>log[Button Browse deals works correctly]</name>
                    <title>Button Browse deals works correctly</title>
                    <attachments/>
                    <steps/>
                </step>
                <step start="1551975556926" stop="1551975556926" status="passed">
                    <name>log[Button About Investing works correctly]</name>
                    <title>Button About Investing works correctly</title>
                    <attachments/>
                    <steps/>
                </step>
                <step start="1551975558659" stop="1551975558659" status="passed">
                    <name>log[Button Investor Questions works correctly]</name>
                    <title>Button Investor Questions works correctly</title>
                    <attachments/>
                    <steps/>
                </step>
                <step start="1551975560865" stop="1551975560865" status="passed">
                    <name>log[Button Raise Funds works correctly]</name>
                    <title>Button Raise Funds works correctly</title>
                    <attachments/>
                    <steps/>
                </step>
                <step start="1551975562723" stop="1551975562723" status="passed">
                    <name>log[Button Business Questions works correctly]</name>
                    <title>Button Business Questions works correctly</title>
                    <attachments/>
                    <steps/>
                </step>
                <step start="1551975565036" stop="1551975565037" status="passed">
                    <name>log[Button License Platform works correctly]</name>
                    <title>Button License Platform works correctly</title>
                    <attachments/>
                    <steps/>
                </step>
                <step start="1551975566827" stop="1551975566827" status="passed">
                    <name>log[Button FAQs &amp; Educations works correctly]</name>
                    <title>Button FAQs &amp; Educations works correctly</title>
                    <attachments/>
                    <steps/>
                </step>
                <step start="1551975568891" stop="1551975568891" status="passed">
                    <name>log[Button Important Disclaimer works correctly]</name>
                    <title>Button Important Disclaimer works correctly</title>
                    <attachments/>
                    <steps/>
                </step>
                <step start="1551975570601" stop="1551975570601" status="passed">
                    <name>log[Button Digital Security Offerings works correctly]</name>
                    <title>Button Digital Security Offerings works correctly</title>
                    <attachments/>
                    <steps/>
                </step>
                <step start="1551975572560" stop="1551975572560" status="passed">
                    <name>log[Button Terms of Use works correctly]</name>
                    <title>Button Terms of Use works correctly</title>
                    <attachments/>
                    <steps/>
                </step>
                <step start="1551975574827" stop="1551975574827" status="passed">
                    <name>log[Button Privacy Policy works correctly]</name>
                    <title>Button Privacy Policy works correctly</title>
                    <attachments/>
                    <steps/>
                </step>
            </steps>
            <attachments/>
            <labels>
                <label name="testSuite" value="Sone tests"/>
                <label name="testGroup" value="Static Pages Tests"/>
                <label name="testClass" value="UnitClassSet.StaticPages.test_AboutInvestingPage"/>
                <label name="testMethod" value="AboutInvestingPage_FooterLinks"/>
                <label name="host" value="vprybeha-w10"/>
                <label name="thread" value="1420@vprybeha-w10.TestNG-test=Static Pages Tests-1(14)"/>
            </labels>
        </test-case>
        <test-case start="1551975578929" stop="1551975599397" status="passed">
            <name>AboutInvestingPage_HeaderButtons</name>
            <steps>
                <step start="1551975586879" stop="1551975586879" status="passed">
                    <name>log[Button with expected url (https://secure-seriesone.dynamo-ny.com/deals) works correctly]</name>
                    <title>Button with expected url (https://secure-seriesone.dynamo-ny.com/deals) works correctly</title>
                    <attachments/>
                    <steps/>
                </step>
                <step start="1551975589982" stop="1551975589982" status="passed">
                    <name>log[Button with expected url (https://seriesone.dynamo-ny.com/start-raising-funds/) works correctly]</name>
                    <title>Button with expected url (https://seriesone.dynamo-ny.com/start-raising-funds/) works correctly</title>
                    <attachments/>
                    <steps/>
                </step>
                <step start="1551975593598" stop="1551975593598" status="passed">
                    <name>log[Button with expected url (https://seriesone.dynamo-ny.com/brokerone/) works correctly]</name>
                    <title>Button with expected url (https://seriesone.dynamo-ny.com/brokerone/) works correctly</title>
                    <attachments/>
                    <steps/>
                </step>
                <step start="1551975596282" stop="1551975596282" status="passed">
                    <name>log[Button with expected url (https://seriesone.dynamo-ny.com/learn/) works correctly]</name>
                    <title>Button with expected url (https://seriesone.dynamo-ny.com/learn/) works correctly</title>
                    <attachments/>
                    <steps/>
                </step>
                <step start="1551975598990" stop="1551975598990" status="passed">
                    <name>log[Button with expected url (https://seriesone.dynamo-ny.com/digital-security-offerings/) works correctly]</name>
                    <title>Button with expected url (https://seriesone.dynamo-ny.com/digital-security-offerings/) works correctly</title>
                    <attachments/>
                    <steps/>
                </step>
            </steps>
            <attachments/>
            <labels>
                <label name="testSuite" value="Sone tests"/>
                <label name="testGroup" value="Static Pages Tests"/>
                <label name="testClass" value="UnitClassSet.StaticPages.test_AboutInvestingPage"/>
                <label name="testMethod" value="AboutInvestingPage_HeaderButtons"/>
                <label name="host" value="vprybeha-w10"/>
                <label name="thread" value="1420@vprybeha-w10.TestNG-test=Static Pages Tests-1(14)"/>
            </labels>
        </test-case>
        <test-case start="1551975603679" stop="1551975609438" status="passed">
            <name>AboutInvestingPage_SignUpAndLogin</name>
            <steps>
                <step start="1551975607689" stop="1551975607689" status="passed">
                    <name>log[Button SignUp works correctly]</name>
                    <title>Button SignUp works correctly</title>
                    <attachments/>
                    <steps/>
                </step>
                <step start="1551975609438" stop="1551975609438" status="passed">
                    <name>log[Button Login works correctly]</name>
                    <title>Button Login works correctly</title>
                    <attachments/>
                    <steps/>
                </step>
            </steps>
            <attachments/>
            <labels>
                <label name="testSuite" value="Sone tests"/>
                <label name="testGroup" value="Static Pages Tests"/>
                <label name="testClass" value="UnitClassSet.StaticPages.test_AboutInvestingPage"/>
                <label name="testMethod" value="AboutInvestingPage_SignUpAndLogin"/>
                <label name="host" value="vprybeha-w10"/>
                <label name="thread" value="1420@vprybeha-w10.TestNG-test=Static Pages Tests-1(14)"/>
            </labels>
        </test-case>
        <test-case start="1551975875197" stop="1551975897124" status="passed">
            <name>DigitalSecurityOfferingsPage_Body</name>
            <steps>
                <step start="1551975887739" stop="1551975887739" status="passed">
                    <name>log[Button Learn more works correctly]</name>
                    <title>Button Learn more works correctly</title>
                    <attachments/>
                    <steps/>
                </step>
                <step start="1551975890136" stop="1551975890136" status="passed">
                    <name>log[Button Browse Deals works correctly]</name>
                    <title>Button Browse Deals works correctly</title>
                    <attachments/>
                    <steps/>
                </step>
                <step start="1551975892371" stop="1551975892371" status="passed">
                    <name>log[FAQ text works good]</name>
                    <title>FAQ text works good</title>
                    <attachments/>
                    <steps/>
                </step>
                <step start="1551975893001" stop="1551975893001" status="passed">
                    <name>log[FAQ text works good]</name>
                    <title>FAQ text works good</title>
                    <attachments/>
                    <steps/>
                </step>
                <step start="1551975893685" stop="1551975893685" status="passed">
                    <name>log[FAQ text works good]</name>
                    <title>FAQ text works good</title>
                    <attachments/>
                    <steps/>
                </step>
                <step start="1551975894304" stop="1551975894304" status="passed">
                    <name>log[FAQ text works good]</name>
                    <title>FAQ text works good</title>
                    <attachments/>
                    <steps/>
                </step>
                <step start="1551975894908" stop="1551975894908" status="passed">
                    <name>log[FAQ text works good]</name>
                    <title>FAQ text works good</title>
                    <attachments/>
                    <steps/>
                </step>
                <step start="1551975895554" stop="1551975895554" status="passed">
                    <name>log[FAQ text works good]</name>
                    <title>FAQ text works good</title>
                    <attachments/>
                    <steps/>
                </step>
                <step start="1551975896186" stop="1551975896186" status="passed">
                    <name>log[FAQ text works good]</name>
                    <title>FAQ text works good</title>
                    <attachments/>
                    <steps/>
                </step>
                <step start="1551975897124" stop="1551975897124" status="passed">
                    <name>log[Button FAQs works correctly]</name>
                    <title>Button FAQs works correctly</title>
                    <attachments/>
                    <steps/>
                </step>
            </steps>
            <attachments/>
            <labels>
                <label name="testSuite" value="Sone tests"/>
                <label name="testGroup" value="Static Pages Tests"/>
                <label name="testClass" value="UnitClassSet.StaticPages.test_DigitalSecurityOfferingsPage"/>
                <label name="testMethod" value="DigitalSecurityOfferingsPage_Body"/>
                <label name="host" value="vprybeha-w10"/>
                <label name="thread" value="1420@vprybeha-w10.TestNG-test=Static Pages Tests-2(142)"/>
            </labels>
        </test-case>
        <test-case start="1551975875197" stop="1551975897124" status="passed">
            <name>DigitalSecurityOfferingsPage_Body</name>
            <steps>
                <step start="1551975887739" stop="1551975887739" status="passed">
                    <name>log[Button Learn more works correctly]</name>
                    <title>Button Learn more works correctly</title>
                    <attachments/>
                    <steps/>
                </step>
                <step start="1551975890136" stop="1551975890136" status="passed">
                    <name>log[Button Browse Deals works correctly]</name>
                    <title>Button Browse Deals works correctly</title>
                    <attachments/>
                    <steps/>
                </step>
                <step start="1551975892371" stop="1551975892371" status="passed">
                    <name>log[FAQ text works good]</name>
                    <title>FAQ text works good</title>
                    <attachments/>
                    <steps/>
                </step>
                <step start="1551975893001" stop="1551975893001" status="passed">
                    <name>log[FAQ text works good]</name>
                    <title>FAQ text works good</title>
                    <attachments/>
                    <steps/>
                </step>
                <step start="1551975893685" stop="1551975893685" status="passed">
                    <name>log[FAQ text works good]</name>
                    <title>FAQ text works good</title>
                    <attachments/>
                    <steps/>
                </step>
                <step start="1551975894304" stop="1551975894304" status="passed">
                    <name>log[FAQ text works good]</name>
                    <title>FAQ text works good</title>
                    <attachments/>
                    <steps/>
                </step>
                <step start="1551975894908" stop="1551975894908" status="passed">
                    <name>log[FAQ text works good]</name>
                    <title>FAQ text works good</title>
                    <attachments/>
                    <steps/>
                </step>
                <step start="1551975895554" stop="1551975895554" status="passed">
                    <name>log[FAQ text works good]</name>
                    <title>FAQ text works good</title>
                    <attachments/>
                    <steps/>
                </step>
                <step start="1551975896186" stop="1551975896186" status="passed">
                    <name>log[FAQ text works good]</name>
                    <title>FAQ text works good</title>
                    <attachments/>
                    <steps/>
                </step>
                <step start="1551975897124" stop="1551975897124" status="passed">
                    <name>log[Button FAQs works correctly]</name>
                    <title>Button FAQs works correctly</title>
                    <attachments/>
                    <steps/>
                </step>
            </steps>
            <attachments/>
            <labels>
                <label name="testSuite" value="Sone tests"/>
                <label name="testGroup" value="Static Pages Tests"/>
                <label name="testClass" value="UnitClassSet.StaticPages.test_DigitalSecurityOfferingsPage"/>
                <label name="testMethod" value="DigitalSecurityOfferingsPage_Body"/>
                <label name="host" value="vprybeha-w10"/>
                <label name="thread" value="1420@vprybeha-w10.TestNG-test=Static Pages Tests-2(142)"/>
            </labels>
        </test-case>
        <test-case start="1551975901194" stop="1551975932843" status="passed">
            <name>DigitalSecurityOfferingsPage_FooterLinks</name>
            <steps>
                <step start="1551975905036" stop="1551975905036" status="passed">
                    <name>log[Button About Us works correctly]</name>
                    <title>Button About Us works correctly</title>
                    <attachments/>
                    <steps/>
                </step>
                <step start="1551975907332" stop="1551975907332" status="passed">
                    <name>log[Button Blog works correctly]</name>
                    <title>Button Blog works correctly</title>
                    <attachments/>
                    <steps/>
                </step>
                <step start="1551975909224" stop="1551975909224" status="passed">
                    <name>log[Button Contact Us works correctly]</name>
                    <title>Button Contact Us works correctly</title>
                    <attachments/>
                    <steps/>
                </step>
                <step start="1551975914365" stop="1551975914365" status="passed">
                    <name>log[Button Browse deals works correctly]</name>
                    <title>Button Browse deals works correctly</title>
                    <attachments/>
                    <steps/>
                </step>
                <step start="1551975915985" stop="1551975915986" status="passed">
                    <name>log[Button About Investing works correctly]</name>
                    <title>Button About Investing works correctly</title>
                    <attachments/>
                    <steps/>
                </step>
                <step start="1551975917590" stop="1551975917590" status="passed">
                    <name>log[Button Investor Questions works correctly]</name>
                    <title>Button Investor Questions works correctly</title>
                    <attachments/>
                    <steps/>
                </step>
                <step start="1551975919587" stop="1551975919587" status="passed">
                    <name>log[Button Raise Funds works correctly]</name>
                    <title>Button Raise Funds works correctly</title>
                    <attachments/>
                    <steps/>
                </step>
                <step start="1551975920983" stop="1551975920983" status="passed">
                    <name>log[Button Business Questions works correctly]</name>
                    <title>Button Business Questions works correctly</title>
                    <attachments/>
                    <steps/>
                </step>
                <step start="1551975923293" stop="1551975923293" status="passed">
                    <name>log[Button License Platform works correctly]</name>
                    <title>Button License Platform works correctly</title>
                    <attachments/>
                    <steps/>
                </step>
                <step start="1551975925101" stop="1551975925101" status="passed">
                    <name>log[Button FAQs &amp; Educations works correctly]</name>
                    <title>Button FAQs &amp; Educations works correctly</title>
                    <attachments/>
                    <steps/>
                </step>
                <step start="1551975927323" stop="1551975927323" status="passed">
                    <name>log[Button Important Disclaimer works correctly]</name>
                    <title>Button Important Disclaimer works correctly</title>
                    <attachments/>
                    <steps/>
                </step>
                <step start="1551975928775" stop="1551975928775" status="passed">
                    <name>log[Button Digital Security Offerings works correctly]</name>
                    <title>Button Digital Security Offerings works correctly</title>
                    <attachments/>
                    <steps/>
                </step>
                <step start="1551975930747" stop="1551975930747" status="passed">
                    <name>log[Button Terms of Use works correctly]</name>
                    <title>Button Terms of Use works correctly</title>
                    <attachments/>
                    <steps/>
                </step>
                <step start="1551975932843" stop="1551975932843" status="passed">
                    <name>log[Button Privacy Policy works correctly]</name>
                    <title>Button Privacy Policy works correctly</title>
                    <attachments/>
                    <steps/>
                </step>
            </steps>
            <attachments/>
            <labels>
                <label name="testSuite" value="Sone tests"/>
                <label name="testGroup" value="Static Pages Tests"/>
                <label name="testClass" value="UnitClassSet.StaticPages.test_DigitalSecurityOfferingsPage"/>
                <label name="testMethod" value="DigitalSecurityOfferingsPage_FooterLinks"/>
                <label name="host" value="vprybeha-w10"/>
                <label name="thread" value="1420@vprybeha-w10.TestNG-test=Static Pages Tests-2(142)"/>
            </labels>
        </test-case>
        <test-case start="1551975936825" stop="1551975962179" status="passed">
            <name>DigitalSecurityOfferingsPage_HeaderButtons</name>
            <steps>
                <step start="1551975948808" stop="1551975948808" status="passed">
                    <name>log[Button with expected url (https://secure-seriesone.dynamo-ny.com/deals) works correctly]</name>
                    <title>Button with expected url (https://secure-seriesone.dynamo-ny.com/deals) works correctly</title>
                    <attachments/>
                    <steps/>
                </step>
                <step start="1551975952369" stop="1551975952370" status="passed">
                    <name>log[Button with expected url (https://seriesone.dynamo-ny.com/start-raising-funds/) works correctly]</name>
                    <title>Button with expected url (https://seriesone.dynamo-ny.com/start-raising-funds/) works correctly</title>
                    <attachments/>
                    <steps/>
                </step>
                <step start="1551975955595" stop="1551975955595" status="passed">
                    <name>log[Button with expected url (https://seriesone.dynamo-ny.com/brokerone/) works correctly]</name>
                    <title>Button with expected url (https://seriesone.dynamo-ny.com/brokerone/) works correctly</title>
                    <attachments/>
                    <steps/>
                </step>
                <step start="1551975958711" stop="1551975958711" status="passed">
                    <name>log[Button with expected url (https://seriesone.dynamo-ny.com/learn/) works correctly]</name>
                    <title>Button with expected url (https://seriesone.dynamo-ny.com/learn/) works correctly</title>
                    <attachments/>
                    <steps/>
                </step>
                <step start="1551975961743" stop="1551975961743" status="passed">
                    <name>log[Button with expected url (https://seriesone.dynamo-ny.com/digital-security-offerings/) works correctly]</name>
                    <title>Button with expected url (https://seriesone.dynamo-ny.com/digital-security-offerings/) works correctly</title>
                    <attachments/>
                    <steps/>
                </step>
            </steps>
            <attachments/>
            <labels>
                <label name="testSuite" value="Sone tests"/>
                <label name="testGroup" value="Static Pages Tests"/>
                <label name="testClass" value="UnitClassSet.StaticPages.test_DigitalSecurityOfferingsPage"/>
                <label name="testMethod" value="DigitalSecurityOfferingsPage_HeaderButtons"/>
                <label name="host" value="vprybeha-w10"/>
                <label name="thread" value="1420@vprybeha-w10.TestNG-test=Static Pages Tests-2(142)"/>
            </labels>
        </test-case>
        <test-case start="1551975966087" stop="1551975972079" status="passed">
            <name>DigitalSecurityOfferingsPage_SignUpAndLogin</name>
            <steps>
                <step start="1551975969838" stop="1551975969838" status="passed">
                    <name>log[Button SignUp works correctly]</name>
                    <title>Button SignUp works correctly</title>
                    <attachments/>
                    <steps/>
                </step>
                <step start="1551975972079" stop="1551975972079" status="passed">
                    <name>log[Button Login works correctly]</name>
                    <title>Button Login works correctly</title>
                    <attachments/>
                    <steps/>
                </step>
            </steps>
            <attachments/>
            <labels>
                <label name="testSuite" value="Sone tests"/>
                <label name="testGroup" value="Static Pages Tests"/>
                <label name="testClass" value="UnitClassSet.StaticPages.test_DigitalSecurityOfferingsPage"/>
                <label name="testMethod" value="DigitalSecurityOfferingsPage_SignUpAndLogin"/>
                <label name="host" value="vprybeha-w10"/>
                <label name="thread" value="1420@vprybeha-w10.TestNG-test=Static Pages Tests-2(142)"/>
            </labels>
        </test-case>
        <test-case start="1551975976159" stop="1551976014352" status="passed">
            <name>DigitalSecurityOfferingsPage_SocialMediaIcons</name>
            <steps>
                <step start="1551975989812" stop="1551975989812" status="passed">
                    <name>log['LinkedIn Logo' button works fine]</name>
                    <title>'LinkedIn Logo' button works fine</title>
                    <attachments/>
                    <steps/>
                </step>
                <step start="1551976007398" stop="1551976007398" status="passed">
                    <name>log['Facebook Logo' button works fine]</name>
                    <title>'Facebook Logo' button works fine</title>
                    <attachments/>
                    <steps/>
                </step>
                <step start="1551976014352" stop="1551976014352" status="passed">
                    <name>log['Twitter Logo' button works fine]</name>
                    <title>'Twitter Logo' button works fine</title>
                    <attachments/>
                    <steps/>
                </step>
            </steps>
            <attachments/>
            <labels>
                <label name="testSuite" value="Sone tests"/>
                <label name="testGroup" value="Static Pages Tests"/>
                <label name="testClass" value="UnitClassSet.StaticPages.test_DigitalSecurityOfferingsPage"/>
                <label name="testMethod" value="DigitalSecurityOfferingsPage_SocialMediaIcons"/>
                <label name="host" value="vprybeha-w10"/>
                <label name="thread" value="1420@vprybeha-w10.TestNG-test=Static Pages Tests-2(142)"/>
            </labels>
        </test-case>
        <test-case start="1551976018474" stop="1551976020088" status="passed">
            <name>DigitalSecurityOfferingsPage_Title</name>
            <steps/>
            <attachments/>
            <labels>
                <label name="testSuite" value="Sone tests"/>
                <label name="testGroup" value="Static Pages Tests"/>
                <label name="testClass" value="UnitClassSet.StaticPages.test_DigitalSecurityOfferingsPage"/>
                <label name="testMethod" value="DigitalSecurityOfferingsPage_Title"/>
                <label name="host" value="vprybeha-w10"/>
                <label name="thread" value="1420@vprybeha-w10.TestNG-test=Static Pages Tests-2(142)"/>
            </labels>
        </test-case>
        <test-case start="1551976024058" stop="1551976027067" status="passed">
            <name>ContactUsPage_Body</name>
            <steps>
                <step start="1551976027067" stop="1551976027067" status="passed">
                    <name>log[All Contact Us fields displays]</name>
                    <title>All Contact Us fields displays</title>
                    <attachments/>
                    <steps/>
                </step>
            </steps>
            <attachments/>
            <labels>
                <label name="testSuite" value="Sone tests"/>
                <label name="testGroup" value="Static Pages Tests"/>
                <label name="testClass" value="UnitClassSet.StaticPages.test_ContactUsPage"/>
                <label name="testMethod" value="ContactUsPage_Body"/>
                <label name="host" value="vprybeha-w10"/>
                <label name="thread" value="1420@vprybeha-w10.TestNG-test=Static Pages Tests-2(142)"/>
            </labels>
        </test-case>
        <test-case start="1551976031193" stop="1551976062582" status="passed">
            <name>ContactUsPage_FooterLinks</name>
            <steps>
                <step start="1551976034700" stop="1551976034700" status="passed">
                    <name>log[Button About Us works correctly]</name>
                    <title>Button About Us works correctly</title>
                    <attachments/>
                    <steps/>
                </step>
                <step start="1551976036938" stop="1551976036938" status="passed">
                    <name>log[Button Blog works correctly]</name>
                    <title>Button Blog works correctly</title>
                    <attachments/>
                    <steps/>
                </step>
                <step start="1551976038318" stop="1551976038318" status="passed">
                    <name>log[Button Contact Us works correctly]</name>
                    <title>Button Contact Us works correctly</title>
                    <attachments/>
                    <steps/>
                </step>
                <step start="1551976045753" stop="1551976045753" status="passed">
                    <name>log[Button Browse deals works correctly]</name>
                    <title>Button Browse deals works correctly</title>
                    <attachments/>
                    <steps/>
                </step>
                <step start="1551976047855" stop="1551976047855" status="passed">
                    <name>log[Button About Investing works correctly]</name>
                    <title>Button About Investing works correctly</title>
                    <attachments/>
                    <steps/>
                </step>
                <step start="1551976049769" stop="1551976049769" status="passed">
                    <name>log[Button Investor Questions works correctly]</name>
                    <title>Button Investor Questions works correctly</title>
                    <attachments/>
                    <steps/>
                </step>
                <step start="1551976051505" stop="1551976051505" status="passed">
                    <name>log[Button Raise Funds works correctly]</name>
                    <title>Button Raise Funds works correctly</title>
                    <attachments/>
                    <steps/>
                </step>
                <step start="1551976053076" stop="1551976053076" status="passed">
                    <name>log[Button Business Questions works correctly]</name>
                    <title>Button Business Questions works correctly</title>
                    <attachments/>
                    <steps/>
                </step>
                <step start="1551976055425" stop="1551976055425" status="passed">
                    <name>log[Button License Platform works correctly]</name>
                    <title>Button License Platform works correctly</title>
                    <attachments/>
                    <steps/>
                </step>
                <step start="1551976056642" stop="1551976056642" status="passed">
                    <name>log[Button FAQs &amp; Educations works correctly]</name>
                    <title>Button FAQs &amp; Educations works correctly</title>
                    <attachments/>
                    <steps/>
                </step>
                <step start="1551976058428" stop="1551976058428" status="passed">
                    <name>log[Button Important Disclaimer works correctly]</name>
                    <title>Button Important Disclaimer works correctly</title>
                    <attachments/>
                    <steps/>
                </step>
                <step start="1551976059610" stop="1551976059610" status="passed">
                    <name>log[Button Digital Security Offerings works correctly]</name>
                    <title>Button Digital Security Offerings works correctly</title>
                    <attachments/>
                    <steps/>
                </step>
                <step start="1551976061400" stop="1551976061400" status="passed">
                    <name>log[Button Terms of Use works correctly]</name>
                    <title>Button Terms of Use works correctly</title>
                    <attachments/>
                    <steps/>
                </step>
                <step start="1551976062582" stop="1551976062582" status="passed">
                    <name>log[Button Privacy Policy works correctly]</name>
                    <title>Button Privacy Policy works correctly</title>
                    <attachments/>
                    <steps/>
                </step>
            </steps>
            <attachments/>
            <labels>
                <label name="testSuite" value="Sone tests"/>
                <label name="testGroup" value="Static Pages Tests"/>
                <label name="testClass" value="UnitClassSet.StaticPages.test_ContactUsPage"/>
                <label name="testMethod" value="ContactUsPage_FooterLinks"/>
                <label name="host" value="vprybeha-w10"/>
                <label name="thread" value="1420@vprybeha-w10.TestNG-test=Static Pages Tests-2(142)"/>
            </labels>
        </test-case>
        <test-case start="1551976066553" stop="1551976089752" status="passed">
            <name>ContactUsPage_HeaderButtons</name>
            <steps>
                <step start="1551976077251" stop="1551976077251" status="passed">
                    <name>log[Button with expected url (https://secure-seriesone.dynamo-ny.com/deals) works correctly]</name>
                    <title>Button with expected url (https://secure-seriesone.dynamo-ny.com/deals) works correctly</title>
                    <attachments/>
                    <steps/>
                </step>
                <step start="1551976080347" stop="1551976080347" status="passed">
                    <name>log[Button with expected url (https://seriesone.dynamo-ny.com/start-raising-funds/) works correctly]</name>
                    <title>Button with expected url (https://seriesone.dynamo-ny.com/start-raising-funds/) works correctly</title>
                    <attachments/>
                    <steps/>
                </step>
                <step start="1551976083666" stop="1551976083666" status="passed">
                    <name>log[Button with expected url (https://seriesone.dynamo-ny.com/brokerone/) works correctly]</name>
                    <title>Button with expected url (https://seriesone.dynamo-ny.com/brokerone/) works correctly</title>
                    <attachments/>
                    <steps/>
                </step>
                <step start="1551976086539" stop="1551976086539" status="passed">
                    <name>log[Button with expected url (https://seriesone.dynamo-ny.com/learn/) works correctly]</name>
                    <title>Button with expected url (https://seriesone.dynamo-ny.com/learn/) works correctly</title>
                    <attachments/>
                    <steps/>
                </step>
                <step start="1551976089032" stop="1551976089032" status="passed">
                    <name>log[Button with expected url (https://seriesone.dynamo-ny.com/digital-security-offerings/) works correctly]</name>
                    <title>Button with expected url (https://seriesone.dynamo-ny.com/digital-security-offerings/) works correctly</title>
                    <attachments/>
                    <steps/>
                </step>
            </steps>
            <attachments/>
            <labels>
                <label name="testSuite" value="Sone tests"/>
                <label name="testGroup" value="Static Pages Tests"/>
                <label name="testClass" value="UnitClassSet.StaticPages.test_ContactUsPage"/>
                <label name="testMethod" value="ContactUsPage_HeaderButtons"/>
                <label name="host" value="vprybeha-w10"/>
                <label name="thread" value="1420@vprybeha-w10.TestNG-test=Static Pages Tests-2(142)"/>
            </labels>
        </test-case>
        <test-case start="1551976093981" stop="1551976098616" status="passed">
            <name>ContactUsPage_SignUpAndLogin</name>
            <steps>
                <step start="1551976097462" stop="1551976097462" status="passed">
                    <name>log[Button SignUp works correctly]</name>
                    <title>Button SignUp works correctly</title>
                    <attachments/>
                    <steps/>
                </step>
                <step start="1551976098616" stop="1551976098616" status="passed">
                    <name>log[Button Login works correctly]</name>
                    <title>Button Login works correctly</title>
                    <attachments/>
                    <steps/>
                </step>
            </steps>
            <attachments/>
            <labels>
                <label name="testSuite" value="Sone tests"/>
                <label name="testGroup" value="Static Pages Tests"/>
                <label name="testClass" value="UnitClassSet.StaticPages.test_ContactUsPage"/>
                <label name="testMethod" value="ContactUsPage_SignUpAndLogin"/>
                <label name="host" value="vprybeha-w10"/>
                <label name="thread" value="1420@vprybeha-w10.TestNG-test=Static Pages Tests-2(142)"/>
            </labels>
        </test-case>
        <test-case start="1551976102640" stop="1551976125857" status="passed">
            <name>ContactUsPage_SocialMediaIcons</name>
            <steps>
                <step start="1551976111705" stop="1551976111705" status="passed">
                    <name>log['LinkedIn Logo' button works fine]</name>
                    <title>'LinkedIn Logo' button works fine</title>
                    <attachments/>
                    <steps/>
                </step>
                <step start="1551976118881" stop="1551976118881" status="passed">
                    <name>log['Facebook Logo' button works fine]</name>
                    <title>'Facebook Logo' button works fine</title>
                    <attachments/>
                    <steps/>
                </step>
                <step start="1551976125856" stop="1551976125856" status="passed">
                    <name>log['Twitter Logo' button works fine]</name>
                    <title>'Twitter Logo' button works fine</title>
                    <attachments/>
                    <steps/>
                </step>
            </steps>
            <attachments/>
            <labels>
                <label name="testSuite" value="Sone tests"/>
                <label name="testGroup" value="Static Pages Tests"/>
                <label name="testClass" value="UnitClassSet.StaticPages.test_ContactUsPage"/>
                <label name="testMethod" value="ContactUsPage_SocialMediaIcons"/>
                <label name="host" value="vprybeha-w10"/>
                <label name="thread" value="1420@vprybeha-w10.TestNG-test=Static Pages Tests-2(142)"/>
            </labels>
        </test-case>
        <test-case start="1551976130186" stop="1551976132596" status="passed">
            <name>ContactUsPage_Title</name>
            <steps/>
            <attachments/>
            <labels>
                <label name="testSuite" value="Sone tests"/>
                <label name="testGroup" value="Static Pages Tests"/>
                <label name="testClass" value="UnitClassSet.StaticPages.test_ContactUsPage"/>
                <label name="testMethod" value="ContactUsPage_Title"/>
                <label name="host" value="vprybeha-w10"/>
                <label name="thread" value="1420@vprybeha-w10.TestNG-test=Static Pages Tests-2(142)"/>
            </labels>
        </test-case>
        <test-case start="1551976136534" stop="1551976167661" status="passed">
            <name>AboutUsPage_FooterLinks</name>
            <steps>
                <step start="1551976139811" stop="1551976139811" status="passed">
                    <name>log[Button About Us works correctly]</name>
                    <title>Button About Us works correctly</title>
                    <attachments/>
                    <steps/>
                </step>
                <step start="1551976142000" stop="1551976142000" status="passed">
                    <name>log[Button Blog works correctly]</name>
                    <title>Button Blog works correctly</title>
                    <attachments/>
                    <steps/>
                </step>
                <step start="1551976143317" stop="1551976143317" status="passed">
                    <name>log[Button Contact Us works correctly]</name>
                    <title>Button Contact Us works correctly</title>
                    <attachments/>
                    <steps/>
                </step>
                <step start="1551976148112" stop="1551976148112" status="passed">
                    <name>log[Button Browse deals works correctly]</name>
                    <title>Button Browse deals works correctly</title>
                    <attachments/>
                    <steps/>
                </step>
                <step start="1551976149843" stop="1551976149843" status="passed">
                    <name>log[Button About Investing works correctly]</name>
                    <title>Button About Investing works correctly</title>
                    <attachments/>
                    <steps/>
                </step>
                <step start="1551976151973" stop="1551976151973" status="passed">
                    <name>log[Button Investor Questions works correctly]</name>
                    <title>Button Investor Questions works correctly</title>
                    <attachments/>
                    <steps/>
                </step>
                <step start="1551976153845" stop="1551976153845" status="passed">
                    <name>log[Button Raise Funds works correctly]</name>
                    <title>Button Raise Funds works correctly</title>
                    <attachments/>
                    <steps/>
                </step>
                <step start="1551976155937" stop="1551976155937" status="passed">
                    <name>log[Button Business Questions works correctly]</name>
                    <title>Button Business Questions works correctly</title>
                    <attachments/>
                    <steps/>
                </step>
                <step start="1551976158329" stop="1551976158329" status="passed">
                    <name>log[Button License Platform works correctly]</name>
                    <title>Button License Platform works correctly</title>
                    <attachments/>
                    <steps/>
                </step>
                <step start="1551976159956" stop="1551976159956" status="passed">
                    <name>log[Button FAQs &amp; Educations works correctly]</name>
                    <title>Button FAQs &amp; Educations works correctly</title>
                    <attachments/>
                    <steps/>
                </step>
                <step start="1551976161942" stop="1551976161942" status="passed">
                    <name>log[Button Important Disclaimer works correctly]</name>
                    <title>Button Important Disclaimer works correctly</title>
                    <attachments/>
                    <steps/>
                </step>
                <step start="1551976163467" stop="1551976163467" status="passed">
                    <name>log[Button Digital Security Offerings works correctly]</name>
                    <title>Button Digital Security Offerings works correctly</title>
                    <attachments/>
                    <steps/>
                </step>
                <step start="1551976165792" stop="1551976165792" status="passed">
                    <name>log[Button Terms of Use works correctly]</name>
                    <title>Button Terms of Use works correctly</title>
                    <attachments/>
                    <steps/>
                </step>
                <step start="1551976167661" stop="1551976167661" status="passed">
                    <name>log[Button Privacy Policy works correctly]</name>
                    <title>Button Privacy Policy works correctly</title>
                    <attachments/>
                    <steps/>
                </step>
            </steps>
            <attachments/>
            <labels>
                <label name="testSuite" value="Sone tests"/>
                <label name="testGroup" value="Static Pages Tests"/>
                <label name="testClass" value="UnitClassSet.StaticPages.test_AboutUsPage"/>
                <label name="testMethod" value="AboutUsPage_FooterLinks"/>
                <label name="host" value="vprybeha-w10"/>
                <label name="thread" value="1420@vprybeha-w10.TestNG-test=Static Pages Tests-2(142)"/>
            </labels>
        </test-case>
        <test-case start="1551976171743" stop="1551976193390" status="passed">
            <name>AboutUsPage_HeaderButtons</name>
            <steps>
                <step start="1551976180951" stop="1551976180951" status="passed">
                    <name>log[Button with expected url (https://secure-seriesone.dynamo-ny.com/deals) works correctly]</name>
                    <title>Button with expected url (https://secure-seriesone.dynamo-ny.com/deals) works correctly</title>
                    <attachments/>
                    <steps/>
                </step>
                <step start="1551976184379" stop="1551976184379" status="passed">
                    <name>log[Button with expected url (https://seriesone.dynamo-ny.com/start-raising-funds/) works correctly]</name>
                    <title>Button with expected url (https://seriesone.dynamo-ny.com/start-raising-funds/) works correctly</title>
                    <attachments/>
                    <steps/>
                </step>
                <step start="1551976187684" stop="1551976187684" status="passed">
                    <name>log[Button with expected url (https://seriesone.dynamo-ny.com/brokerone/) works correctly]</name>
                    <title>Button with expected url (https://seriesone.dynamo-ny.com/brokerone/) works correctly</title>
                    <attachments/>
                    <steps/>
                </step>
                <step start="1551976190342" stop="1551976190342" status="passed">
                    <name>log[Button with expected url (https://seriesone.dynamo-ny.com/learn/) works correctly]</name>
                    <title>Button with expected url (https://seriesone.dynamo-ny.com/learn/) works correctly</title>
                    <attachments/>
                    <steps/>
                </step>
                <step start="1551976192702" stop="1551976192702" status="passed">
                    <name>log[Button with expected url (https://seriesone.dynamo-ny.com/digital-security-offerings/) works correctly]</name>
                    <title>Button with expected url (https://seriesone.dynamo-ny.com/digital-security-offerings/) works correctly</title>
                    <attachments/>
                    <steps/>
                </step>
            </steps>
            <attachments/>
            <labels>
                <label name="testSuite" value="Sone tests"/>
                <label name="testGroup" value="Static Pages Tests"/>
                <label name="testClass" value="UnitClassSet.StaticPages.test_AboutUsPage"/>
                <label name="testMethod" value="AboutUsPage_HeaderButtons"/>
                <label name="host" value="vprybeha-w10"/>
                <label name="thread" value="1420@vprybeha-w10.TestNG-test=Static Pages Tests-2(142)"/>
            </labels>
        </test-case>
        <test-case start="1551976197387" stop="1551976208365" status="passed">
            <name>AboutUsPage_SignUpAndLogin</name>
            <steps>
                <step start="1551976200908" stop="1551976200908" status="passed">
                    <name>log[Button SignUp works correctly]</name>
                    <title>Button SignUp works correctly</title>
                    <attachments/>
                    <steps/>
                </step>
                <step start="1551976202385" stop="1551976202385" status="passed">
                    <name>log[Button Login works correctly]</name>
                    <title>Button Login works correctly</title>
                    <attachments/>
                    <steps/>
                </step>
                <step start="1551976208364" stop="1551976208364" status="passed">
                    <name>log[Button Learn More works correctly]</name>
                    <title>Button Learn More works correctly</title>
                    <attachments/>
                    <steps/>
                </step>
            </steps>
            <attachments/>
            <labels>
                <label name="testSuite" value="Sone tests"/>
                <label name="testGroup" value="Static Pages Tests"/>
                <label name="testClass" value="UnitClassSet.StaticPages.test_AboutUsPage"/>
                <label name="testMethod" value="AboutUsPage_SignUpAndLogin"/>
                <label name="host" value="vprybeha-w10"/>
                <label name="thread" value="1420@vprybeha-w10.TestNG-test=Static Pages Tests-2(142)"/>
            </labels>
        </test-case>
        <test-case start="1551976212363" stop="1551976235948" status="passed">
            <name>AboutUsPage_SocialMediaIcons</name>
            <steps>
                <step start="1551976221929" stop="1551976221929" status="passed">
                    <name>log['LinkedIn Logo' button works fine]</name>
                    <title>'LinkedIn Logo' button works fine</title>
                    <attachments/>
                    <steps/>
                </step>
                <step start="1551976228946" stop="1551976228946" status="passed">
                    <name>log['Facebook Logo' button works fine]</name>
                    <title>'Facebook Logo' button works fine</title>
                    <attachments/>
                    <steps/>
                </step>
                <step start="1551976235948" stop="1551976235948" status="passed">
                    <name>log['Twitter Logo' button works fine]</name>
                    <title>'Twitter Logo' button works fine</title>
                    <attachments/>
                    <steps/>
                </step>
            </steps>
            <attachments/>
            <labels>
                <label name="testSuite" value="Sone tests"/>
                <label name="testGroup" value="Static Pages Tests"/>
                <label name="testClass" value="UnitClassSet.StaticPages.test_AboutUsPage"/>
                <label name="testMethod" value="AboutUsPage_SocialMediaIcons"/>
                <label name="host" value="vprybeha-w10"/>
                <label name="thread" value="1420@vprybeha-w10.TestNG-test=Static Pages Tests-2(142)"/>
            </labels>
        </test-case>
        <test-case start="1551976240068" stop="1551976242824" status="passed">
            <name>AboutUsPage_Title</name>
            <steps/>
            <attachments/>
            <labels>
                <label name="testSuite" value="Sone tests"/>
                <label name="testGroup" value="Static Pages Tests"/>
                <label name="testClass" value="UnitClassSet.StaticPages.test_AboutUsPage"/>
                <label name="testMethod" value="AboutUsPage_Title"/>
                <label name="host" value="vprybeha-w10"/>
                <label name="thread" value="1420@vprybeha-w10.TestNG-test=Static Pages Tests-2(142)"/>
            </labels>
        </test-case>
        <test-case start="1551976246916" stop="1551976257200" status="passed">
            <name>BlogPage_Body</name>
            <steps>
                <step start="1551976252808" stop="1551976252808" status="passed">
                    <name>log[Button Learn more (First blog post) works correctly]</name>
                    <title>Button Learn more (First blog post) works correctly</title>
                    <attachments/>
                    <steps/>
                </step>
                <step start="1551976255473" stop="1551976255473" status="passed">
                    <name>log[Button Learn more (First blog post) works correctly]</name>
                    <title>Button Learn more (First blog post) works correctly</title>
                    <attachments/>
                    <steps/>
                </step>
                <step start="1551976256662" stop="1551976256662" status="passed">
                    <name>log[Button Learn more (First blog post) works correctly]</name>
                    <title>Button Learn more (First blog post) works correctly</title>
                    <attachments/>
                    <steps/>
                </step>
            </steps>
            <attachments/>
            <labels>
                <label name="testSuite" value="Sone tests"/>
                <label name="testGroup" value="Static Pages Tests"/>
                <label name="testClass" value="UnitClassSet.StaticPages.test_BlogPage"/>
                <label name="testMethod" value="BlogPage_Body"/>
                <label name="host" value="vprybeha-w10"/>
                <label name="thread" value="1420@vprybeha-w10.TestNG-test=Static Pages Tests-2(142)"/>
            </labels>
        </test-case>
        <test-case start="1551976261209" stop="1551976304226" status="passed">
            <name>BlogPage_FooterLinks</name>
            <steps>
                <step start="1551976265271" stop="1551976265271" status="passed">
                    <name>log[Button About Us works correctly]</name>
                    <title>Button About Us works correctly</title>
                    <attachments/>
                    <steps/>
                </step>
                <step start="1551976266558" stop="1551976266558" status="passed">
                    <name>log[Button Blog works correctly]</name>
                    <title>Button Blog works correctly</title>
                    <attachments/>
                    <steps/>
                </step>
                <step start="1551976268504" stop="1551976268504" status="passed">
                    <name>log[Button Contact Us works correctly]</name>
                    <title>Button Contact Us works correctly</title>
                    <attachments/>
                    <steps/>
                </step>
                <step start="1551976283580" stop="1551976283580" status="passed">
                    <name>log[Button Browse deals works correctly]</name>
                    <title>Button Browse deals works correctly</title>
                    <attachments/>
                    <steps/>
                </step>
                <step start="1551976285534" stop="1551976285534" status="passed">
                    <name>log[Button About Investing works correctly]</name>
                    <title>Button About Investing works correctly</title>
                    <attachments/>
                    <steps/>
                </step>
                <step start="1551976287739" stop="1551976287739" status="passed">
                    <name>log[Button Investor Questions works correctly]</name>
                    <title>Button Investor Questions works correctly</title>
                    <attachments/>
                    <steps/>
                </step>
                <step start="1551976289925" stop="1551976289925" status="passed">
                    <name>log[Button Raise Funds works correctly]</name>
                    <title>Button Raise Funds works correctly</title>
                    <attachments/>
                    <steps/>
                </step>
                <step start="1551976291861" stop="1551976291861" status="passed">
                    <name>log[Button Business Questions works correctly]</name>
                    <title>Button Business Questions works correctly</title>
                    <attachments/>
                    <steps/>
                </step>
                <step start="1551976294470" stop="1551976294470" status="passed">
                    <name>log[Button License Platform works correctly]</name>
                    <title>Button License Platform works correctly</title>
                    <attachments/>
                    <steps/>
                </step>
                <step start="1551976296606" stop="1551976296606" status="passed">
                    <name>log[Button FAQs &amp; Educations works correctly]</name>
                    <title>Button FAQs &amp; Educations works correctly</title>
                    <attachments/>
                    <steps/>
                </step>
                <step start="1551976298653" stop="1551976298653" status="passed">
                    <name>log[Button Important Disclaimer works correctly]</name>
                    <title>Button Important Disclaimer works correctly</title>
                    <attachments/>
                    <steps/>
                </step>
                <step start="1551976300359" stop="1551976300359" status="passed">
                    <name>log[Button Digital Security Offerings works correctly]</name>
                    <title>Button Digital Security Offerings works correctly</title>
                    <attachments/>
                    <steps/>
                </step>
                <step start="1551976302444" stop="1551976302444" status="passed">
                    <name>log[Button Terms of Use works correctly]</name>
                    <title>Button Terms of Use works correctly</title>
                    <attachments/>
                    <steps/>
                </step>
                <step start="1551976304226" stop="1551976304226" status="passed">
                    <name>log[Button Privacy Policy works correctly]</name>
                    <title>Button Privacy Policy works correctly</title>
                    <attachments/>
                    <steps/>
                </step>
            </steps>
            <attachments/>
            <labels>
                <label name="testSuite" value="Sone tests"/>
                <label name="testGroup" value="Static Pages Tests"/>
                <label name="testClass" value="UnitClassSet.StaticPages.test_BlogPage"/>
                <label name="testMethod" value="BlogPage_FooterLinks"/>
                <label name="host" value="vprybeha-w10"/>
                <label name="thread" value="1420@vprybeha-w10.TestNG-test=Static Pages Tests-2(142)"/>
            </labels>
        </test-case>
        <test-case start="1551976308344" stop="1551976339015" status="passed">
            <name>BlogPage_HeaderButtons</name>
            <steps>
                <step start="1551976325557" stop="1551976325557" status="passed">
                    <name>log[Button with expected url (https://secure-seriesone.dynamo-ny.com/deals) works correctly]</name>
                    <title>Button with expected url (https://secure-seriesone.dynamo-ny.com/deals) works correctly</title>
                    <attachments/>
                    <steps/>
                </step>
                <step start="1551976328992" stop="1551976328992" status="passed">
                    <name>log[Button with expected url (https://seriesone.dynamo-ny.com/start-raising-funds/) works correctly]</name>
                    <title>Button with expected url (https://seriesone.dynamo-ny.com/start-raising-funds/) works correctly</title>
                    <attachments/>
                    <steps/>
                </step>
                <step start="1551976332747" stop="1551976332747" status="passed">
                    <name>log[Button with expected url (https://seriesone.dynamo-ny.com/brokerone/) works correctly]</name>
                    <title>Button with expected url (https://seriesone.dynamo-ny.com/brokerone/) works correctly</title>
                    <attachments/>
                    <steps/>
                </step>
                <step start="1551976335689" stop="1551976335689" status="passed">
                    <name>log[Button with expected url (https://seriesone.dynamo-ny.com/learn/) works correctly]</name>
                    <title>Button with expected url (https://seriesone.dynamo-ny.com/learn/) works correctly</title>
                    <attachments/>
                    <steps/>
                </step>
                <step start="1551976338591" stop="1551976338591" status="passed">
                    <name>log[Button with expected url (https://seriesone.dynamo-ny.com/digital-security-offerings/) works correctly]</name>
                    <title>Button with expected url (https://seriesone.dynamo-ny.com/digital-security-offerings/) works correctly</title>
                    <attachments/>
                    <steps/>
                </step>
            </steps>
            <attachments/>
            <labels>
                <label name="testSuite" value="Sone tests"/>
                <label name="testGroup" value="Static Pages Tests"/>
                <label name="testClass" value="UnitClassSet.StaticPages.test_BlogPage"/>
                <label name="testMethod" value="BlogPage_HeaderButtons"/>
                <label name="host" value="vprybeha-w10"/>
                <label name="thread" value="1420@vprybeha-w10.TestNG-test=Static Pages Tests-2(142)"/>
            </labels>
        </test-case>
        <test-case start="1551976342954" stop="1551976348571" status="passed">
            <name>BlogPage_SignUpAndLogin</name>
            <steps>
                <step start="1551976346851" stop="1551976346851" status="passed">
                    <name>log[Button SignUp works correctly]</name>
                    <title>Button SignUp works correctly</title>
                    <attachments/>
                    <steps/>
                </step>
                <step start="1551976348571" stop="1551976348571" status="passed">
                    <name>log[Button Login works correctly]</name>
                    <title>Button Login works correctly</title>
                    <attachments/>
                    <steps/>
                </step>
            </steps>
            <attachments/>
            <labels>
                <label name="testSuite" value="Sone tests"/>
                <label name="testGroup" value="Static Pages Tests"/>
                <label name="testClass" value="UnitClassSet.StaticPages.test_BlogPage"/>
                <label name="testMethod" value="BlogPage_SignUpAndLogin"/>
                <label name="host" value="vprybeha-w10"/>
                <label name="thread" value="1420@vprybeha-w10.TestNG-test=Static Pages Tests-2(142)"/>
            </labels>
        </test-case>
        <test-case start="1551976352748" stop="1551976383342" status="passed">
            <name>BlogPage_SocialMediaIcons</name>
            <steps>
                <step start="1551976369103" stop="1551976369103" status="passed">
                    <name>log['LinkedIn Logo' button works fine]</name>
                    <title>'LinkedIn Logo' button works fine</title>
                    <attachments/>
                    <steps/>
                </step>
                <step start="1551976376384" stop="1551976376384" status="passed">
                    <name>log['Facebook Logo' button works fine]</name>
                    <title>'Facebook Logo' button works fine</title>
                    <attachments/>
                    <steps/>
                </step>
                <step start="1551976383342" stop="1551976383342" status="passed">
                    <name>log['Twitter Logo' button works fine]</name>
                    <title>'Twitter Logo' button works fine</title>
                    <attachments/>
                    <steps/>
                </step>
            </steps>
            <attachments/>
            <labels>
                <label name="testSuite" value="Sone tests"/>
                <label name="testGroup" value="Static Pages Tests"/>
                <label name="testClass" value="UnitClassSet.StaticPages.test_BlogPage"/>
                <label name="testMethod" value="BlogPage_SocialMediaIcons"/>
                <label name="host" value="vprybeha-w10"/>
                <label name="thread" value="1420@vprybeha-w10.TestNG-test=Static Pages Tests-2(142)"/>
            </labels>
        </test-case>
        <test-case start="1551976387585" stop="1551976389413" status="passed">
            <name>BlogPage_Title</name>
            <steps/>
            <attachments/>
            <labels>
                <label name="testSuite" value="Sone tests"/>
                <label name="testGroup" value="Static Pages Tests"/>
                <label name="testClass" value="UnitClassSet.StaticPages.test_BlogPage"/>
                <label name="testMethod" value="BlogPage_Title"/>
                <label name="host" value="vprybeha-w10"/>
                <label name="thread" value="1420@vprybeha-w10.TestNG-test=Static Pages Tests-2(142)"/>
            </labels>
        </test-case>
        <test-case start="1551976393619" stop="1551976400100" status="passed">
            <name>InvestorsQuestionsPage_Body</name>
            <steps>
                <step start="1551976396374" stop="1551976396374" status="passed">
                    <name>log[Button Learn more works correctly]</name>
                    <title>Button Learn more works correctly</title>
                    <attachments/>
                    <steps/>
                </step>
                <step start="1551976397582" stop="1551976397582" status="passed">
                    <name>log[Button Investor FAQs works correctly]</name>
                    <title>Button Investor FAQs works correctly</title>
                    <attachments/>
                    <steps/>
                </step>
                <step start="1551976399080" stop="1551976399080" status="passed">
                    <name>log[Button Business Owner FAQs works correctly]</name>
                    <title>Button Business Owner FAQs works correctly</title>
                    <attachments/>
                    <steps/>
                </step>
                <step start="1551976400100" stop="1551976400100" status="passed">
                    <name>log[Button Education Resources works correctly]</name>
                    <title>Button Education Resources works correctly</title>
                    <attachments/>
                    <steps/>
                </step>
            </steps>
            <attachments/>
            <labels>
                <label name="testSuite" value="Sone tests"/>
                <label name="testGroup" value="Static Pages Tests"/>
                <label name="testClass" value="UnitClassSet.StaticPages.test_InvestorsQuestionsPage"/>
                <label name="testMethod" value="InvestorsQuestionsPage_Body"/>
                <label name="host" value="vprybeha-w10"/>
                <label name="thread" value="1420@vprybeha-w10.TestNG-test=Static Pages Tests-2(142)"/>
            </labels>
        </test-case>
        <test-case start="1551976404143" stop="1551976440431" status="passed">
            <name>InvestorsQuestionsPage_FooterLinks</name>
            <steps>
                <step start="1551976408304" stop="1551976408305" status="passed">
                    <name>log[Button About Us works correctly]</name>
                    <title>Button About Us works correctly</title>
                    <attachments/>
                    <steps/>
                </step>
                <step start="1551976411025" stop="1551976411025" status="passed">
                    <name>log[Button Blog works correctly]</name>
                    <title>Button Blog works correctly</title>
                    <attachments/>
                    <steps/>
                </step>
                <step start="1551976413189" stop="1551976413189" status="passed">
                    <name>log[Button Contact Us works correctly]</name>
                    <title>Button Contact Us works correctly</title>
                    <attachments/>
                    <steps/>
                </step>
                <step start="1551976420296" stop="1551976420296" status="passed">
                    <name>log[Button Browse deals works correctly]</name>
                    <title>Button Browse deals works correctly</title>
                    <attachments/>
                    <steps/>
                </step>
                <step start="1551976422464" stop="1551976422464" status="passed">
                    <name>log[Button About Investing works correctly]</name>
                    <title>Button About Investing works correctly</title>
                    <attachments/>
                    <steps/>
                </step>
                <step start="1551976424237" stop="1551976424237" status="passed">
                    <name>log[Button Investor Questions works correctly]</name>
                    <title>Button Investor Questions works correctly</title>
                    <attachments/>
                    <steps/>
                </step>
                <step start="1551976426403" stop="1551976426403" status="passed">
                    <name>log[Button Raise Funds works correctly]</name>
                    <title>Button Raise Funds works correctly</title>
                    <attachments/>
                    <steps/>
                </step>
                <step start="1551976428611" stop="1551976428611" status="passed">
                    <name>log[Button Business Questions works correctly]</name>
                    <title>Button Business Questions works correctly</title>
                    <attachments/>
                    <steps/>
                </step>
                <step start="1551976431216" stop="1551976431216" status="passed">
                    <name>log[Button License Platform works correctly]</name>
                    <title>Button License Platform works correctly</title>
                    <attachments/>
                    <steps/>
                </step>
                <step start="1551976432641" stop="1551976432641" status="passed">
                    <name>log[Button FAQs &amp; Educations works correctly]</name>
                    <title>Button FAQs &amp; Educations works correctly</title>
                    <attachments/>
                    <steps/>
                </step>
                <step start="1551976434439" stop="1551976434439" status="passed">
                    <name>log[Button Important Disclaimer works correctly]</name>
                    <title>Button Important Disclaimer works correctly</title>
                    <attachments/>
                    <steps/>
                </step>
                <step start="1551976435914" stop="1551976435914" status="passed">
                    <name>log[Button Digital Security Offerings works correctly]</name>
                    <title>Button Digital Security Offerings works correctly</title>
                    <attachments/>
                    <steps/>
                </step>
                <step start="1551976438165" stop="1551976438165" status="passed">
                    <name>log[Button Terms of Use works correctly]</name>
                    <title>Button Terms of Use works correctly</title>
                    <attachments/>
                    <steps/>
                </step>
                <step start="1551976440431" stop="1551976440431" status="passed">
                    <name>log[Button Privacy Policy works correctly]</name>
                    <title>Button Privacy Policy works correctly</title>
                    <attachments/>
                    <steps/>
                </step>
            </steps>
            <attachments/>
            <labels>
                <label name="testSuite" value="Sone tests"/>
                <label name="testGroup" value="Static Pages Tests"/>
                <label name="testClass" value="UnitClassSet.StaticPages.test_InvestorsQuestionsPage"/>
                <label name="testMethod" value="InvestorsQuestionsPage_FooterLinks"/>
                <label name="host" value="vprybeha-w10"/>
                <label name="thread" value="1420@vprybeha-w10.TestNG-test=Static Pages Tests-2(142)"/>
            </labels>
        </test-case>
        <test-case start="1551976444524" stop="1551976470948" status="passed">
            <name>InvestorsQuestionsPage_HeaderButtons</name>
            <steps>
                <step start="1551976457970" stop="1551976457970" status="passed">
                    <name>log[Button with expected url (https://secure-seriesone.dynamo-ny.com/deals) works correctly]</name>
                    <title>Button with expected url (https://secure-seriesone.dynamo-ny.com/deals) works correctly</title>
                    <attachments/>
                    <steps/>
                </step>
                <step start="1551976461213" stop="1551976461213" status="passed">
                    <name>log[Button with expected url (https://seriesone.dynamo-ny.com/start-raising-funds/) works correctly]</name>
                    <title>Button with expected url (https://seriesone.dynamo-ny.com/start-raising-funds/) works correctly</title>
                    <attachments/>
                    <steps/>
                </step>
                <step start="1551976464742" stop="1551976464742" status="passed">
                    <name>log[Button with expected url (https://seriesone.dynamo-ny.com/brokerone/) works correctly]</name>
                    <title>Button with expected url (https://seriesone.dynamo-ny.com/brokerone/) works correctly</title>
                    <attachments/>
                    <steps/>
                </step>
                <step start="1551976467466" stop="1551976467466" status="passed">
                    <name>log[Button with expected url (https://seriesone.dynamo-ny.com/learn/) works correctly]</name>
                    <title>Button with expected url (https://seriesone.dynamo-ny.com/learn/) works correctly</title>
                    <attachments/>
                    <steps/>
                </step>
                <step start="1551976470327" stop="1551976470327" status="passed">
                    <name>log[Button with expected url (https://seriesone.dynamo-ny.com/digital-security-offerings/) works correctly]</name>
                    <title>Button with expected url (https://seriesone.dynamo-ny.com/digital-security-offerings/) works correctly</title>
                    <attachments/>
                    <steps/>
                </step>
            </steps>
            <attachments/>
            <labels>
                <label name="testSuite" value="Sone tests"/>
                <label name="testGroup" value="Static Pages Tests"/>
                <label name="testClass" value="UnitClassSet.StaticPages.test_InvestorsQuestionsPage"/>
                <label name="testMethod" value="InvestorsQuestionsPage_HeaderButtons"/>
                <label name="host" value="vprybeha-w10"/>
                <label name="thread" value="1420@vprybeha-w10.TestNG-test=Static Pages Tests-2(142)"/>
            </labels>
        </test-case>
        <test-case start="1551976475043" stop="1551976480991" status="passed">
            <name>InvestorsQuestionsPage_SignUpAndLogin</name>
            <steps>
                <step start="1551976478802" stop="1551976478802" status="passed">
                    <name>log[Button SignUp works correctly]</name>
                    <title>Button SignUp works correctly</title>
                    <attachments/>
                    <steps/>
                </step>
                <step start="1551976480991" stop="1551976480991" status="passed">
                    <name>log[Button Login works correctly]</name>
                    <title>Button Login works correctly</title>
                    <attachments/>
                    <steps/>
                </step>
            </steps>
            <attachments/>
            <labels>
                <label name="testSuite" value="Sone tests"/>
                <label name="testGroup" value="Static Pages Tests"/>
                <label name="testClass" value="UnitClassSet.StaticPages.test_InvestorsQuestionsPage"/>
                <label name="testMethod" value="InvestorsQuestionsPage_SignUpAndLogin"/>
                <label name="host" value="vprybeha-w10"/>
                <label name="thread" value="1420@vprybeha-w10.TestNG-test=Static Pages Tests-2(142)"/>
            </labels>
        </test-case>
        <test-case start="1551976485156" stop="1551976507864" status="passed">
            <name>InvestorsQuestionsPage_SocialMediaIcons</name>
            <steps>
                <step start="1551976493751" stop="1551976493751" status="passed">
                    <name>log['LinkedIn Logo' button works fine]</name>
                    <title>'LinkedIn Logo' button works fine</title>
                    <attachments/>
                    <steps/>
                </step>
                <step start="1551976500913" stop="1551976500913" status="passed">
                    <name>log['Facebook Logo' button works fine]</name>
                    <title>'Facebook Logo' button works fine</title>
                    <attachments/>
                    <steps/>
                </step>
                <step start="1551976507863" stop="1551976507863" status="passed">
                    <name>log['Twitter Logo' button works fine]</name>
                    <title>'Twitter Logo' button works fine</title>
                    <attachments/>
                    <steps/>
                </step>
            </steps>
            <attachments/>
            <labels>
                <label name="testSuite" value="Sone tests"/>
                <label name="testGroup" value="Static Pages Tests"/>
                <label name="testClass" value="UnitClassSet.StaticPages.test_InvestorsQuestionsPage"/>
                <label name="testMethod" value="InvestorsQuestionsPage_SocialMediaIcons"/>
                <label name="host" value="vprybeha-w10"/>
                <label name="thread" value="1420@vprybeha-w10.TestNG-test=Static Pages Tests-2(142)"/>
            </labels>
        </test-case>
        <test-case start="1551976511939" stop="1551976513680" status="passed">
            <name>InvestorsQuestionsPage_Title</name>
            <steps/>
            <attachments/>
            <labels>
                <label name="testSuite" value="Sone tests"/>
                <label name="testGroup" value="Static Pages Tests"/>
                <label name="testClass" value="UnitClassSet.StaticPages.test_InvestorsQuestionsPage"/>
                <label name="testMethod" value="InvestorsQuestionsPage_Title"/>
                <label name="host" value="vprybeha-w10"/>
                <label name="thread" value="1420@vprybeha-w10.TestNG-test=Static Pages Tests-2(142)"/>
            </labels>
        </test-case>
        <test-case start="1551976517740" stop="1551976524839" status="passed">
            <name>BusinessQuestionsPage_Body</name>
            <steps>
                <step start="1551976521430" stop="1551976521430" status="passed">
                    <name>log[Button Learn more works correctly]</name>
                    <title>Button Learn more works correctly</title>
                    <attachments/>
                    <steps/>
                </step>
                <step start="1551976522988" stop="1551976522988" status="passed">
                    <name>log[Button Investor FAQs works correctly]</name>
                    <title>Button Investor FAQs works correctly</title>
                    <attachments/>
                    <steps/>
                </step>
                <step start="1551976524065" stop="1551976524065" status="passed">
                    <name>log[Button Business Owner FAQs works correctly]</name>
                    <title>Button Business Owner FAQs works correctly</title>
                    <attachments/>
                    <steps/>
                </step>
                <step start="1551976524839" stop="1551976524839" status="passed">
                    <name>log[Button Education Resources works correctly]</name>
                    <title>Button Education Resources works correctly</title>
                    <attachments/>
                    <steps/>
                </step>
            </steps>
            <attachments/>
            <labels>
                <label name="testSuite" value="Sone tests"/>
                <label name="testGroup" value="Static Pages Tests"/>
                <label name="testClass" value="UnitClassSet.StaticPages.test_BusinessQuestionsPage"/>
                <label name="testMethod" value="BusinessQuestionsPage_Body"/>
                <label name="host" value="vprybeha-w10"/>
                <label name="thread" value="1420@vprybeha-w10.TestNG-test=Static Pages Tests-2(142)"/>
            </labels>
        </test-case>
        <test-case start="1551976528763" stop="1551976563923" status="passed">
            <name>BusinessQuestionsPage_FooterLinks</name>
            <steps>
                <step start="1551976532422" stop="1551976532422" status="passed">
                    <name>log[Button About Us works correctly]</name>
                    <title>Button About Us works correctly</title>
                    <attachments/>
                    <steps/>
                </step>
                <step start="1551976534759" stop="1551976534759" status="passed">
                    <name>log[Button Blog works correctly]</name>
                    <title>Button Blog works correctly</title>
                    <attachments/>
                    <steps/>
                </step>
                <step start="1551976536708" stop="1551976536708" status="passed">
                    <name>log[Button Contact Us works correctly]</name>
                    <title>Button Contact Us works correctly</title>
                    <attachments/>
                    <steps/>
                </step>
                <step start="1551976543170" stop="1551976543170" status="passed">
                    <name>log[Button Browse deals works correctly]</name>
                    <title>Button Browse deals works correctly</title>
                    <attachments/>
                    <steps/>
                </step>
                <step start="1551976545368" stop="1551976545368" status="passed">
                    <name>log[Button About Investing works correctly]</name>
                    <title>Button About Investing works correctly</title>
                    <attachments/>
                    <steps/>
                </step>
                <step start="1551976547381" stop="1551976547381" status="passed">
                    <name>log[Button Investor Questions works correctly]</name>
                    <title>Button Investor Questions works correctly</title>
                    <attachments/>
                    <steps/>
                </step>
                <step start="1551976550009" stop="1551976550009" status="passed">
                    <name>log[Button Raise Funds works correctly]</name>
                    <title>Button Raise Funds works correctly</title>
                    <attachments/>
                    <steps/>
                </step>
                <step start="1551976551716" stop="1551976551716" status="passed">
                    <name>log[Button Business Questions works correctly]</name>
                    <title>Button Business Questions works correctly</title>
                    <attachments/>
                    <steps/>
                </step>
                <step start="1551976554080" stop="1551976554080" status="passed">
                    <name>log[Button License Platform works correctly]</name>
                    <title>Button License Platform works correctly</title>
                    <attachments/>
                    <steps/>
                </step>
                <step start="1551976555922" stop="1551976555922" status="passed">
                    <name>log[Button FAQs &amp; Educations works correctly]</name>
                    <title>Button FAQs &amp; Educations works correctly</title>
                    <attachments/>
                    <steps/>
                </step>
                <step start="1551976558157" stop="1551976558157" status="passed">
                    <name>log[Button Important Disclaimer works correctly]</name>
                    <title>Button Important Disclaimer works correctly</title>
                    <attachments/>
                    <steps/>
                </step>
                <step start="1551976559879" stop="1551976559879" status="passed">
                    <name>log[Button Digital Security Offerings works correctly]</name>
                    <title>Button Digital Security Offerings works correctly</title>
                    <attachments/>
                    <steps/>
                </step>
                <step start="1551976562021" stop="1551976562021" status="passed">
                    <name>log[Button Terms of Use works correctly]</name>
                    <title>Button Terms of Use works correctly</title>
                    <attachments/>
                    <steps/>
                </step>
                <step start="1551976563923" stop="1551976563923" status="passed">
                    <name>log[Button Privacy Policy works correctly]</name>
                    <title>Button Privacy Policy works correctly</title>
                    <attachments/>
                    <steps/>
                </step>
            </steps>
            <attachments/>
            <labels>
                <label name="testSuite" value="Sone tests"/>
                <label name="testGroup" value="Static Pages Tests"/>
                <label name="testClass" value="UnitClassSet.StaticPages.test_BusinessQuestionsPage"/>
                <label name="testMethod" value="BusinessQuestionsPage_FooterLinks"/>
                <label name="host" value="vprybeha-w10"/>
                <label name="thread" value="1420@vprybeha-w10.TestNG-test=Static Pages Tests-2(142)"/>
            </labels>
        </test-case>
        <test-case start="1551976567846" stop="1551976589410" status="passed">
            <name>BusinessQuestionsPage_HeaderButtons</name>
            <steps>
                <step start="1551976576222" stop="1551976576222" status="passed">
                    <name>log[Button with expected url (https://secure-seriesone.dynamo-ny.com/deals) works correctly]</name>
                    <title>Button with expected url (https://secure-seriesone.dynamo-ny.com/deals) works correctly</title>
                    <attachments/>
                    <steps/>
                </step>
                <step start="1551976579308" stop="1551976579309" status="passed">
                    <name>log[Button with expected url (https://seriesone.dynamo-ny.com/start-raising-funds/) works correctly]</name>
                    <title>Button with expected url (https://seriesone.dynamo-ny.com/start-raising-funds/) works correctly</title>
                    <attachments/>
                    <steps/>
                </step>
                <step start="1551976582698" stop="1551976582698" status="passed">
                    <name>log[Button with expected url (https://seriesone.dynamo-ny.com/brokerone/) works correctly]</name>
                    <title>Button with expected url (https://seriesone.dynamo-ny.com/brokerone/) works correctly</title>
                    <attachments/>
                    <steps/>
                </step>
                <step start="1551976585747" stop="1551976585747" status="passed">
                    <name>log[Button with expected url (https://seriesone.dynamo-ny.com/learn/) works correctly]</name>
                    <title>Button with expected url (https://seriesone.dynamo-ny.com/learn/) works correctly</title>
                    <attachments/>
                    <steps/>
                </step>
                <step start="1551976588807" stop="1551976588807" status="passed">
                    <name>log[Button with expected url (https://seriesone.dynamo-ny.com/digital-security-offerings/) works correctly]</name>
                    <title>Button with expected url (https://seriesone.dynamo-ny.com/digital-security-offerings/) works correctly</title>
                    <attachments/>
                    <steps/>
                </step>
            </steps>
            <attachments/>
            <labels>
                <label name="testSuite" value="Sone tests"/>
                <label name="testGroup" value="Static Pages Tests"/>
                <label name="testClass" value="UnitClassSet.StaticPages.test_BusinessQuestionsPage"/>
                <label name="testMethod" value="BusinessQuestionsPage_HeaderButtons"/>
                <label name="host" value="vprybeha-w10"/>
                <label name="thread" value="1420@vprybeha-w10.TestNG-test=Static Pages Tests-2(142)"/>
            </labels>
        </test-case>
        <test-case start="1551976593388" stop="1551976598884" status="passed">
            <name>BusinessQuestionsPage_SignUpAndLogin</name>
            <steps>
                <step start="1551976596996" stop="1551976596996" status="passed">
                    <name>log[Button SignUp works correctly]</name>
                    <title>Button SignUp works correctly</title>
                    <attachments/>
                    <steps/>
                </step>
                <step start="1551976598884" stop="1551976598884" status="passed">
                    <name>log[Button Login works correctly]</name>
                    <title>Button Login works correctly</title>
                    <attachments/>
                    <steps/>
                </step>
            </steps>
            <attachments/>
            <labels>
                <label name="testSuite" value="Sone tests"/>
                <label name="testGroup" value="Static Pages Tests"/>
                <label name="testClass" value="UnitClassSet.StaticPages.test_BusinessQuestionsPage"/>
                <label name="testMethod" value="BusinessQuestionsPage_SignUpAndLogin"/>
                <label name="host" value="vprybeha-w10"/>
                <label name="thread" value="1420@vprybeha-w10.TestNG-test=Static Pages Tests-2(142)"/>
            </labels>
        </test-case>
        <test-case start="1551976602896" stop="1551976647084" status="passed">
            <name>BusinessQuestionsPage_SocialMediaIcons</name>
            <steps>
                <step start="1551976611425" stop="1551976611425" status="passed">
                    <name>log['LinkedIn Logo' button works fine]</name>
                    <title>'LinkedIn Logo' button works fine</title>
                    <attachments/>
                    <steps/>
                </step>
                <step start="1551976640092" stop="1551976640092" status="passed">
                    <name>log['Facebook Logo' button works fine]</name>
                    <title>'Facebook Logo' button works fine</title>
                    <attachments/>
                    <steps/>
                </step>
                <step start="1551976647084" stop="1551976647084" status="passed">
                    <name>log['Twitter Logo' button works fine]</name>
                    <title>'Twitter Logo' button works fine</title>
                    <attachments/>
                    <steps/>
                </step>
            </steps>
            <attachments/>
            <labels>
                <label name="testSuite" value="Sone tests"/>
                <label name="testGroup" value="Static Pages Tests"/>
                <label name="testClass" value="UnitClassSet.StaticPages.test_BusinessQuestionsPage"/>
                <label name="testMethod" value="BusinessQuestionsPage_SocialMediaIcons"/>
                <label name="host" value="vprybeha-w10"/>
                <label name="thread" value="1420@vprybeha-w10.TestNG-test=Static Pages Tests-2(142)"/>
            </labels>
        </test-case>
        <test-case start="1551976651197" stop="1551976653225" status="passed">
            <name>BusinessQuestionsPage_Title</name>
            <steps/>
            <attachments/>
            <labels>
                <label name="testSuite" value="Sone tests"/>
                <label name="testGroup" value="Static Pages Tests"/>
                <label name="testClass" value="UnitClassSet.StaticPages.test_BusinessQuestionsPage"/>
                <label name="testMethod" value="BusinessQuestionsPage_Title"/>
                <label name="host" value="vprybeha-w10"/>
                <label name="thread" value="1420@vprybeha-w10.TestNG-test=Static Pages Tests-2(142)"/>
            </labels>
        </test-case>
        <test-case start="1551976657204" stop="1551976662087" status="passed">
            <name>EducationResourcesPage_Body</name>
            <steps>
                <step start="1551976659582" stop="1551976659582" status="passed">
                    <name>log[Button Learn more works correctly]</name>
                    <title>Button Learn more works correctly</title>
                    <attachments/>
                    <steps/>
                </step>
                <step start="1551976660636" stop="1551976660636" status="passed">
                    <name>log[Button Investor FAQs works correctly]</name>
                    <title>Button Investor FAQs works correctly</title>
                    <attachments/>
                    <steps/>
                </step>
                <step start="1551976661669" stop="1551976661669" status="passed">
                    <name>log[Button Business Owner FAQs works correctly]</name>
                    <title>Button Business Owner FAQs works correctly</title>
                    <attachments/>
                    <steps/>
                </step>
                <step start="1551976662087" stop="1551976662087" status="passed">
                    <name>log[Button Education Resources works correctly]</name>
                    <title>Button Education Resources works correctly</title>
                    <attachments/>
                    <steps/>
                </step>
            </steps>
            <attachments/>
            <labels>
                <label name="testSuite" value="Sone tests"/>
                <label name="testGroup" value="Static Pages Tests"/>
                <label name="testClass" value="UnitClassSet.StaticPages.test_EducationResourcesPage"/>
                <label name="testMethod" value="EducationResourcesPage_Body"/>
                <label name="host" value="vprybeha-w10"/>
                <label name="thread" value="1420@vprybeha-w10.TestNG-test=Static Pages Tests-2(142)"/>
            </labels>
        </test-case>
        <test-case start="1551976666145" stop="1551976698708" status="broken">
            <name>EducationResourcesPage_FooterLinks</name>
            <failure>
                <message>InvalidSelectorException: invalid selector: Unable to locate an element with the xpath expression /html/body/div[2]/div[3]/footer/div[2]/div/div/a[1]1] because of the following error:
SyntaxError: Failed to execute 'evaluate' on 'Document': The string '/html/body/div[2]/div[3]/footer/div[2]/div/div/a[1]1]' is not a valid XPath expression.
  (Session info: chrome=72.0.3626.121)
  (Driver info: chromedriver=2.46.628402 (536cd7adbad73a3783fdc2cab92ab2ba7ec361e1),platform=Windows NT 10.0.17763 x86_64) (WARNING: The server did not provide any stacktrace information)
Command duration or timeout: 0 milliseconds
For documentation on this error, please visit: http://seleniumhq.org/exceptions/invalid_selector_exception.html
Build info: version: '3.14.0', revision: 'aacccce0', time: '2018-08-02T20:19:58.91Z'
System info: host: 'VPRYBEHA-W10', ip: '10.91.130.113', os.name: 'Windows 10', os.arch: 'amd64', os.version: '10.0', java.version: '1.8.0_191'
Driver info: org.openqa.selenium.chrome.ChromeDriver
Capabilities {acceptInsecureCerts: false, acceptSslCerts: false, applicationCacheEnabled: false, browserConnectionEnabled: false, browserName: chrome, chrome: {chromedriverVersion: 2.46.628402 (536cd7adbad73a..., userDataDir: D:\Share\vprybeha\Trash\sco...}, cssSelectorsEnabled: true, databaseEnabled: false, goog:chromeOptions: {debuggerAddress: localhost:60862}, handlesAlerts: true, hasTouchScreen: false, javascriptEnabled: true, locationContextEnabled: true, mobileEmulationEnabled: false, nativeEvents: true, networkConnectionEnabled: false, pageLoadStrategy: normal, platform: XP, platformName: XP, proxy: Proxy(), rotatable: false, setWindowRect: true, strictFileInteractability: false, takesHeapSnapshot: true, takesScreenshot: true, timeouts: {implicit: 0, pageLoad: 300000, script: 30000}, unexpectedAlertBehaviour: ignore, unhandledPromptBehavior: ignore, version: 72.0.3626.121, webStorageEnabled: true}
Session ID: b7c018d5af3869e9a4537f1f3c0062c2
*** Element info: {Using=xpath, value=/html/body/div[2]/div[3]/footer/div[2]/div/div/a[1]1]}</message>
                <stack-trace>org.openqa.selenium.InvalidSelectorException: invalid selector: Unable to locate an element with the xpath expression /html/body/div[2]/div[3]/footer/div[2]/div/div/a[1]1] because of the following error:
SyntaxError: Failed to execute 'evaluate' on 'Document': The string '/html/body/div[2]/div[3]/footer/div[2]/div/div/a[1]1]' is not a valid XPath expression.
  (Session info: chrome=72.0.3626.121)
  (Driver info: chromedriver=2.46.628402 (536cd7adbad73a3783fdc2cab92ab2ba7ec361e1),platform=Windows NT 10.0.17763 x86_64) (WARNING: The server did not provide any stacktrace information)
Command duration or timeout: 0 milliseconds
For documentation on this error, please visit: http://seleniumhq.org/exceptions/invalid_selector_exception.html
Build info: version: '3.14.0', revision: 'aacccce0', time: '2018-08-02T20:19:58.91Z'
System info: host: 'VPRYBEHA-W10', ip: '10.91.130.113', os.name: 'Windows 10', os.arch: 'amd64', os.version: '10.0', java.version: '1.8.0_191'
Driver info: org.openqa.selenium.chrome.ChromeDriver
Capabilities {acceptInsecureCerts: false, acceptSslCerts: false, applicationCacheEnabled: false, browserConnectionEnabled: false, browserName: chrome, chrome: {chromedriverVersion: 2.46.628402 (536cd7adbad73a..., userDataDir: D:\Share\vprybeha\Trash\sco...}, cssSelectorsEnabled: true, databaseEnabled: false, goog:chromeOptions: {debuggerAddress: localhost:60862}, handlesAlerts: true, hasTouchScreen: false, javascriptEnabled: true, locationContextEnabled: true, mobileEmulationEnabled: false, nativeEvents: true, networkConnectionEnabled: false, pageLoadStrategy: normal, platform: XP, platformName: XP, proxy: Proxy(), rotatable: false, setWindowRect: true, strictFileInteractability: false, takesHeapSnapshot: true, takesScreenshot: true, timeouts: {implicit: 0, pageLoad: 300000, script: 30000}, unexpectedAlertBehaviour: ignore, unhandledPromptBehavior: ignore, version: 72.0.3626.121, webStorageEnabled: true}
Session ID: b7c018d5af3869e9a4537f1f3c0062c2
*** Element info: {Using=xpath, value=/html/body/div[2]/div[3]/footer/div[2]/div/div/a[1]1]}
	at sun.reflect.NativeConstructorAccessorImpl.newInstance0(Native Method)
	at sun.reflect.NativeConstructorAccessorImpl.newInstance(NativeConstructorAccessorImpl.java:62)
	at sun.reflect.DelegatingConstructorAccessorImpl.newInstance(DelegatingConstructorAccessorImpl.java:45)
	at java.lang.reflect.Constructor.newInstance(Constructor.java:423)
	at org.openqa.selenium.remote.ErrorHandler.createThrowable(ErrorHandler.java:214)
	at org.openqa.selenium.remote.ErrorHandler.throwIfResponseFailed(ErrorHandler.java:166)
	at org.openqa.selenium.remote.http.JsonHttpResponseCodec.reconstructValue(JsonHttpResponseCodec.java:40)
	at org.openqa.selenium.remote.http.AbstractHttpResponseCodec.decode(AbstractHttpResponseCodec.java:80)
	at org.openqa.selenium.remote.http.AbstractHttpResponseCodec.decode(AbstractHttpResponseCodec.java:44)
	at org.openqa.selenium.remote.HttpCommandExecutor.execute(HttpCommandExecutor.java:158)
	at org.openqa.selenium.remote.service.DriverCommandExecutor.execute(DriverCommandExecutor.java:83)
	at org.openqa.selenium.remote.RemoteWebDriver.execute(RemoteWebDriver.java:548)
	at org.openqa.selenium.remote.RemoteWebDriver.findElement(RemoteWebDriver.java:322)
	at org.openqa.selenium.remote.RemoteWebDriver.findElementByXPath(RemoteWebDriver.java:424)
	at org.openqa.selenium.By$ByXPath.findElement(By.java:353)
	at org.openqa.selenium.remote.RemoteWebDriver.findElement(RemoteWebDriver.java:314)
	at UnitClassSet.StaticPages.CheckLink.CheckLinkURL(CheckLink.java:11)
	at UnitClassSet.StaticPages.FooterLinks.LinksCheck(FooterLinks.java:88)
	at UnitClassSet.StaticPages.test_EducationResourcesPage.EducationResourcesPage_FooterLinks(test_EducationResourcesPage.java:89)
	at sun.reflect.NativeMethodAccessorImpl.invoke0(Native Method)
	at sun.reflect.NativeMethodAccessorImpl.invoke(NativeMethodAccessorImpl.java:62)
	at sun.reflect.DelegatingMethodAccessorImpl.invoke(DelegatingMethodAccessorImpl.java:43)
	at java.lang.reflect.Method.invoke(Method.java:498)
	at org.testng.internal.MethodInvocationHelper.invokeMethod(MethodInvocationHelper.java:124)
	at org.testng.internal.Invoker.invokeMethod(Invoker.java:583)
	at org.testng.internal.Invoker.invokeTestMethod(Invoker.java:719)
	at org.testng.internal.Invoker.invokeTestMethods(Invoker.java:989)
	at org.testng.internal.TestMethodWorker.invokeTestMethods(TestMethodWorker.java:125)
	at org.testng.internal.TestMethodWorker.run(TestMethodWorker.java:109)
	at java.util.concurrent.ThreadPoolExecutor.runWorker(ThreadPoolExecutor.java:1149)
	at java.util.concurrent.ThreadPoolExecutor$Worker.run(ThreadPoolExecutor.java:624)
	at java.lang.Thread.run(Thread.java:748)
</stack-trace>
            </failure>
            <steps>
                <step start="1551976671516" stop="1551976671516" status="passed">
                    <name>log[Button About Us works correctly]</name>
                    <title>Button About Us works correctly</title>
                </step>
                <step start="1551976673748" stop="1551976673748" status="passed">
                    <name>log[Button Blog works correctly]</name>
                    <title>Button Blog works correctly</title>
                </step>
                <step start="1551976675709" stop="1551976675709" status="passed">
                    <name>log[Button Contact Us works correctly]</name>
                    <title>Button Contact Us works correctly</title>
                </step>
                <step start="1551976681164" stop="1551976681164" status="passed">
                    <name>log[Button Browse deals works correctly]</name>
                    <title>Button Browse deals works correctly</title>
                </step>
                <step start="1551976682863" stop="1551976682863" status="passed">
                    <name>log[Button About Investing works correctly]</name>
                    <title>Button About Investing works correctly</title>
                </step>
                <step start="1551976684758" stop="1551976684758" status="passed">
                    <name>log[Button Investor Questions works correctly]</name>
                    <title>Button Investor Questions works correctly</title>
                </step>
                <step start="1551976687184" stop="1551976687184" status="passed">
                    <name>log[Button Raise Funds works correctly]</name>
                    <title>Button Raise Funds works correctly</title>
                </step>
                <step start="1551976689155" stop="1551976689155" status="passed">
                    <name>log[Button Business Questions works correctly]</name>
                    <title>Button Business Questions works correctly</title>
                </step>
                <step start="1551976692798" stop="1551976692798" status="passed">
                    <name>log[Button License Platform works correctly]</name>
                    <title>Button License Platform works correctly</title>
                </step>
                <step start="1551976694152" stop="1551976694152" status="passed">
                    <name>log[Button FAQs &amp; Educations works correctly]</name>
                    <title>Button FAQs &amp; Educations works correctly</title>
                </step>
                <step start="1551976695950" stop="1551976695951" status="passed">
                    <name>log[Button Important Disclaimer works correctly]</name>
                    <title>Button Important Disclaimer works correctly</title>
                </step>
                <step start="1551976697815" stop="1551976697815" status="passed">
                    <name>log[Button Digital Security Offerings works correctly]</name>
                    <title>Button Digital Security Offerings works correctly</title>
                </step>
            </steps>
            <attachments>
                <attachment title="makeScreenshot" source="997da509-0ac8-4729-8104-15ef813e90a2-attachment.png" type="image/png"/>
            </attachments>
            <labels>
                <label name="testSuite" value="Sone tests"/>
                <label name="testGroup" value="Static Pages Tests"/>
                <label name="testClass" value="UnitClassSet.StaticPages.test_EducationResourcesPage"/>
                <label name="testMethod" value="EducationResourcesPage_FooterLinks"/>
                <label name="host" value="vprybeha-w10"/>
                <label name="thread" value="1420@vprybeha-w10.TestNG-test=Static Pages Tests-2(142)"/>
            </labels>
        </test-case>
        <test-case start="1551976702700" stop="1551976728060" status="passed">
            <name>EducationResourcesPage_HeaderButtons</name>
            <steps>
                <step start="1551976699096" stop="1551976699096" status="passed">
                    <name>log[Something goes wrong in EducationResourcesPage_FooterLinks]</name>
                    <title>Something goes wrong in EducationResourcesPage_FooterLinks</title>
                    <attachments/>
                    <steps/>
                </step>
                <step start="1551976715167" stop="1551976715167" status="passed">
                    <name>log[Button with expected url (https://secure-seriesone.dynamo-ny.com/deals) works correctly]</name>
                    <title>Button with expected url (https://secure-seriesone.dynamo-ny.com/deals) works correctly</title>
                    <attachments/>
                    <steps/>
                </step>
                <step start="1551976718703" stop="1551976718703" status="passed">
                    <name>log[Button with expected url (https://seriesone.dynamo-ny.com/start-raising-funds/) works correctly]</name>
                    <title>Button with expected url (https://seriesone.dynamo-ny.com/start-raising-funds/) works correctly</title>
                    <attachments/>
                    <steps/>
                </step>
                <step start="1551976722271" stop="1551976722271" status="passed">
                    <name>log[Button with expected url (https://seriesone.dynamo-ny.com/brokerone/) works correctly]</name>
                    <title>Button with expected url (https://seriesone.dynamo-ny.com/brokerone/) works correctly</title>
                    <attachments/>
                    <steps/>
                </step>
                <step start="1551976725210" stop="1551976725210" status="passed">
                    <name>log[Button with expected url (https://seriesone.dynamo-ny.com/learn/) works correctly]</name>
                    <title>Button with expected url (https://seriesone.dynamo-ny.com/learn/) works correctly</title>
                    <attachments/>
                    <steps/>
                </step>
                <step start="1551976727741" stop="1551976727741" status="passed">
                    <name>log[Button with expected url (https://seriesone.dynamo-ny.com/digital-security-offerings/) works correctly]</name>
                    <title>Button with expected url (https://seriesone.dynamo-ny.com/digital-security-offerings/) works correctly</title>
                    <attachments/>
                    <steps/>
                </step>
            </steps>
            <attachments/>
            <labels>
                <label name="testSuite" value="Sone tests"/>
                <label name="testGroup" value="Static Pages Tests"/>
                <label name="testClass" value="UnitClassSet.StaticPages.test_EducationResourcesPage"/>
                <label name="testMethod" value="EducationResourcesPage_HeaderButtons"/>
                <label name="host" value="vprybeha-w10"/>
                <label name="thread" value="1420@vprybeha-w10.TestNG-test=Static Pages Tests-2(142)"/>
            </labels>
        </test-case>
        <test-case start="1551976732270" stop="1551976738212" status="passed">
            <name>EducationResourcesPage_SignUpAndLogin</name>
            <steps>
                <step start="1551976736055" stop="1551976736055" status="passed">
                    <name>log[Button SignUp works correctly]</name>
                    <title>Button SignUp works correctly</title>
                    <attachments/>
                    <steps/>
                </step>
                <step start="1551976738212" stop="1551976738212" status="passed">
                    <name>log[Button Login works correctly]</name>
                    <title>Button Login works correctly</title>
                    <attachments/>
                    <steps/>
                </step>
            </steps>
            <attachments/>
            <labels>
                <label name="testSuite" value="Sone tests"/>
                <label name="testGroup" value="Static Pages Tests"/>
                <label name="testClass" value="UnitClassSet.StaticPages.test_EducationResourcesPage"/>
                <label name="testMethod" value="EducationResourcesPage_SignUpAndLogin"/>
                <label name="host" value="vprybeha-w10"/>
                <label name="thread" value="1420@vprybeha-w10.TestNG-test=Static Pages Tests-2(142)"/>
            </labels>
        </test-case>
        <test-case start="1551976742669" stop="1551976766155" status="passed">
            <name>EducationResourcesPage_SocialMediaIcons</name>
            <steps>
                <step start="1551976751659" stop="1551976751659" status="passed">
                    <name>log['LinkedIn Logo' button works fine]</name>
                    <title>'LinkedIn Logo' button works fine</title>
                    <attachments/>
                    <steps/>
                </step>
                <step start="1551976759174" stop="1551976759174" status="passed">
                    <name>log['Facebook Logo' button works fine]</name>
                    <title>'Facebook Logo' button works fine</title>
                    <attachments/>
                    <steps/>
                </step>
                <step start="1551976766155" stop="1551976766155" status="passed">
                    <name>log['Twitter Logo' button works fine]</name>
                    <title>'Twitter Logo' button works fine</title>
                    <attachments/>
                    <steps/>
                </step>
            </steps>
            <attachments/>
            <labels>
                <label name="testSuite" value="Sone tests"/>
                <label name="testGroup" value="Static Pages Tests"/>
                <label name="testClass" value="UnitClassSet.StaticPages.test_EducationResourcesPage"/>
                <label name="testMethod" value="EducationResourcesPage_SocialMediaIcons"/>
                <label name="host" value="vprybeha-w10"/>
                <label name="thread" value="1420@vprybeha-w10.TestNG-test=Static Pages Tests-2(142)"/>
            </labels>
        </test-case>
        <test-case start="1551976770214" stop="1551976771774" status="passed">
            <name>EducationResourcesPage_Title</name>
            <steps/>
            <attachments/>
            <labels>
                <label name="testSuite" value="Sone tests"/>
                <label name="testGroup" value="Static Pages Tests"/>
                <label name="testClass" value="UnitClassSet.StaticPages.test_EducationResourcesPage"/>
                <label name="testMethod" value="EducationResourcesPage_Title"/>
                <label name="host" value="vprybeha-w10"/>
                <label name="thread" value="1420@vprybeha-w10.TestNG-test=Static Pages Tests-2(142)"/>
            </labels>
        </test-case>
        <test-case start="1551976775700" stop="1551976806568" status="passed">
            <name>ImportantDisclaimerPage_FooterLinks</name>
            <steps>
                <step start="1551976779384" stop="1551976779384" status="passed">
                    <name>log[Button About Us works correctly]</name>
                    <title>Button About Us works correctly</title>
                    <attachments/>
                    <steps/>
                </step>
                <step start="1551976781624" stop="1551976781624" status="passed">
                    <name>log[Button Blog works correctly]</name>
                    <title>Button Blog works correctly</title>
                    <attachments/>
                    <steps/>
                </step>
                <step start="1551976783216" stop="1551976783216" status="passed">
                    <name>log[Button Contact Us works correctly]</name>
                    <title>Button Contact Us works correctly</title>
                    <attachments/>
                    <steps/>
                </step>
                <step start="1551976788659" stop="1551976788659" status="passed">
                    <name>log[Button Browse deals works correctly]</name>
                    <title>Button Browse deals works correctly</title>
                    <attachments/>
                    <steps/>
                </step>
                <step start="1551976790414" stop="1551976790414" status="passed">
                    <name>log[Button About Investing works correctly]</name>
                    <title>Button About Investing works correctly</title>
                    <attachments/>
                    <steps/>
                </step>
                <step start="1551976792197" stop="1551976792197" status="passed">
                    <name>log[Button Investor Questions works correctly]</name>
                    <title>Button Investor Questions works correctly</title>
                    <attachments/>
                    <steps/>
                </step>
                <step start="1551976794218" stop="1551976794218" status="passed">
                    <name>log[Button Raise Funds works correctly]</name>
                    <title>Button Raise Funds works correctly</title>
                    <attachments/>
                    <steps/>
                </step>
                <step start="1551976796104" stop="1551976796104" status="passed">
                    <name>log[Button Business Questions works correctly]</name>
                    <title>Button Business Questions works correctly</title>
                    <attachments/>
                    <steps/>
                </step>
                <step start="1551976798596" stop="1551976798596" status="passed">
                    <name>log[Button License Platform works correctly]</name>
                    <title>Button License Platform works correctly</title>
                    <attachments/>
                    <steps/>
                </step>
                <step start="1551976800157" stop="1551976800157" status="passed">
                    <name>log[Button FAQs &amp; Educations works correctly]</name>
                    <title>Button FAQs &amp; Educations works correctly</title>
                    <attachments/>
                    <steps/>
                </step>
                <step start="1551976801795" stop="1551976801795" status="passed">
                    <name>log[Button Important Disclaimer works correctly]</name>
                    <title>Button Important Disclaimer works correctly</title>
                    <attachments/>
                    <steps/>
                </step>
                <step start="1551976803175" stop="1551976803175" status="passed">
                    <name>log[Button Digital Security Offerings works correctly]</name>
                    <title>Button Digital Security Offerings works correctly</title>
                    <attachments/>
                    <steps/>
                </step>
                <step start="1551976805094" stop="1551976805094" status="passed">
                    <name>log[Button Terms of Use works correctly]</name>
                    <title>Button Terms of Use works correctly</title>
                    <attachments/>
                    <steps/>
                </step>
                <step start="1551976806568" stop="1551976806568" status="passed">
                    <name>log[Button Privacy Policy works correctly]</name>
                    <title>Button Privacy Policy works correctly</title>
                    <attachments/>
                    <steps/>
                </step>
            </steps>
            <attachments/>
            <labels>
                <label name="testSuite" value="Sone tests"/>
                <label name="testGroup" value="Static Pages Tests"/>
                <label name="testClass" value="UnitClassSet.StaticPages.test_ImportantDisclaimerPage"/>
                <label name="testMethod" value="ImportantDisclaimerPage_FooterLinks"/>
                <label name="host" value="vprybeha-w10"/>
                <label name="thread" value="1420@vprybeha-w10.TestNG-test=Static Pages Tests-2(142)"/>
            </labels>
        </test-case>
        <test-case start="1551976810740" stop="1551976832836" status="passed">
            <name>ImportantDisclaimerPage_HeaderButtons</name>
            <steps>
                <step start="1551976819083" stop="1551976819083" status="passed">
                    <name>log[Button with expected url (https://secure-seriesone.dynamo-ny.com/deals) works correctly]</name>
                    <title>Button with expected url (https://secure-seriesone.dynamo-ny.com/deals) works correctly</title>
                    <attachments/>
                    <steps/>
                </step>
                <step start="1551976822577" stop="1551976822577" status="passed">
                    <name>log[Button with expected url (https://seriesone.dynamo-ny.com/start-raising-funds/) works correctly]</name>
                    <title>Button with expected url (https://seriesone.dynamo-ny.com/start-raising-funds/) works correctly</title>
                    <attachments/>
                    <steps/>
                </step>
                <step start="1551976826130" stop="1551976826130" status="passed">
                    <name>log[Button with expected url (https://seriesone.dynamo-ny.com/brokerone/) works correctly]</name>
                    <title>Button with expected url (https://seriesone.dynamo-ny.com/brokerone/) works correctly</title>
                    <attachments/>
                    <steps/>
                </step>
                <step start="1551976828857" stop="1551976828857" status="passed">
                    <name>log[Button with expected url (https://seriesone.dynamo-ny.com/learn/) works correctly]</name>
                    <title>Button with expected url (https://seriesone.dynamo-ny.com/learn/) works correctly</title>
                    <attachments/>
                    <steps/>
                </step>
                <step start="1551976831814" stop="1551976831814" status="passed">
                    <name>log[Button with expected url (https://seriesone.dynamo-ny.com/digital-security-offerings/) works correctly]</name>
                    <title>Button with expected url (https://seriesone.dynamo-ny.com/digital-security-offerings/) works correctly</title>
                    <attachments/>
                    <steps/>
                </step>
            </steps>
            <attachments/>
            <labels>
                <label name="testSuite" value="Sone tests"/>
                <label name="testGroup" value="Static Pages Tests"/>
                <label name="testClass" value="UnitClassSet.StaticPages.test_ImportantDisclaimerPage"/>
                <label name="testMethod" value="ImportantDisclaimerPage_HeaderButtons"/>
                <label name="host" value="vprybeha-w10"/>
                <label name="thread" value="1420@vprybeha-w10.TestNG-test=Static Pages Tests-2(142)"/>
            </labels>
        </test-case>
        <test-case start="1551976836909" stop="1551976842022" status="passed">
            <name>ImportantDisclaimerPage_SignUpAndLogin</name>
            <steps>
                <step start="1551976840434" stop="1551976840434" status="passed">
                    <name>log[Button SignUp works correctly]</name>
                    <title>Button SignUp works correctly</title>
                    <attachments/>
                    <steps/>
                </step>
                <step start="1551976842022" stop="1551976842022" status="passed">
                    <name>log[Button Login works correctly]</name>
                    <title>Button Login works correctly</title>
                    <attachments/>
                    <steps/>
                </step>
            </steps>
            <attachments/>
            <labels>
                <label name="testSuite" value="Sone tests"/>
                <label name="testGroup" value="Static Pages Tests"/>
                <label name="testClass" value="UnitClassSet.StaticPages.test_ImportantDisclaimerPage"/>
                <label name="testMethod" value="ImportantDisclaimerPage_SignUpAndLogin"/>
                <label name="host" value="vprybeha-w10"/>
                <label name="thread" value="1420@vprybeha-w10.TestNG-test=Static Pages Tests-2(142)"/>
            </labels>
        </test-case>
        <test-case start="1551976846112" stop="1551976869841" status="passed">
            <name>ImportantDisclaimerPage_SocialMediaIcons</name>
            <steps>
                <step start="1551976855777" stop="1551976855777" status="passed">
                    <name>log['LinkedIn Logo' button works fine]</name>
                    <title>'LinkedIn Logo' button works fine</title>
                    <attachments/>
                    <steps/>
                </step>
                <step start="1551976862938" stop="1551976862938" status="passed">
                    <name>log['Facebook Logo' button works fine]</name>
                    <title>'Facebook Logo' button works fine</title>
                    <attachments/>
                    <steps/>
                </step>
                <step start="1551976869840" stop="1551976869840" status="passed">
                    <name>log['Twitter Logo' button works fine]</name>
                    <title>'Twitter Logo' button works fine</title>
                    <attachments/>
                    <steps/>
                </step>
            </steps>
            <attachments/>
            <labels>
                <label name="testSuite" value="Sone tests"/>
                <label name="testGroup" value="Static Pages Tests"/>
                <label name="testClass" value="UnitClassSet.StaticPages.test_ImportantDisclaimerPage"/>
                <label name="testMethod" value="ImportantDisclaimerPage_SocialMediaIcons"/>
                <label name="host" value="vprybeha-w10"/>
                <label name="thread" value="1420@vprybeha-w10.TestNG-test=Static Pages Tests-2(142)"/>
            </labels>
        </test-case>
        <test-case start="1551976873993" stop="1551976876817" status="passed">
            <name>ImportantDisclaimerPage_Title</name>
            <steps/>
            <attachments/>
            <labels>
                <label name="testSuite" value="Sone tests"/>
                <label name="testGroup" value="Static Pages Tests"/>
                <label name="testClass" value="UnitClassSet.StaticPages.test_ImportantDisclaimerPage"/>
                <label name="testMethod" value="ImportantDisclaimerPage_Title"/>
                <label name="host" value="vprybeha-w10"/>
                <label name="thread" value="1420@vprybeha-w10.TestNG-test=Static Pages Tests-2(142)"/>
            </labels>
        </test-case>
        <test-case start="1551976880956" stop="1551976920451" status="passed">
            <name>TermsOfUsePage_FooterLinks</name>
            <steps>
                <step start="1551976884762" stop="1551976884762" status="passed">
                    <name>log[Button About Us works correctly]</name>
                    <title>Button About Us works correctly</title>
                    <attachments/>
                    <steps/>
                </step>
                <step start="1551976887248" stop="1551976887248" status="passed">
                    <name>log[Button Blog works correctly]</name>
                    <title>Button Blog works correctly</title>
                    <attachments/>
                    <steps/>
                </step>
                <step start="1551976888979" stop="1551976888979" status="passed">
                    <name>log[Button Contact Us works correctly]</name>
                    <title>Button Contact Us works correctly</title>
                    <attachments/>
                    <steps/>
                </step>
                <step start="1551976900193" stop="1551976900193" status="passed">
                    <name>log[Button Browse deals works correctly]</name>
                    <title>Button Browse deals works correctly</title>
                    <attachments/>
                    <steps/>
                </step>
                <step start="1551976902127" stop="1551976902127" status="passed">
                    <name>log[Button About Investing works correctly]</name>
                    <title>Button About Investing works correctly</title>
                    <attachments/>
                    <steps/>
                </step>
                <step start="1551976903952" stop="1551976903952" status="passed">
                    <name>log[Button Investor Questions works correctly]</name>
                    <title>Button Investor Questions works correctly</title>
                    <attachments/>
                    <steps/>
                </step>
                <step start="1551976905919" stop="1551976905919" status="passed">
                    <name>log[Button Raise Funds works correctly]</name>
                    <title>Button Raise Funds works correctly</title>
                    <attachments/>
                    <steps/>
                </step>
                <step start="1551976907834" stop="1551976907835" status="passed">
                    <name>log[Button Business Questions works correctly]</name>
                    <title>Button Business Questions works correctly</title>
                    <attachments/>
                    <steps/>
                </step>
                <step start="1551976910842" stop="1551976910842" status="passed">
                    <name>log[Button License Platform works correctly]</name>
                    <title>Button License Platform works correctly</title>
                    <attachments/>
                    <steps/>
                </step>
                <step start="1551976912944" stop="1551976912944" status="passed">
                    <name>log[Button FAQs &amp; Educations works correctly]</name>
                    <title>Button FAQs &amp; Educations works correctly</title>
                    <attachments/>
                    <steps/>
                </step>
                <step start="1551976914741" stop="1551976914741" status="passed">
                    <name>log[Button Important Disclaimer works correctly]</name>
                    <title>Button Important Disclaimer works correctly</title>
                    <attachments/>
                    <steps/>
                </step>
                <step start="1551976916692" stop="1551976916692" status="passed">
                    <name>log[Button Digital Security Offerings works correctly]</name>
                    <title>Button Digital Security Offerings works correctly</title>
                    <attachments/>
                    <steps/>
                </step>
                <step start="1551976918751" stop="1551976918751" status="passed">
                    <name>log[Button Terms of Use works correctly]</name>
                    <title>Button Terms of Use works correctly</title>
                    <attachments/>
                    <steps/>
                </step>
                <step start="1551976920451" stop="1551976920451" status="passed">
                    <name>log[Button Privacy Policy works correctly]</name>
                    <title>Button Privacy Policy works correctly</title>
                    <attachments/>
                    <steps/>
                </step>
            </steps>
            <attachments/>
            <labels>
                <label name="testSuite" value="Sone tests"/>
                <label name="testGroup" value="Static Pages Tests"/>
                <label name="testClass" value="UnitClassSet.StaticPages.test_TermsOfUsePage"/>
                <label name="testMethod" value="TermsOfUsePage_FooterLinks"/>
                <label name="host" value="vprybeha-w10"/>
                <label name="thread" value="1420@vprybeha-w10.TestNG-test=Static Pages Tests-2(142)"/>
            </labels>
        </test-case>
        <test-case start="1551976924566" stop="1551976948432" status="passed">
            <name>TermsOfUsePage_HeaderButtons</name>
            <steps>
                <step start="1551976934967" stop="1551976934967" status="passed">
                    <name>log[Button with expected url (https://secure-seriesone.dynamo-ny.com/deals) works correctly]</name>
                    <title>Button with expected url (https://secure-seriesone.dynamo-ny.com/deals) works correctly</title>
                    <attachments/>
                    <steps/>
                </step>
                <step start="1551976938188" stop="1551976938188" status="passed">
                    <name>log[Button with expected url (https://seriesone.dynamo-ny.com/start-raising-funds/) works correctly]</name>
                    <title>Button with expected url (https://seriesone.dynamo-ny.com/start-raising-funds/) works correctly</title>
                    <attachments/>
                    <steps/>
                </step>
                <step start="1551976941776" stop="1551976941776" status="passed">
                    <name>log[Button with expected url (https://seriesone.dynamo-ny.com/brokerone/) works correctly]</name>
                    <title>Button with expected url (https://seriesone.dynamo-ny.com/brokerone/) works correctly</title>
                    <attachments/>
                    <steps/>
                </step>
                <step start="1551976944515" stop="1551976944515" status="passed">
                    <name>log[Button with expected url (https://seriesone.dynamo-ny.com/learn/) works correctly]</name>
                    <title>Button with expected url (https://seriesone.dynamo-ny.com/learn/) works correctly</title>
                    <attachments/>
                    <steps/>
                </step>
                <step start="1551976947378" stop="1551976947378" status="passed">
                    <name>log[Button with expected url (https://seriesone.dynamo-ny.com/digital-security-offerings/) works correctly]</name>
                    <title>Button with expected url (https://seriesone.dynamo-ny.com/digital-security-offerings/) works correctly</title>
                    <attachments/>
                    <steps/>
                </step>
            </steps>
            <attachments/>
            <labels>
                <label name="testSuite" value="Sone tests"/>
                <label name="testGroup" value="Static Pages Tests"/>
                <label name="testClass" value="UnitClassSet.StaticPages.test_TermsOfUsePage"/>
                <label name="testMethod" value="TermsOfUsePage_HeaderButtons"/>
                <label name="host" value="vprybeha-w10"/>
                <label name="thread" value="1420@vprybeha-w10.TestNG-test=Static Pages Tests-2(142)"/>
            </labels>
        </test-case>
        <test-case start="1551976952558" stop="1551976965162" status="passed">
            <name>TermsOfUsePage_SignUpAndLogin</name>
            <steps>
                <step start="1551976956436" stop="1551976956436" status="passed">
                    <name>log[Button SignUp works correctly]</name>
                    <title>Button SignUp works correctly</title>
                    <attachments/>
                    <steps/>
                </step>
                <step start="1551976958107" stop="1551976958107" status="passed">
                    <name>log[Button Login works correctly]</name>
                    <title>Button Login works correctly</title>
                    <attachments/>
                    <steps/>
                </step>
                <step start="1551976965162" stop="1551976965162" status="passed">
                    <name>log[Button Learn more works correctly]</name>
                    <title>Button Learn more works correctly</title>
                    <attachments/>
                    <steps/>
                </step>
            </steps>
            <attachments/>
            <labels>
                <label name="testSuite" value="Sone tests"/>
                <label name="testGroup" value="Static Pages Tests"/>
                <label name="testClass" value="UnitClassSet.StaticPages.test_TermsOfUsePage"/>
                <label name="testMethod" value="TermsOfUsePage_SignUpAndLogin"/>
                <label name="host" value="vprybeha-w10"/>
                <label name="thread" value="1420@vprybeha-w10.TestNG-test=Static Pages Tests-2(142)"/>
            </labels>
        </test-case>
        <test-case start="1551976969303" stop="1551976992893" status="passed">
            <name>TermsOfUsePage_SocialMediaIcons</name>
            <steps>
                <step start="1551976978983" stop="1551976978983" status="passed">
                    <name>log['LinkedIn Logo' button works fine]</name>
                    <title>'LinkedIn Logo' button works fine</title>
                    <attachments/>
                    <steps/>
                </step>
                <step start="1551976985953" stop="1551976985953" status="passed">
                    <name>log['Facebook Logo' button works fine]</name>
                    <title>'Facebook Logo' button works fine</title>
                    <attachments/>
                    <steps/>
                </step>
                <step start="1551976992893" stop="1551976992893" status="passed">
                    <name>log['Twitter Logo' button works fine]</name>
                    <title>'Twitter Logo' button works fine</title>
                    <attachments/>
                    <steps/>
                </step>
            </steps>
            <attachments/>
            <labels>
                <label name="testSuite" value="Sone tests"/>
                <label name="testGroup" value="Static Pages Tests"/>
                <label name="testClass" value="UnitClassSet.StaticPages.test_TermsOfUsePage"/>
                <label name="testMethod" value="TermsOfUsePage_SocialMediaIcons"/>
                <label name="host" value="vprybeha-w10"/>
                <label name="thread" value="1420@vprybeha-w10.TestNG-test=Static Pages Tests-2(142)"/>
            </labels>
        </test-case>
        <test-case start="1551976997032" stop="1551977001151" status="passed">
            <name>TermsOfUsePage_Title</name>
            <steps/>
            <attachments/>
            <labels>
                <label name="testSuite" value="Sone tests"/>
                <label name="testGroup" value="Static Pages Tests"/>
                <label name="testClass" value="UnitClassSet.StaticPages.test_TermsOfUsePage"/>
                <label name="testMethod" value="TermsOfUsePage_Title"/>
                <label name="host" value="vprybeha-w10"/>
                <label name="thread" value="1420@vprybeha-w10.TestNG-test=Static Pages Tests-2(142)"/>
            </labels>
        </test-case>
        <test-case start="1551977005147" stop="1551977046941" status="passed">
            <name>PrivacyPolicyPage_FooterLinks</name>
            <steps>
                <step start="1551977010703" stop="1551977010703" status="passed">
                    <name>log[Button About Us works correctly]</name>
                    <title>Button About Us works correctly</title>
                    <attachments/>
                    <steps/>
                </step>
                <step start="1551977013771" stop="1551977013771" status="passed">
                    <name>log[Button Blog works correctly]</name>
                    <title>Button Blog works correctly</title>
                    <attachments/>
                    <steps/>
                </step>
                <step start="1551977015355" stop="1551977015355" status="passed">
                    <name>log[Button Contact Us works correctly]</name>
                    <title>Button Contact Us works correctly</title>
                    <attachments/>
                    <steps/>
                </step>
                <step start="1551977027816" stop="1551977027816" status="passed">
                    <name>log[Button Browse deals works correctly]</name>
                    <title>Button Browse deals works correctly</title>
                    <attachments/>
                    <steps/>
                </step>
                <step start="1551977029771" stop="1551977029771" status="passed">
                    <name>log[Button About Investing works correctly]</name>
                    <title>Button About Investing works correctly</title>
                    <attachments/>
                    <steps/>
                </step>
                <step start="1551977031674" stop="1551977031674" status="passed">
                    <name>log[Button Investor Questions works correctly]</name>
                    <title>Button Investor Questions works correctly</title>
                    <attachments/>
                    <steps/>
                </step>
                <step start="1551977033855" stop="1551977033855" status="passed">
                    <name>log[Button Raise Funds works correctly]</name>
                    <title>Button Raise Funds works correctly</title>
                    <attachments/>
                    <steps/>
                </step>
                <step start="1551977035855" stop="1551977035855" status="passed">
                    <name>log[Button Business Questions works correctly]</name>
                    <title>Button Business Questions works correctly</title>
                    <attachments/>
                    <steps/>
                </step>
                <step start="1551977038370" stop="1551977038370" status="passed">
                    <name>log[Button License Platform works correctly]</name>
                    <title>Button License Platform works correctly</title>
                    <attachments/>
                    <steps/>
                </step>
                <step start="1551977040380" stop="1551977040380" status="passed">
                    <name>log[Button FAQs &amp; Educations works correctly]</name>
                    <title>Button FAQs &amp; Educations works correctly</title>
                    <attachments/>
                    <steps/>
                </step>
                <step start="1551977042268" stop="1551977042268" status="passed">
                    <name>log[Button Important Disclaimer works correctly]</name>
                    <title>Button Important Disclaimer works correctly</title>
                    <attachments/>
                    <steps/>
                </step>
                <step start="1551977044052" stop="1551977044053" status="passed">
                    <name>log[Button Digital Security Offerings works correctly]</name>
                    <title>Button Digital Security Offerings works correctly</title>
                    <attachments/>
                    <steps/>
                </step>
                <step start="1551977045616" stop="1551977045616" status="passed">
                    <name>log[Button Terms of Use works correctly]</name>
                    <title>Button Terms of Use works correctly</title>
                    <attachments/>
                    <steps/>
                </step>
                <step start="1551977046941" stop="1551977046941" status="passed">
                    <name>log[Button Privacy Policy works correctly]</name>
                    <title>Button Privacy Policy works correctly</title>
                    <attachments/>
                    <steps/>
                </step>
            </steps>
            <attachments/>
            <labels>
                <label name="testSuite" value="Sone tests"/>
                <label name="testGroup" value="Static Pages Tests"/>
                <label name="testClass" value="UnitClassSet.StaticPages.test_PrivacyPolicyPage"/>
                <label name="testMethod" value="PrivacyPolicyPage_FooterLinks"/>
                <label name="host" value="vprybeha-w10"/>
                <label name="thread" value="1420@vprybeha-w10.TestNG-test=Static Pages Tests-2(142)"/>
            </labels>
        </test-case>
        <test-case start="1551977050946" stop="1551977079041" status="passed">
            <name>PrivacyPolicyPage_HeaderButtons</name>
            <steps>
                <step start="1551977064003" stop="1551977064003" status="passed">
                    <name>log[Button with expected url (https://secure-seriesone.dynamo-ny.com/deals) works correctly]</name>
                    <title>Button with expected url (https://secure-seriesone.dynamo-ny.com/deals) works correctly</title>
                    <attachments/>
                    <steps/>
                </step>
                <step start="1551977067353" stop="1551977067353" status="passed">
                    <name>log[Button with expected url (https://seriesone.dynamo-ny.com/start-raising-funds/) works correctly]</name>
                    <title>Button with expected url (https://seriesone.dynamo-ny.com/start-raising-funds/) works correctly</title>
                    <attachments/>
                    <steps/>
                </step>
                <step start="1551977072034" stop="1551977072034" status="passed">
                    <name>log[Button with expected url (https://seriesone.dynamo-ny.com/brokerone/) works correctly]</name>
                    <title>Button with expected url (https://seriesone.dynamo-ny.com/brokerone/) works correctly</title>
                    <attachments/>
                    <steps/>
                </step>
                <step start="1551977075102" stop="1551977075102" status="passed">
                    <name>log[Button with expected url (https://seriesone.dynamo-ny.com/learn/) works correctly]</name>
                    <title>Button with expected url (https://seriesone.dynamo-ny.com/learn/) works correctly</title>
                    <attachments/>
                    <steps/>
                </step>
                <step start="1551977078259" stop="1551977078259" status="passed">
                    <name>log[Button with expected url (https://seriesone.dynamo-ny.com/digital-security-offerings/) works correctly]</name>
                    <title>Button with expected url (https://seriesone.dynamo-ny.com/digital-security-offerings/) works correctly</title>
                    <attachments/>
                    <steps/>
                </step>
            </steps>
            <attachments/>
            <labels>
                <label name="testSuite" value="Sone tests"/>
                <label name="testGroup" value="Static Pages Tests"/>
                <label name="testClass" value="UnitClassSet.StaticPages.test_PrivacyPolicyPage"/>
                <label name="testMethod" value="PrivacyPolicyPage_HeaderButtons"/>
                <label name="host" value="vprybeha-w10"/>
                <label name="thread" value="1420@vprybeha-w10.TestNG-test=Static Pages Tests-2(142)"/>
            </labels>
        </test-case>
        <test-case start="1551977083100" stop="1551977104120" status="passed">
            <name>PrivacyPolicyPage_SignUpAndLogin</name>
            <steps>
                <step start="1551977088964" stop="1551977088964" status="passed">
                    <name>log[Button SignUp works correctly]</name>
                    <title>Button SignUp works correctly</title>
                    <attachments/>
                    <steps/>
                </step>
                <step start="1551977090270" stop="1551977090270" status="passed">
                    <name>log[Button Login works correctly]</name>
                    <title>Button Login works correctly</title>
                    <attachments/>
                    <steps/>
                </step>
                <step start="1551977104120" stop="1551977104120" status="passed">
                    <name>log[Button Learn more works correctly]</name>
                    <title>Button Learn more works correctly</title>
                    <attachments/>
                    <steps/>
                </step>
            </steps>
            <attachments/>
            <labels>
                <label name="testSuite" value="Sone tests"/>
                <label name="testGroup" value="Static Pages Tests"/>
                <label name="testClass" value="UnitClassSet.StaticPages.test_PrivacyPolicyPage"/>
                <label name="testMethod" value="PrivacyPolicyPage_SignUpAndLogin"/>
                <label name="host" value="vprybeha-w10"/>
                <label name="thread" value="1420@vprybeha-w10.TestNG-test=Static Pages Tests-2(142)"/>
            </labels>
        </test-case>
        <test-case start="1551977108177" stop="1551977132617" status="passed">
            <name>PrivacyPolicyPage_SocialMediaIcons</name>
            <steps>
                <step start="1551977118765" stop="1551977118765" status="passed">
                    <name>log['LinkedIn Logo' button works fine]</name>
                    <title>'LinkedIn Logo' button works fine</title>
                    <attachments/>
                    <steps/>
                </step>
                <step start="1551977125637" stop="1551977125637" status="passed">
                    <name>log['Facebook Logo' button works fine]</name>
                    <title>'Facebook Logo' button works fine</title>
                    <attachments/>
                    <steps/>
                </step>
                <step start="1551977132617" stop="1551977132617" status="passed">
                    <name>log['Twitter Logo' button works fine]</name>
                    <title>'Twitter Logo' button works fine</title>
                    <attachments/>
                    <steps/>
                </step>
            </steps>
            <attachments/>
            <labels>
                <label name="testSuite" value="Sone tests"/>
                <label name="testGroup" value="Static Pages Tests"/>
                <label name="testClass" value="UnitClassSet.StaticPages.test_PrivacyPolicyPage"/>
                <label name="testMethod" value="PrivacyPolicyPage_SocialMediaIcons"/>
                <label name="host" value="vprybeha-w10"/>
                <label name="thread" value="1420@vprybeha-w10.TestNG-test=Static Pages Tests-2(142)"/>
            </labels>
        </test-case>
        <test-case start="1551977136837" stop="1551977139725" status="passed">
            <name>PrivacyPolicyPage_Title</name>
            <steps/>
            <attachments/>
            <labels>
                <label name="testSuite" value="Sone tests"/>
                <label name="testGroup" value="Static Pages Tests"/>
                <label name="testClass" value="UnitClassSet.StaticPages.test_PrivacyPolicyPage"/>
                <label name="testMethod" value="PrivacyPolicyPage_Title"/>
                <label name="host" value="vprybeha-w10"/>
                <label name="thread" value="1420@vprybeha-w10.TestNG-test=Static Pages Tests-2(142)"/>
            </labels>
        </test-case>
    </test-cases>
    <labels>
        <label name="framework" value="TestNG"/>
        <label name="language" value="JAVA"/>
    </labels>
</ns2:test-suite>
