<?xml version="1.0" encoding="UTF-8" standalone="yes"?>
<ns2:test-suite start="1549991109244" stop="1549992323405" version="1.5.4" xmlns:ns2="urn:model.allure.qatools.yandex.ru">
    <name>Sone tests : Registration</name>
    <title>Sone tests : Registration</title>
    <test-cases>
        <test-case start="1549991114382" stop="1549991382154" status="failed">
            <name>Register_EntityUS</name>
            <failure>
                <message>NewAssertError: Values don't 2345678901 match with 1234567890 for positive test</message>
                <stack-trace>SupportClasses.Exceptions.NewAssertError: Values don't 2345678901 match with 1234567890 for positive test
	at UnitClassSet.CheckAppearingError.AppearingError.EnterAndCheckValuePhone(AppearingError.java:133)
	at UnitClassSet.Registration.Registration.Third_Step_For_Entity(Registration.java:378)
	at UnitClassSet.Registration.Registration.ThirdStep(Registration.java:256)
	at UnitClassSet.Registration.Registration.Register(Registration.java:69)
	at UnitClassSet.Registration.test_RegistrationAllTypes.Register_EntityUS(test_RegistrationAllTypes.java:34)
	at sun.reflect.NativeMethodAccessorImpl.invoke0(Native Method)
	at sun.reflect.NativeMethodAccessorImpl.invoke(NativeMethodAccessorImpl.java:62)
	at sun.reflect.DelegatingMethodAccessorImpl.invoke(DelegatingMethodAccessorImpl.java:43)
	at java.lang.reflect.Method.invoke(Method.java:498)
	at org.testng.internal.MethodInvocationHelper.invokeMethod(MethodInvocationHelper.java:124)
	at org.testng.internal.Invoker.invokeMethod(Invoker.java:583)
	at org.testng.internal.Invoker.invokeTestMethod(Invoker.java:719)
	at org.testng.internal.Invoker.invokeTestMethods(Invoker.java:989)
	at org.testng.internal.TestMethodWorker.invokeTestMethods(TestMethodWorker.java:125)
	at org.testng.internal.TestMethodWorker.run(TestMethodWorker.java:109)
	at java.util.concurrent.ThreadPoolExecutor.runWorker(ThreadPoolExecutor.java:1149)
	at java.util.concurrent.ThreadPoolExecutor$Worker.run(ThreadPoolExecutor.java:624)
	at java.lang.Thread.run(Thread.java:748)
</stack-trace>
            </failure>
            <steps>
                <step start="1549991122161" stop="1549991122163" status="passed">
                    <name>log[Registration starts]</name>
                    <title>Registration starts</title>
                </step>
                <step start="1549991124356" stop="1549991124356" status="passed">
                    <name>log[First step]</name>
                    <title>First step</title>
                </step>
                <step start="1549991206983" stop="1549991206983" status="passed">
                    <name>log[Second step]</name>
                    <title>Second step</title>
                </step>
                <step start="1549991212830" stop="1549991212830" status="passed">
                    <name>log[Third step]</name>
                    <title>Third step</title>
                </step>
            </steps>
            <attachments>
                <attachment title="makeScreenshot" source="28ef4c3a-e987-4823-9564-fd493556c78b-attachment.png" type="image/png"/>
            </attachments>
            <labels>
                <label name="testSuite" value="Sone tests"/>
                <label name="testGroup" value="Registration"/>
                <label name="testClass" value="UnitClassSet.Registration.test_RegistrationAllTypes"/>
                <label name="testMethod" value="Register_EntityUS"/>
                <label name="host" value="vprybeha-w10"/>
                <label name="thread" value="16012@vprybeha-w10.TestNG-test=Registration-1(14)"/>
            </labels>
        </test-case>
        <test-case start="1549991385986" stop="1549991436497" status="broken">
            <name>Register_EntitynoUS</name>
            <failure>
                <message>WebDriverException: unknown error: Element &lt;input type="email" id="registration_investor_email" name="registration_investor[email]" required="required" autocomplete="off" class="form-control" value="prybeha"&gt; is not clickable at point (756, 449). Other element would receive the click: &lt;div class="flex-center"&gt;...&lt;/div&gt;
  (Session info: chrome=72.0.3626.96)
  (Driver info: chromedriver=2.46.628402 (536cd7adbad73a3783fdc2cab92ab2ba7ec361e1),platform=Windows NT 10.0.17763 x86_64) (WARNING: The server did not provide any stacktrace information)
Command duration or timeout: 0 milliseconds
Build info: version: '3.14.0', revision: 'aacccce0', time: '2018-08-02T20:19:58.91Z'
System info: host: 'VPRYBEHA-W10', ip: '10.91.130.226', os.name: 'Windows 10', os.arch: 'amd64', os.version: '10.0', java.version: '1.8.0_191'
Driver info: org.openqa.selenium.chrome.ChromeDriver
Capabilities {acceptInsecureCerts: false, acceptSslCerts: false, applicationCacheEnabled: false, browserConnectionEnabled: false, browserName: chrome, chrome: {chromedriverVersion: 2.46.628402 (536cd7adbad73a..., userDataDir: C:\Users\vprybeha\AppData\L...}, cssSelectorsEnabled: true, databaseEnabled: false, goog:chromeOptions: {debuggerAddress: localhost:53319}, handlesAlerts: true, hasTouchScreen: false, javascriptEnabled: true, locationContextEnabled: true, mobileEmulationEnabled: false, nativeEvents: true, networkConnectionEnabled: false, pageLoadStrategy: normal, platform: XP, platformName: XP, proxy: Proxy(), rotatable: false, setWindowRect: true, strictFileInteractability: false, takesHeapSnapshot: true, takesScreenshot: true, timeouts: {implicit: 0, pageLoad: 300000, script: 30000}, unexpectedAlertBehaviour: ignore, unhandledPromptBehavior: ignore, version: 72.0.3626.96, webStorageEnabled: true}
Session ID: b97b50526090477c7025913da96fcdb7</message>
                <stack-trace>org.openqa.selenium.WebDriverException: unknown error: Element &lt;input type="email" id="registration_investor_email" name="registration_investor[email]" required="required" autocomplete="off" class="form-control" value="prybeha"&gt; is not clickable at point (756, 449). Other element would receive the click: &lt;div class="flex-center"&gt;...&lt;/div&gt;
  (Session info: chrome=72.0.3626.96)
  (Driver info: chromedriver=2.46.628402 (536cd7adbad73a3783fdc2cab92ab2ba7ec361e1),platform=Windows NT 10.0.17763 x86_64) (WARNING: The server did not provide any stacktrace information)
Command duration or timeout: 0 milliseconds
Build info: version: '3.14.0', revision: 'aacccce0', time: '2018-08-02T20:19:58.91Z'
System info: host: 'VPRYBEHA-W10', ip: '10.91.130.226', os.name: 'Windows 10', os.arch: 'amd64', os.version: '10.0', java.version: '1.8.0_191'
Driver info: org.openqa.selenium.chrome.ChromeDriver
Capabilities {acceptInsecureCerts: false, acceptSslCerts: false, applicationCacheEnabled: false, browserConnectionEnabled: false, browserName: chrome, chrome: {chromedriverVersion: 2.46.628402 (536cd7adbad73a..., userDataDir: C:\Users\vprybeha\AppData\L...}, cssSelectorsEnabled: true, databaseEnabled: false, goog:chromeOptions: {debuggerAddress: localhost:53319}, handlesAlerts: true, hasTouchScreen: false, javascriptEnabled: true, locationContextEnabled: true, mobileEmulationEnabled: false, nativeEvents: true, networkConnectionEnabled: false, pageLoadStrategy: normal, platform: XP, platformName: XP, proxy: Proxy(), rotatable: false, setWindowRect: true, strictFileInteractability: false, takesHeapSnapshot: true, takesScreenshot: true, timeouts: {implicit: 0, pageLoad: 300000, script: 30000}, unexpectedAlertBehaviour: ignore, unhandledPromptBehavior: ignore, version: 72.0.3626.96, webStorageEnabled: true}
Session ID: b97b50526090477c7025913da96fcdb7
	at sun.reflect.NativeConstructorAccessorImpl.newInstance0(Native Method)
	at sun.reflect.NativeConstructorAccessorImpl.newInstance(NativeConstructorAccessorImpl.java:62)
	at sun.reflect.DelegatingConstructorAccessorImpl.newInstance(DelegatingConstructorAccessorImpl.java:45)
	at java.lang.reflect.Constructor.newInstance(Constructor.java:423)
	at org.openqa.selenium.remote.ErrorHandler.createThrowable(ErrorHandler.java:214)
	at org.openqa.selenium.remote.ErrorHandler.throwIfResponseFailed(ErrorHandler.java:166)
	at org.openqa.selenium.remote.http.JsonHttpResponseCodec.reconstructValue(JsonHttpResponseCodec.java:40)
	at org.openqa.selenium.remote.http.AbstractHttpResponseCodec.decode(AbstractHttpResponseCodec.java:80)
	at org.openqa.selenium.remote.http.AbstractHttpResponseCodec.decode(AbstractHttpResponseCodec.java:44)
	at org.openqa.selenium.remote.HttpCommandExecutor.execute(HttpCommandExecutor.java:158)
	at org.openqa.selenium.remote.service.DriverCommandExecutor.execute(DriverCommandExecutor.java:83)
	at org.openqa.selenium.remote.RemoteWebDriver.execute(RemoteWebDriver.java:548)
	at org.openqa.selenium.remote.RemoteWebElement.execute(RemoteWebElement.java:276)
	at org.openqa.selenium.remote.RemoteWebElement.click(RemoteWebElement.java:83)
	at UnitClassSet.Field.EnterValue(Field.java:19)
	at UnitClassSet.CheckAppearingError.AppearingError.EmailErrorCheck(AppearingError.java:51)
	at UnitClassSet.Registration.Registration.FirstStep(Registration.java:137)
	at UnitClassSet.Registration.Registration.Register(Registration.java:54)
	at UnitClassSet.Registration.test_RegistrationAllTypes.Register_EntitynoUS(test_RegistrationAllTypes.java:39)
	at sun.reflect.NativeMethodAccessorImpl.invoke0(Native Method)
	at sun.reflect.NativeMethodAccessorImpl.invoke(NativeMethodAccessorImpl.java:62)
	at sun.reflect.DelegatingMethodAccessorImpl.invoke(DelegatingMethodAccessorImpl.java:43)
	at java.lang.reflect.Method.invoke(Method.java:498)
	at org.testng.internal.MethodInvocationHelper.invokeMethod(MethodInvocationHelper.java:124)
	at org.testng.internal.Invoker.invokeMethod(Invoker.java:583)
	at org.testng.internal.Invoker.invokeTestMethod(Invoker.java:719)
	at org.testng.internal.Invoker.invokeTestMethods(Invoker.java:989)
	at org.testng.internal.TestMethodWorker.invokeTestMethods(TestMethodWorker.java:125)
	at org.testng.internal.TestMethodWorker.run(TestMethodWorker.java:109)
	at java.util.concurrent.ThreadPoolExecutor.runWorker(ThreadPoolExecutor.java:1149)
	at java.util.concurrent.ThreadPoolExecutor$Worker.run(ThreadPoolExecutor.java:624)
	at java.lang.Thread.run(Thread.java:748)
</stack-trace>
            </failure>
            <steps>
                <step start="1549991395377" stop="1549991395377" status="passed">
                    <name>log[Registration starts]</name>
                    <title>Registration starts</title>
                </step>
                <step start="1549991397562" stop="1549991397562" status="passed">
                    <name>log[First step]</name>
                    <title>First step</title>
                </step>
            </steps>
            <attachments>
                <attachment title="makeScreenshot" source="6dd3f44d-14af-4a5e-a97b-8e6150862f00-attachment.png" type="image/png"/>
            </attachments>
            <labels>
                <label name="testSuite" value="Sone tests"/>
                <label name="testGroup" value="Registration"/>
                <label name="testClass" value="UnitClassSet.Registration.test_RegistrationAllTypes"/>
                <label name="testMethod" value="Register_EntitynoUS"/>
                <label name="host" value="vprybeha-w10"/>
                <label name="thread" value="16012@vprybeha-w10.TestNG-test=Registration-1(14)"/>
            </labels>
        </test-case>
        <test-case start="1549991440458" stop="1549991728047" status="passed">
            <name>Register_IndividualUS</name>
            <steps>
                <step start="1549991448899" stop="1549991448899" status="passed">
                    <name>log[Registration starts]</name>
                    <title>Registration starts</title>
                    <attachments/>
                    <steps/>
                </step>
                <step start="1549991451047" stop="1549991451047" status="passed">
                    <name>log[First step]</name>
                    <title>First step</title>
                    <attachments/>
                    <steps/>
                </step>
                <step start="1549991533478" stop="1549991533478" status="passed">
                    <name>log[Second step]</name>
                    <title>Second step</title>
                    <attachments/>
                    <steps/>
                </step>
                <step start="1549991540525" stop="1549991540525" status="passed">
                    <name>log[Third step]</name>
                    <title>Third step</title>
                    <attachments/>
                    <steps/>
                </step>
                <step start="1549991719305" stop="1549991719305" status="passed">
                    <name>log[Registration finished]</name>
                    <title>Registration finished</title>
                    <attachments/>
                    <steps/>
                </step>
                <step start="1549991723877" stop="1549991723877" status="passed">
                    <name>log[Login]</name>
                    <title>Login</title>
                    <attachments/>
                    <steps/>
                </step>
            </steps>
            <attachments/>
            <labels>
                <label name="testSuite" value="Sone tests"/>
                <label name="testGroup" value="Registration"/>
                <label name="testClass" value="UnitClassSet.Registration.test_RegistrationAllTypes"/>
                <label name="testMethod" value="Register_IndividualUS"/>
                <label name="host" value="vprybeha-w10"/>
                <label name="thread" value="16012@vprybeha-w10.TestNG-test=Registration-1(14)"/>
            </labels>
        </test-case>
        <test-case start="1549991731573" stop="1549992046921" status="passed">
            <name>Register_IndividualUSnoAccredited</name>
            <steps>
                <step start="1549991741545" stop="1549991741545" status="passed">
                    <name>log[Registration starts]</name>
                    <title>Registration starts</title>
                    <attachments/>
                    <steps/>
                </step>
                <step start="1549991743716" stop="1549991743716" status="passed">
                    <name>log[First step]</name>
                    <title>First step</title>
                    <attachments/>
                    <steps/>
                </step>
                <step start="1549991826301" stop="1549991826301" status="passed">
                    <name>log[Second step]</name>
                    <title>Second step</title>
                    <attachments/>
                    <steps/>
                </step>
                <step start="1549991858830" stop="1549991858830" status="passed">
                    <name>log[Third step]</name>
                    <title>Third step</title>
                    <attachments/>
                    <steps/>
                </step>
                <step start="1549992038178" stop="1549992038178" status="passed">
                    <name>log[Registration finished]</name>
                    <title>Registration finished</title>
                    <attachments/>
                    <steps/>
                </step>
                <step start="1549992043097" stop="1549992043097" status="passed">
                    <name>log[Login]</name>
                    <title>Login</title>
                    <attachments/>
                    <steps/>
                </step>
            </steps>
            <attachments/>
            <labels>
                <label name="testSuite" value="Sone tests"/>
                <label name="testGroup" value="Registration"/>
                <label name="testClass" value="UnitClassSet.Registration.test_RegistrationAllTypes"/>
                <label name="testMethod" value="Register_IndividualUSnoAccredited"/>
                <label name="host" value="vprybeha-w10"/>
                <label name="thread" value="16012@vprybeha-w10.TestNG-test=Registration-1(14)"/>
            </labels>
        </test-case>
        <test-case start="1549992050315" stop="1549992323360" status="passed">
            <name>Register_IndividualnoUS</name>
            <steps>
                <step start="1549992057148" stop="1549992057148" status="passed">
                    <name>log[Registration starts]</name>
                    <title>Registration starts</title>
                    <attachments/>
                    <steps/>
                </step>
                <step start="1549992059367" stop="1549992059367" status="passed">
                    <name>log[First step]</name>
                    <title>First step</title>
                    <attachments/>
                    <steps/>
                </step>
                <step start="1549992141230" stop="1549992141230" status="passed">
                    <name>log[Second step]</name>
                    <title>Second step</title>
                    <attachments/>
                    <steps/>
                </step>
                <step start="1549992147955" stop="1549992147955" status="passed">
                    <name>log[Third step]</name>
                    <title>Third step</title>
                    <attachments/>
                    <steps/>
                </step>
                <step start="1549992315754" stop="1549992315754" status="passed">
                    <name>log[Registration finished]</name>
                    <title>Registration finished</title>
                    <attachments/>
                    <steps/>
                </step>
                <step start="1549992320051" stop="1549992320051" status="passed">
                    <name>log[Login]</name>
                    <title>Login</title>
                    <attachments/>
                    <steps/>
                </step>
            </steps>
            <attachments/>
            <labels>
                <label name="testSuite" value="Sone tests"/>
                <label name="testGroup" value="Registration"/>
                <label name="testClass" value="UnitClassSet.Registration.test_RegistrationAllTypes"/>
                <label name="testMethod" value="Register_IndividualnoUS"/>
                <label name="host" value="vprybeha-w10"/>
                <label name="thread" value="16012@vprybeha-w10.TestNG-test=Registration-1(14)"/>
            </labels>
        </test-case>
    </test-cases>
    <labels>
        <label name="framework" value="TestNG"/>
        <label name="language" value="JAVA"/>
    </labels>
</ns2:test-suite>
